Vivado Simulator 2016.1
Time resolution is 1 ps
Failure: TEST FALLITO @ OFFSET=41 expected= 11 actual=0
Time: 2981250 ns  Iteration: 0  Process: /tb2425/test_routine  File: C:/Users/Nicky/Desktop/POLIMI/Corsi/Prove Finali/RL/TestBenches/tb2425.vhd
$finish called at time : 2981250 ns : File "C:/Users/Nicky/Desktop/POLIMI/Corsi/Prove Finali/RL/TestBenches/tb2425.vhd" Line 197
Stopped at time : 10 ns : File "C:/Users/Nicky/Desktop/POLIMI/Corsi/Prove Finali/RL/project_reti_logiche/project_reti_logiche.srcs/sources_1/new/project_reti_logiche.vhd" Line 170
Stopped at time : 10 ns : File "C:/Users/Nicky/Desktop/POLIMI/Corsi/Prove Finali/RL/project_reti_logiche/project_reti_logiche.srcs/sources_1/new/project_reti_logiche.vhd" Line 171
Stopped at time : 10 ns : File "C:/Users/Nicky/Desktop/POLIMI/Corsi/Prove Finali/RL/TestBenches/tb2425.vhd" Line 84
Stopped at time : 10 ns : File "C:/Users/Nicky/Desktop/POLIMI/Corsi/Prove Finali/RL/TestBenches/tb2425.vhd" Line 89
Stopped at time : 10 ns : File "C:/Users/Nicky/Desktop/POLIMI/Corsi/Prove Finali/RL/TestBenches/tb2425.vhd" Line 90
Stopped at time : 10 ns : File "C:/Users/Nicky/Desktop/POLIMI/Corsi/Prove Finali/RL/TestBenches/tb2425.vhd" Line 108
Stopped at time : 10 ns : File "C:/Users/Nicky/Desktop/POLIMI/Corsi/Prove Finali/RL/TestBenches/tb2425.vhd" Line 109
Stopped at time : 10 ns : File "C:/Users/Nicky/Desktop/POLIMI/Corsi/Prove Finali/RL/TestBenches/tb2425.vhd" Line 110
Stopped at time : 10 ns : File "C:/Users/Nicky/Desktop/POLIMI/Corsi/Prove Finali/RL/TestBenches/tb2425.vhd" Line 111
Stopped at time : 10 ns : File "C:/Users/Nicky/Desktop/POLIMI/Corsi/Prove Finali/RL/TestBenches/tb2425.vhd" Line 113
Stopped at time : 20 ns : File "C:/Users/Nicky/Desktop/POLIMI/Corsi/Prove Finali/RL/project_reti_logiche/project_reti_logiche.srcs/sources_1/new/project_reti_logiche.vhd" Line 75
Stopped at time : 20 ns : File "C:/Users/Nicky/Desktop/POLIMI/Corsi/Prove Finali/RL/project_reti_logiche/project_reti_logiche.srcs/sources_1/new/project_reti_logiche.vhd" Line 77
Stopped at time : 20 ns : File "C:/Users/Nicky/Desktop/POLIMI/Corsi/Prove Finali/RL/project_reti_logiche/project_reti_logiche.srcs/sources_1/new/project_reti_logiche.vhd" Line 135
Stopped at time : 20 ns : File "C:/Users/Nicky/Desktop/POLIMI/Corsi/Prove Finali/RL/project_reti_logiche/project_reti_logiche.srcs/sources_1/new/project_reti_logiche.vhd" Line 162
Stopped at time : 20 ns : File "C:/Users/Nicky/Desktop/POLIMI/Corsi/Prove Finali/RL/TestBenches/tb2425.vhd" Line 84
Stopped at time : 20 ns : File "C:/Users/Nicky/Desktop/POLIMI/Corsi/Prove Finali/RL/TestBenches/tb2425.vhd" Line 89
Stopped at time : 30 ns : File "C:/Users/Nicky/Desktop/POLIMI/Corsi/Prove Finali/RL/project_reti_logiche/project_reti_logiche.srcs/sources_1/new/project_reti_logiche.vhd" Line 75
Stopped at time : 30 ns : File "C:/Users/Nicky/Desktop/POLIMI/Corsi/Prove Finali/RL/project_reti_logiche/project_reti_logiche.srcs/sources_1/new/project_reti_logiche.vhd" Line 77
Stopped at time : 30 ns : File "C:/Users/Nicky/Desktop/POLIMI/Corsi/Prove Finali/RL/project_reti_logiche/project_reti_logiche.srcs/sources_1/new/project_reti_logiche.vhd" Line 78
Stopped at time : 30 ns : File "C:/Users/Nicky/Desktop/POLIMI/Corsi/Prove Finali/RL/project_reti_logiche/project_reti_logiche.srcs/sources_1/new/project_reti_logiche.vhd" Line 135
Stopped at time : 30 ns : File "C:/Users/Nicky/Desktop/POLIMI/Corsi/Prove Finali/RL/project_reti_logiche/project_reti_logiche.srcs/sources_1/new/project_reti_logiche.vhd" Line 162
Stopped at time : 30 ns : File "C:/Users/Nicky/Desktop/POLIMI/Corsi/Prove Finali/RL/project_reti_logiche/project_reti_logiche.srcs/sources_1/new/project_reti_logiche.vhd" Line 164
Stopped at time : 30 ns : File "C:/Users/Nicky/Desktop/POLIMI/Corsi/Prove Finali/RL/project_reti_logiche/project_reti_logiche.srcs/sources_1/new/project_reti_logiche.vhd" Line 165
Stopped at time : 30 ns : File "C:/Users/Nicky/Desktop/POLIMI/Corsi/Prove Finali/RL/project_reti_logiche/project_reti_logiche.srcs/sources_1/new/project_reti_logiche.vhd" Line 167
Stopped at time : 30 ns : File "C:/Users/Nicky/Desktop/POLIMI/Corsi/Prove Finali/RL/project_reti_logiche/project_reti_logiche.srcs/sources_1/new/project_reti_logiche.vhd" Line 170
Stopped at time : 30 ns : File "C:/Users/Nicky/Desktop/POLIMI/Corsi/Prove Finali/RL/project_reti_logiche/project_reti_logiche.srcs/sources_1/new/project_reti_logiche.vhd" Line 171
Stopped at time : 30 ns : File "C:/Users/Nicky/Desktop/POLIMI/Corsi/Prove Finali/RL/TestBenches/tb2425.vhd" Line 84
Stopped at time : 30 ns : File "C:/Users/Nicky/Desktop/POLIMI/Corsi/Prove Finali/RL/TestBenches/tb2425.vhd" Line 89
Stopped at time : 50 ns : File "C:/Users/Nicky/Desktop/POLIMI/Corsi/Prove Finali/RL/project_reti_logiche/project_reti_logiche.srcs/sources_1/new/project_reti_logiche.vhd" Line 170
Stopped at time : 110 ns : File "C:/Users/Nicky/Desktop/POLIMI/Corsi/Prove Finali/RL/project_reti_logiche/project_reti_logiche.srcs/sources_1/new/project_reti_logiche.vhd" Line 170
Stopped at time : 130 ns : File "C:/Users/Nicky/Desktop/POLIMI/Corsi/Prove Finali/RL/project_reti_logiche/project_reti_logiche.srcs/sources_1/new/project_reti_logiche.vhd" Line 170
Stopped at time : 130 ns : File "C:/Users/Nicky/Desktop/POLIMI/Corsi/Prove Finali/RL/project_reti_logiche/project_reti_logiche.srcs/sources_1/new/project_reti_logiche.vhd" Line 171
Stopped at time : 150 ns : File "C:/Users/Nicky/Desktop/POLIMI/Corsi/Prove Finali/RL/project_reti_logiche/project_reti_logiche.srcs/sources_1/new/project_reti_logiche.vhd" Line 170
Stopped at time : 170 ns : File "C:/Users/Nicky/Desktop/POLIMI/Corsi/Prove Finali/RL/project_reti_logiche/project_reti_logiche.srcs/sources_1/new/project_reti_logiche.vhd" Line 170
Stopped at time : 190 ns : File "C:/Users/Nicky/Desktop/POLIMI/Corsi/Prove Finali/RL/project_reti_logiche/project_reti_logiche.srcs/sources_1/new/project_reti_logiche.vhd" Line 170
Stopped at time : 210 ns : File "C:/Users/Nicky/Desktop/POLIMI/Corsi/Prove Finali/RL/project_reti_logiche/project_reti_logiche.srcs/sources_1/new/project_reti_logiche.vhd" Line 170
Stopped at time : 230 ns : File "C:/Users/Nicky/Desktop/POLIMI/Corsi/Prove Finali/RL/project_reti_logiche/project_reti_logiche.srcs/sources_1/new/project_reti_logiche.vhd" Line 170
Stopped at time : 250 ns : File "C:/Users/Nicky/Desktop/POLIMI/Corsi/Prove Finali/RL/project_reti_logiche/project_reti_logiche.srcs/sources_1/new/project_reti_logiche.vhd" Line 170
Stopped at time : 270 ns : File "C:/Users/Nicky/Desktop/POLIMI/Corsi/Prove Finali/RL/project_reti_logiche/project_reti_logiche.srcs/sources_1/new/project_reti_logiche.vhd" Line 170
Stopped at time : 290 ns : File "C:/Users/Nicky/Desktop/POLIMI/Corsi/Prove Finali/RL/project_reti_logiche/project_reti_logiche.srcs/sources_1/new/project_reti_logiche.vhd" Line 170
Stopped at time : 310 ns : File "C:/Users/Nicky/Desktop/POLIMI/Corsi/Prove Finali/RL/project_reti_logiche/project_reti_logiche.srcs/sources_1/new/project_reti_logiche.vhd" Line 170
Stopped at time : 330 ns : File "C:/Users/Nicky/Desktop/POLIMI/Corsi/Prove Finali/RL/project_reti_logiche/project_reti_logiche.srcs/sources_1/new/project_reti_logiche.vhd" Line 170
Stopped at time : 950 ns : File "C:/Users/Nicky/Desktop/POLIMI/Corsi/Prove Finali/RL/project_reti_logiche/project_reti_logiche.srcs/sources_1/new/project_reti_logiche.vhd" Line 172
Stopped at time : 950 ns : File "C:/Users/Nicky/Desktop/POLIMI/Corsi/Prove Finali/RL/project_reti_logiche/project_reti_logiche.srcs/sources_1/new/project_reti_logiche.vhd" Line 173
Stopped at time : 950 ns : File "C:/Users/Nicky/Desktop/POLIMI/Corsi/Prove Finali/RL/project_reti_logiche/project_reti_logiche.srcs/sources_1/new/project_reti_logiche.vhd" Line 174
Stopped at time : 950 ns : File "C:/Users/Nicky/Desktop/POLIMI/Corsi/Prove Finali/RL/project_reti_logiche/project_reti_logiche.srcs/sources_1/new/project_reti_logiche.vhd" Line 175
Stopped at time : 950 ns : File "C:/Users/Nicky/Desktop/POLIMI/Corsi/Prove Finali/RL/TestBenches/tb2425.vhd" Line 84
Stopped at time : 950 ns : File "C:/Users/Nicky/Desktop/POLIMI/Corsi/Prove Finali/RL/TestBenches/tb2425.vhd" Line 89
Stopped at time : 950 ns : File "C:/Users/Nicky/Desktop/POLIMI/Corsi/Prove Finali/RL/TestBenches/tb2425.vhd" Line 90
Stopped at time : 950 ns : File "C:/Users/Nicky/Desktop/POLIMI/Corsi/Prove Finali/RL/TestBenches/tb2425.vhd" Line 165
Stopped at time : 950 ns : File "C:/Users/Nicky/Desktop/POLIMI/Corsi/Prove Finali/RL/TestBenches/tb2425.vhd" Line 191
Stopped at time : 950 ns : File "C:/Users/Nicky/Desktop/POLIMI/Corsi/Prove Finali/RL/project_reti_logiche/project_reti_logiche.srcs/sources_1/new/project_reti_logiche.vhd" Line 86
Stopped at time : 950 ns : File "C:/Users/Nicky/Desktop/POLIMI/Corsi/Prove Finali/RL/project_reti_logiche/project_reti_logiche.srcs/sources_1/new/project_reti_logiche.vhd" Line 88
Stopped at time : 950 ns : File "C:/Users/Nicky/Desktop/POLIMI/Corsi/Prove Finali/RL/project_reti_logiche/project_reti_logiche.srcs/sources_1/new/project_reti_logiche.vhd" Line 95
Stopped at time : 950 ns : File "C:/Users/Nicky/Desktop/POLIMI/Corsi/Prove Finali/RL/TestBenches/tb2425.vhd" Line 108
Stopped at time : 950 ns : File "C:/Users/Nicky/Desktop/POLIMI/Corsi/Prove Finali/RL/TestBenches/tb2425.vhd" Line 109
Stopped at time : 950 ns : File "C:/Users/Nicky/Desktop/POLIMI/Corsi/Prove Finali/RL/TestBenches/tb2425.vhd" Line 110
Stopped at time : 950 ns : File "C:/Users/Nicky/Desktop/POLIMI/Corsi/Prove Finali/RL/TestBenches/tb2425.vhd" Line 111
Stopped at time : 950 ns : File "C:/Users/Nicky/Desktop/POLIMI/Corsi/Prove Finali/RL/TestBenches/tb2425.vhd" Line 113
Stopped at time : 950 ns : File "C:/Users/Nicky/Desktop/POLIMI/Corsi/Prove Finali/RL/TestBenches/tb2425.vhd" Line 114
Stopped at time : 950 ns : File "C:/Users/Nicky/Desktop/POLIMI/Corsi/Prove Finali/RL/TestBenches/tb2425.vhd" Line 115
Stopped at time : 950 ns : File "C:/Users/Nicky/Desktop/POLIMI/Corsi/Prove Finali/RL/TestBenches/tb2425.vhd" Line 116
Stopped at time : 950 ns : File "C:/Users/Nicky/Desktop/POLIMI/Corsi/Prove Finali/RL/TestBenches/tb2425.vhd" Line 117
Stopped at time : 960 ns : File "C:/Users/Nicky/Desktop/POLIMI/Corsi/Prove Finali/RL/project_reti_logiche/project_reti_logiche.srcs/sources_1/new/project_reti_logiche.vhd" Line 75
Stopped at time : 960 ns : File "C:/Users/Nicky/Desktop/POLIMI/Corsi/Prove Finali/RL/project_reti_logiche/project_reti_logiche.srcs/sources_1/new/project_reti_logiche.vhd" Line 77
Stopped at time : 960 ns : File "C:/Users/Nicky/Desktop/POLIMI/Corsi/Prove Finali/RL/project_reti_logiche/project_reti_logiche.srcs/sources_1/new/project_reti_logiche.vhd" Line 135
Stopped at time : 960 ns : File "C:/Users/Nicky/Desktop/POLIMI/Corsi/Prove Finali/RL/project_reti_logiche/project_reti_logiche.srcs/sources_1/new/project_reti_logiche.vhd" Line 162
Stopped at time : 960 ns : File "C:/Users/Nicky/Desktop/POLIMI/Corsi/Prove Finali/RL/TestBenches/tb2425.vhd" Line 84
Stopped at time : 960 ns : File "C:/Users/Nicky/Desktop/POLIMI/Corsi/Prove Finali/RL/TestBenches/tb2425.vhd" Line 89
Stopped at time : 970 ns : File "C:/Users/Nicky/Desktop/POLIMI/Corsi/Prove Finali/RL/project_reti_logiche/project_reti_logiche.srcs/sources_1/new/project_reti_logiche.vhd" Line 75
Stopped at time : 970 ns : File "C:/Users/Nicky/Desktop/POLIMI/Corsi/Prove Finali/RL/project_reti_logiche/project_reti_logiche.srcs/sources_1/new/project_reti_logiche.vhd" Line 77
Stopped at time : 970 ns : File "C:/Users/Nicky/Desktop/POLIMI/Corsi/Prove Finali/RL/project_reti_logiche/project_reti_logiche.srcs/sources_1/new/project_reti_logiche.vhd" Line 78
Stopped at time : 970 ns : File "C:/Users/Nicky/Desktop/POLIMI/Corsi/Prove Finali/RL/project_reti_logiche/project_reti_logiche.srcs/sources_1/new/project_reti_logiche.vhd" Line 135
Stopped at time : 970 ns : File "C:/Users/Nicky/Desktop/POLIMI/Corsi/Prove Finali/RL/project_reti_logiche/project_reti_logiche.srcs/sources_1/new/project_reti_logiche.vhd" Line 162
Stopped at time : 970 ns : File "C:/Users/Nicky/Desktop/POLIMI/Corsi/Prove Finali/RL/project_reti_logiche/project_reti_logiche.srcs/sources_1/new/project_reti_logiche.vhd" Line 164
Stopped at time : 970 ns : File "C:/Users/Nicky/Desktop/POLIMI/Corsi/Prove Finali/RL/project_reti_logiche/project_reti_logiche.srcs/sources_1/new/project_reti_logiche.vhd" Line 165
Stopped at time : 970 ns : File "C:/Users/Nicky/Desktop/POLIMI/Corsi/Prove Finali/RL/project_reti_logiche/project_reti_logiche.srcs/sources_1/new/project_reti_logiche.vhd" Line 167
Stopped at time : 970 ns : File "C:/Users/Nicky/Desktop/POLIMI/Corsi/Prove Finali/RL/project_reti_logiche/project_reti_logiche.srcs/sources_1/new/project_reti_logiche.vhd" Line 180
Stopped at time : 120 ns : File "C:/Users/Nicky/Desktop/POLIMI/Corsi/Prove Finali/RL/TestBenches/tb2425.vhd" Line 140
Stopped at time : 120 ns : File "C:/Users/Nicky/Desktop/POLIMI/Corsi/Prove Finali/RL/TestBenches/tb2425.vhd" Line 141
Stopped at time : 120 ns : File "C:/Users/Nicky/Desktop/POLIMI/Corsi/Prove Finali/RL/TestBenches/tb2425.vhd" Line 142
Stopped at time : 120 ns : File "C:/Users/Nicky/Desktop/POLIMI/Corsi/Prove Finali/RL/TestBenches/tb2425.vhd" Line 143
Stopped at time : 120 ns : File "C:/Users/Nicky/Desktop/POLIMI/Corsi/Prove Finali/RL/TestBenches/tb2425.vhd" Line 144
Stopped at time : 120 ns : File "C:/Users/Nicky/Desktop/POLIMI/Corsi/Prove Finali/RL/TestBenches/tb2425.vhd" Line 145
Stopped at time : 120 ns : File "C:/Users/Nicky/Desktop/POLIMI/Corsi/Prove Finali/RL/TestBenches/tb2425.vhd" Line 186
Stopped at time : 120 ns : File "C:/Users/Nicky/Desktop/POLIMI/Corsi/Prove Finali/RL/TestBenches/tb2425.vhd" Line 188
Stopped at time : 120 ns : File "C:/Users/Nicky/Desktop/POLIMI/Corsi/Prove Finali/RL/TestBenches/tb2425.vhd" Line 108
Stopped at time : 120 ns : File "C:/Users/Nicky/Desktop/POLIMI/Corsi/Prove Finali/RL/TestBenches/tb2425.vhd" Line 109
Stopped at time : 120 ns : File "C:/Users/Nicky/Desktop/POLIMI/Corsi/Prove Finali/RL/TestBenches/tb2425.vhd" Line 110
Stopped at time : 120 ns : File "C:/Users/Nicky/Desktop/POLIMI/Corsi/Prove Finali/RL/TestBenches/tb2425.vhd" Line 111
Stopped at time : 120 ns : File "C:/Users/Nicky/Desktop/POLIMI/Corsi/Prove Finali/RL/TestBenches/tb2425.vhd" Line 113
Stopped at time : 130 ns : File "C:/Users/Nicky/Desktop/POLIMI/Corsi/Prove Finali/RL/project_reti_logiche/project_reti_logiche.srcs/sources_1/new/project_reti_logiche.vhd" Line 75
Stopped at time : 130 ns : File "C:/Users/Nicky/Desktop/POLIMI/Corsi/Prove Finali/RL/project_reti_logiche/project_reti_logiche.srcs/sources_1/new/project_reti_logiche.vhd" Line 77
Stopped at time : 130 ns : File "C:/Users/Nicky/Desktop/POLIMI/Corsi/Prove Finali/RL/project_reti_logiche/project_reti_logiche.srcs/sources_1/new/project_reti_logiche.vhd" Line 78
Stopped at time : 130 ns : File "C:/Users/Nicky/Desktop/POLIMI/Corsi/Prove Finali/RL/project_reti_logiche/project_reti_logiche.srcs/sources_1/new/project_reti_logiche.vhd" Line 135
Stopped at time : 130 ns : File "C:/Users/Nicky/Desktop/POLIMI/Corsi/Prove Finali/RL/project_reti_logiche/project_reti_logiche.srcs/sources_1/new/project_reti_logiche.vhd" Line 162
Stopped at time : 130 ns : File "C:/Users/Nicky/Desktop/POLIMI/Corsi/Prove Finali/RL/project_reti_logiche/project_reti_logiche.srcs/sources_1/new/project_reti_logiche.vhd" Line 164
Stopped at time : 130 ns : File "C:/Users/Nicky/Desktop/POLIMI/Corsi/Prove Finali/RL/project_reti_logiche/project_reti_logiche.srcs/sources_1/new/project_reti_logiche.vhd" Line 165
Stopped at time : 130 ns : File "C:/Users/Nicky/Desktop/POLIMI/Corsi/Prove Finali/RL/project_reti_logiche/project_reti_logiche.srcs/sources_1/new/project_reti_logiche.vhd" Line 167
Stopped at time : 130 ns : File "C:/Users/Nicky/Desktop/POLIMI/Corsi/Prove Finali/RL/project_reti_logiche/project_reti_logiche.srcs/sources_1/new/project_reti_logiche.vhd" Line 170
Stopped at time : 130 ns : File "C:/Users/Nicky/Desktop/POLIMI/Corsi/Prove Finali/RL/project_reti_logiche/project_reti_logiche.srcs/sources_1/new/project_reti_logiche.vhd" Line 171
Stopped at time : 130 ns : File "C:/Users/Nicky/Desktop/POLIMI/Corsi/Prove Finali/RL/TestBenches/tb2425.vhd" Line 84
Stopped at time : 130 ns : File "C:/Users/Nicky/Desktop/POLIMI/Corsi/Prove Finali/RL/TestBenches/tb2425.vhd" Line 89
Stopped at time : 130 ns : File "C:/Users/Nicky/Desktop/POLIMI/Corsi/Prove Finali/RL/TestBenches/tb2425.vhd" Line 90
Stopped at time : 130 ns : File "C:/Users/Nicky/Desktop/POLIMI/Corsi/Prove Finali/RL/TestBenches/tb2425.vhd" Line 91
Stopped at time : 130 ns : File "C:/Users/Nicky/Desktop/POLIMI/Corsi/Prove Finali/RL/TestBenches/tb2425.vhd" Line 92
Stopped at time : 130 ns : File "C:/Users/Nicky/Desktop/POLIMI/Corsi/Prove Finali/RL/TestBenches/tb2425.vhd" Line 93
Stopped at time : 130 ns : File "C:/Users/Nicky/Desktop/POLIMI/Corsi/Prove Finali/RL/TestBenches/tb2425.vhd" Line 141
Stopped at time : 130 ns : File "C:/Users/Nicky/Desktop/POLIMI/Corsi/Prove Finali/RL/TestBenches/tb2425.vhd" Line 142
Stopped at time : 130 ns : File "C:/Users/Nicky/Desktop/POLIMI/Corsi/Prove Finali/RL/TestBenches/tb2425.vhd" Line 143
Stopped at time : 130 ns : File "C:/Users/Nicky/Desktop/POLIMI/Corsi/Prove Finali/RL/TestBenches/tb2425.vhd" Line 144
Stopped at time : 130 ns : File "C:/Users/Nicky/Desktop/POLIMI/Corsi/Prove Finali/RL/TestBenches/tb2425.vhd" Line 145
Stopped at time : 130 ns : File "C:/Users/Nicky/Desktop/POLIMI/Corsi/Prove Finali/RL/TestBenches/tb2425.vhd" Line 108
Stopped at time : 130 ns : File "C:/Users/Nicky/Desktop/POLIMI/Corsi/Prove Finali/RL/TestBenches/tb2425.vhd" Line 109
Stopped at time : 130 ns : File "C:/Users/Nicky/Desktop/POLIMI/Corsi/Prove Finali/RL/TestBenches/tb2425.vhd" Line 110
Stopped at time : 130 ns : File "C:/Users/Nicky/Desktop/POLIMI/Corsi/Prove Finali/RL/TestBenches/tb2425.vhd" Line 111
Stopped at time : 130 ns : File "C:/Users/Nicky/Desktop/POLIMI/Corsi/Prove Finali/RL/TestBenches/tb2425.vhd" Line 113
Stopped at time : 140 ns : File "C:/Users/Nicky/Desktop/POLIMI/Corsi/Prove Finali/RL/project_reti_logiche/project_reti_logiche.srcs/sources_1/new/project_reti_logiche.vhd" Line 75
Stopped at time : 140 ns : File "C:/Users/Nicky/Desktop/POLIMI/Corsi/Prove Finali/RL/project_reti_logiche/project_reti_logiche.srcs/sources_1/new/project_reti_logiche.vhd" Line 77
Stopped at time : 140 ns : File "C:/Users/Nicky/Desktop/POLIMI/Corsi/Prove Finali/RL/project_reti_logiche/project_reti_logiche.srcs/sources_1/new/project_reti_logiche.vhd" Line 135
Stopped at time : 140 ns : File "C:/Users/Nicky/Desktop/POLIMI/Corsi/Prove Finali/RL/project_reti_logiche/project_reti_logiche.srcs/sources_1/new/project_reti_logiche.vhd" Line 162
Stopped at time : 140 ns : File "C:/Users/Nicky/Desktop/POLIMI/Corsi/Prove Finali/RL/TestBenches/tb2425.vhd" Line 84
Stopped at time : 140 ns : File "C:/Users/Nicky/Desktop/POLIMI/Corsi/Prove Finali/RL/TestBenches/tb2425.vhd" Line 89
Stopped at time : 150 ns : File "C:/Users/Nicky/Desktop/POLIMI/Corsi/Prove Finali/RL/project_reti_logiche/project_reti_logiche.srcs/sources_1/new/project_reti_logiche.vhd" Line 75
Stopped at time : 150 ns : File "C:/Users/Nicky/Desktop/POLIMI/Corsi/Prove Finali/RL/project_reti_logiche/project_reti_logiche.srcs/sources_1/new/project_reti_logiche.vhd" Line 77
Stopped at time : 150 ns : File "C:/Users/Nicky/Desktop/POLIMI/Corsi/Prove Finali/RL/project_reti_logiche/project_reti_logiche.srcs/sources_1/new/project_reti_logiche.vhd" Line 78
Stopped at time : 150 ns : File "C:/Users/Nicky/Desktop/POLIMI/Corsi/Prove Finali/RL/project_reti_logiche/project_reti_logiche.srcs/sources_1/new/project_reti_logiche.vhd" Line 135
Stopped at time : 150 ns : File "C:/Users/Nicky/Desktop/POLIMI/Corsi/Prove Finali/RL/project_reti_logiche/project_reti_logiche.srcs/sources_1/new/project_reti_logiche.vhd" Line 162
Stopped at time : 150 ns : File "C:/Users/Nicky/Desktop/POLIMI/Corsi/Prove Finali/RL/project_reti_logiche/project_reti_logiche.srcs/sources_1/new/project_reti_logiche.vhd" Line 164
Stopped at time : 150 ns : File "C:/Users/Nicky/Desktop/POLIMI/Corsi/Prove Finali/RL/project_reti_logiche/project_reti_logiche.srcs/sources_1/new/project_reti_logiche.vhd" Line 165
Stopped at time : 150 ns : File "C:/Users/Nicky/Desktop/POLIMI/Corsi/Prove Finali/RL/project_reti_logiche/project_reti_logiche.srcs/sources_1/new/project_reti_logiche.vhd" Line 167
Stopped at time : 150 ns : File "C:/Users/Nicky/Desktop/POLIMI/Corsi/Prove Finali/RL/project_reti_logiche/project_reti_logiche.srcs/sources_1/new/project_reti_logiche.vhd" Line 170
Stopped at time : 150 ns : File "C:/Users/Nicky/Desktop/POLIMI/Corsi/Prove Finali/RL/project_reti_logiche/project_reti_logiche.srcs/sources_1/new/project_reti_logiche.vhd" Line 171
Stopped at time : 150 ns : File "C:/Users/Nicky/Desktop/POLIMI/Corsi/Prove Finali/RL/TestBenches/tb2425.vhd" Line 84
Stopped at time : 150 ns : File "C:/Users/Nicky/Desktop/POLIMI/Corsi/Prove Finali/RL/TestBenches/tb2425.vhd" Line 89
Stopped at time : 150 ns : File "C:/Users/Nicky/Desktop/POLIMI/Corsi/Prove Finali/RL/TestBenches/tb2425.vhd" Line 90
Stopped at time : 150 ns : File "C:/Users/Nicky/Desktop/POLIMI/Corsi/Prove Finali/RL/TestBenches/tb2425.vhd" Line 91
Stopped at time : 150 ns : File "C:/Users/Nicky/Desktop/POLIMI/Corsi/Prove Finali/RL/TestBenches/tb2425.vhd" Line 92
Stopped at time : 150 ns : File "C:/Users/Nicky/Desktop/POLIMI/Corsi/Prove Finali/RL/TestBenches/tb2425.vhd" Line 93
Stopped at time : 150 ns : File "C:/Users/Nicky/Desktop/POLIMI/Corsi/Prove Finali/RL/TestBenches/tb2425.vhd" Line 141
Stopped at time : 150 ns : File "C:/Users/Nicky/Desktop/POLIMI/Corsi/Prove Finali/RL/TestBenches/tb2425.vhd" Line 142
Stopped at time : 150 ns : File "C:/Users/Nicky/Desktop/POLIMI/Corsi/Prove Finali/RL/TestBenches/tb2425.vhd" Line 143
Stopped at time : 150 ns : File "C:/Users/Nicky/Desktop/POLIMI/Corsi/Prove Finali/RL/TestBenches/tb2425.vhd" Line 144
Stopped at time : 150 ns : File "C:/Users/Nicky/Desktop/POLIMI/Corsi/Prove Finali/RL/TestBenches/tb2425.vhd" Line 145
Stopped at time : 150 ns : File "C:/Users/Nicky/Desktop/POLIMI/Corsi/Prove Finali/RL/TestBenches/tb2425.vhd" Line 108
Stopped at time : 150 ns : File "C:/Users/Nicky/Desktop/POLIMI/Corsi/Prove Finali/RL/TestBenches/tb2425.vhd" Line 109
Stopped at time : 150 ns : File "C:/Users/Nicky/Desktop/POLIMI/Corsi/Prove Finali/RL/TestBenches/tb2425.vhd" Line 110
Stopped at time : 150 ns : File "C:/Users/Nicky/Desktop/POLIMI/Corsi/Prove Finali/RL/TestBenches/tb2425.vhd" Line 111
Stopped at time : 150 ns : File "C:/Users/Nicky/Desktop/POLIMI/Corsi/Prove Finali/RL/TestBenches/tb2425.vhd" Line 113
Stopped at time : 160 ns : File "C:/Users/Nicky/Desktop/POLIMI/Corsi/Prove Finali/RL/project_reti_logiche/project_reti_logiche.srcs/sources_1/new/project_reti_logiche.vhd" Line 75
Stopped at time : 160 ns : File "C:/Users/Nicky/Desktop/POLIMI/Corsi/Prove Finali/RL/project_reti_logiche/project_reti_logiche.srcs/sources_1/new/project_reti_logiche.vhd" Line 77
Stopped at time : 160 ns : File "C:/Users/Nicky/Desktop/POLIMI/Corsi/Prove Finali/RL/project_reti_logiche/project_reti_logiche.srcs/sources_1/new/project_reti_logiche.vhd" Line 135
Stopped at time : 350 ns : File "C:/Users/Nicky/Desktop/POLIMI/Corsi/Prove Finali/RL/project_reti_logiche/project_reti_logiche.srcs/sources_1/new/project_reti_logiche.vhd" Line 75
Stopped at time : 350 ns : File "C:/Users/Nicky/Desktop/POLIMI/Corsi/Prove Finali/RL/project_reti_logiche/project_reti_logiche.srcs/sources_1/new/project_reti_logiche.vhd" Line 77
Stopped at time : 350 ns : File "C:/Users/Nicky/Desktop/POLIMI/Corsi/Prove Finali/RL/project_reti_logiche/project_reti_logiche.srcs/sources_1/new/project_reti_logiche.vhd" Line 78
Stopped at time : 350 ns : File "C:/Users/Nicky/Desktop/POLIMI/Corsi/Prove Finali/RL/project_reti_logiche/project_reti_logiche.srcs/sources_1/new/project_reti_logiche.vhd" Line 135
Stopped at time : 350 ns : File "C:/Users/Nicky/Desktop/POLIMI/Corsi/Prove Finali/RL/project_reti_logiche/project_reti_logiche.srcs/sources_1/new/project_reti_logiche.vhd" Line 162
Stopped at time : 350 ns : File "C:/Users/Nicky/Desktop/POLIMI/Corsi/Prove Finali/RL/project_reti_logiche/project_reti_logiche.srcs/sources_1/new/project_reti_logiche.vhd" Line 164
Stopped at time : 350 ns : File "C:/Users/Nicky/Desktop/POLIMI/Corsi/Prove Finali/RL/project_reti_logiche/project_reti_logiche.srcs/sources_1/new/project_reti_logiche.vhd" Line 165
Stopped at time : 350 ns : File "C:/Users/Nicky/Desktop/POLIMI/Corsi/Prove Finali/RL/project_reti_logiche/project_reti_logiche.srcs/sources_1/new/project_reti_logiche.vhd" Line 167
Stopped at time : 350 ns : File "C:/Users/Nicky/Desktop/POLIMI/Corsi/Prove Finali/RL/project_reti_logiche/project_reti_logiche.srcs/sources_1/new/project_reti_logiche.vhd" Line 170
Stopped at time : 350 ns : File "C:/Users/Nicky/Desktop/POLIMI/Corsi/Prove Finali/RL/project_reti_logiche/project_reti_logiche.srcs/sources_1/new/project_reti_logiche.vhd" Line 171
Stopped at time : 350 ns : File "C:/Users/Nicky/Desktop/POLIMI/Corsi/Prove Finali/RL/TestBenches/tb2425.vhd" Line 84
Stopped at time : 350 ns : File "C:/Users/Nicky/Desktop/POLIMI/Corsi/Prove Finali/RL/TestBenches/tb2425.vhd" Line 89
Stopped at time : 350 ns : File "C:/Users/Nicky/Desktop/POLIMI/Corsi/Prove Finali/RL/TestBenches/tb2425.vhd" Line 90
Stopped at time : 350 ns : File "C:/Users/Nicky/Desktop/POLIMI/Corsi/Prove Finali/RL/TestBenches/tb2425.vhd" Line 91
Stopped at time : 350 ns : File "C:/Users/Nicky/Desktop/POLIMI/Corsi/Prove Finali/RL/TestBenches/tb2425.vhd" Line 92
Stopped at time : 350 ns : File "C:/Users/Nicky/Desktop/POLIMI/Corsi/Prove Finali/RL/TestBenches/tb2425.vhd" Line 93
Stopped at time : 350 ns : File "C:/Users/Nicky/Desktop/POLIMI/Corsi/Prove Finali/RL/TestBenches/tb2425.vhd" Line 141
Stopped at time : 350 ns : File "C:/Users/Nicky/Desktop/POLIMI/Corsi/Prove Finali/RL/TestBenches/tb2425.vhd" Line 142
Stopped at time : 960 ns : File "C:/Users/Nicky/Desktop/POLIMI/Corsi/Prove Finali/RL/project_reti_logiche/project_reti_logiche.srcs/sources_1/new/project_reti_logiche.vhd" Line 75
Stopped at time : 960 ns : File "C:/Users/Nicky/Desktop/POLIMI/Corsi/Prove Finali/RL/project_reti_logiche/project_reti_logiche.srcs/sources_1/new/project_reti_logiche.vhd" Line 77
Stopped at time : 960 ns : File "C:/Users/Nicky/Desktop/POLIMI/Corsi/Prove Finali/RL/project_reti_logiche/project_reti_logiche.srcs/sources_1/new/project_reti_logiche.vhd" Line 135
Stopped at time : 960 ns : File "C:/Users/Nicky/Desktop/POLIMI/Corsi/Prove Finali/RL/project_reti_logiche/project_reti_logiche.srcs/sources_1/new/project_reti_logiche.vhd" Line 162
Stopped at time : 960 ns : File "C:/Users/Nicky/Desktop/POLIMI/Corsi/Prove Finali/RL/TestBenches/tb2425.vhd" Line 84
Stopped at time : 960 ns : File "C:/Users/Nicky/Desktop/POLIMI/Corsi/Prove Finali/RL/TestBenches/tb2425.vhd" Line 89
Stopped at time : 970 ns : File "C:/Users/Nicky/Desktop/POLIMI/Corsi/Prove Finali/RL/project_reti_logiche/project_reti_logiche.srcs/sources_1/new/project_reti_logiche.vhd" Line 75
Stopped at time : 970 ns : File "C:/Users/Nicky/Desktop/POLIMI/Corsi/Prove Finali/RL/project_reti_logiche/project_reti_logiche.srcs/sources_1/new/project_reti_logiche.vhd" Line 77
Stopped at time : 970 ns : File "C:/Users/Nicky/Desktop/POLIMI/Corsi/Prove Finali/RL/project_reti_logiche/project_reti_logiche.srcs/sources_1/new/project_reti_logiche.vhd" Line 78
Stopped at time : 970 ns : File "C:/Users/Nicky/Desktop/POLIMI/Corsi/Prove Finali/RL/project_reti_logiche/project_reti_logiche.srcs/sources_1/new/project_reti_logiche.vhd" Line 135
Stopped at time : 970 ns : File "C:/Users/Nicky/Desktop/POLIMI/Corsi/Prove Finali/RL/project_reti_logiche/project_reti_logiche.srcs/sources_1/new/project_reti_logiche.vhd" Line 162
Stopped at time : 970 ns : File "C:/Users/Nicky/Desktop/POLIMI/Corsi/Prove Finali/RL/project_reti_logiche/project_reti_logiche.srcs/sources_1/new/project_reti_logiche.vhd" Line 164
Stopped at time : 970 ns : File "C:/Users/Nicky/Desktop/POLIMI/Corsi/Prove Finali/RL/project_reti_logiche/project_reti_logiche.srcs/sources_1/new/project_reti_logiche.vhd" Line 165
Stopped at time : 970 ns : File "C:/Users/Nicky/Desktop/POLIMI/Corsi/Prove Finali/RL/project_reti_logiche/project_reti_logiche.srcs/sources_1/new/project_reti_logiche.vhd" Line 167
Stopped at time : 970 ns : File "C:/Users/Nicky/Desktop/POLIMI/Corsi/Prove Finali/RL/project_reti_logiche/project_reti_logiche.srcs/sources_1/new/project_reti_logiche.vhd" Line 180
Stopped at time : 970 ns : File "C:/Users/Nicky/Desktop/POLIMI/Corsi/Prove Finali/RL/project_reti_logiche/project_reti_logiche.srcs/sources_1/new/project_reti_logiche.vhd" Line 181
Stopped at time : 970 ns : File "C:/Users/Nicky/Desktop/POLIMI/Corsi/Prove Fin