Copyright 1986-2016 Xilinx, Inc. All Rights Reserved.
-------------------------------------------------------------------------------------------------
| Tool Version : Vivado v.2016.1 (win64) Build 1538259 Fri Apr  8 15:45:27 MDT 2016
| Date         : Thu Apr 24 10:26:41 2025
| Host         : PC-WINSOZ running 64-bit major release  (build 9200)
| Command      : report_control_sets -verbose -file project_reti_logiche_control_sets_placed.rpt
| Design       : project_reti_logiche
| Device       : xc7k70t
-------------------------------------------------------------------------------------------------

Control Set Information

Table of Contents
-----------------
1. Summary
2. Flip-Flop Distribution
3. Detailed Control Set Information

1. Summary
----------

+----------------------------------------------------------+-------+
|                          Status                          | Count |
+----------------------------------------------------------+-------+
| Number of unique control sets                            |    27 |
| Unused register locations in slices containing registers |    22 |
+----------------------------------------------------------+-------+


2. Flip-Flop Distribution
-------------------------

+--------------+-----------------------+------------------------+-----------------+--------------+
| Clock Enable | Synchronous Set/Reset | Asynchronous Set/Reset | Total Registers | Total Slices |
+--------------+-----------------------+------------------------+-----------------+--------------+
| No           | No                    | No                     |               0 |            0 |
| No           | No                    | Yes                    |               8 |            6 |
| No           | Yes                   | No                     |               0 |            0 |
| Yes          | No                    | No                     |               0 |            0 |
| Yes          | No                    | Yes                    |             218 |          102 |
| Yes          | Yes                   | No                     |               0 |            0 |
+--------------+-----------------------+------------------------+-----------------+--------------+


3. Detailed Control Set Information
-----------------------------------

+------------------+-----------------------------------+------------------+------------------+----------------+
|   Clock Signal   |           Enable Signal           | Set/Reset Signal | Slice Load Count | Bel Load Count |
+------------------+-----------------------------------+------------------+------------------+----------------+
|  i_clk_IBUF_BUFG | filter_order_i_1_n_0              | i_rst_IBUF       |                1 |              1 |
|  i_clk_IBUF_BUFG | o_done_i_1_n_0                    | i_rst_IBUF       |                1 |              1 |
|  i_clk_IBUF_BUFG | coeff_counter[3]_i_1_n_0          | i_rst_IBUF       |                1 |              4 |
|  i_clk_IBUF_BUFG | next_state                        | i_rst_IBUF       |                2 |              4 |
|  i_clk_IBUF_BUFG |                                   | i_rst_IBUF       |                6 |              8 |
|  i_clk_IBUF_BUFG | filter_coeffs[0][7]_i_1_n_0       | i_rst_IBUF       |                4 |              8 |
|  i_clk_IBUF_BUFG | filter_coeffs[1][7]_i_1_n_0       | i_rst_IBUF       |                3 |              8 |
|  i_clk_IBUF_BUFG | filter_coeffs[2][7]_i_1_n_0       | i_rst_IBUF       |                4 |              8 |
|  i_clk_IBUF_BUFG | filter_coeffs[3][7]_i_1_n_0       | i_rst_IBUF       |                4 |              8 |
|  i_clk_IBUF_BUFG | filter_coeffs[4][7]_i_1_n_0       | i_rst_IBUF       |                3 |              8 |
|  i_clk_IBUF_BUFG | filter_coeffs[5][7]_i_1_n_0       | i_rst_IBUF       |                3 |              8 |
|  i_clk_IBUF_BUFG | filter_coeffs[6][7]_i_1_n_0       | i_rst_IBUF       |                2 |              8 |
|  i_clk_IBUF_BUFG | input_data[6][7]_i_1_n_0          | i_rst_IBUF       |                4 |              8 |
|  i_clk_IBUF_BUFG | input_data_reg[0]0                | i_rst_IBUF       |                4 |              8 |
|  i_clk_IBUF_BUFG | input_data_reg[1]0                | i_rst_IBUF       |                4 |              8 |
|  i_clk_IBUF_BUFG | input_data_reg[2]0                | i_rst_IBUF       |                2 |              8 |
|  i_clk_IBUF_BUFG | input_data_reg[3]0                | i_rst_IBUF       |                5 |              8 |
|  i_clk_IBUF_BUFG | input_data_reg[4]0                | i_rst_IBUF       |                4 |              8 |
|  i_clk_IBUF_BUFG | input_data_reg[5]0                | i_rst_IBUF       |                3 |              8 |
|  i_clk_IBUF_BUFG | k_length[15]_i_1_n_0              | i_rst_IBUF       |                2 |              8 |
|  i_clk_IBUF_BUFG | k_length[7]_i_1_n_0               | i_rst_IBUF       |                2 |              8 |
|  i_clk_IBUF_BUFG | o_mem_data[7]_i_1_n_0             | i_rst_IBUF       |                5 |              8 |
|  i_clk_IBUF_BUFG | output_data[7]_i_1_n_0            | i_rst_IBUF       |                1 |              8 |
|  i_clk_IBUF_BUFG | base_address[15]_i_1_n_0          | i_rst_IBUF       |                7 |             16 |
|  i_clk_IBUF_BUFG | current_read_address[15]_i_1_n_0  | i_rst_IBUF       |               11 |             16 |
|  i_clk_IBUF_BUFG | current_write_address[15]_i_1_n_0 | i_rst_IBUF       |                5 |             16 |
|  i_clk_IBUF_BUFG | o_mem_addr[15]_i_1_n_0            | i_rst_IBUF       |               15 |             16 |
+------------------+-----------------------------------+------------------+------------------+----------------+


