
*** Running vivado
    with args -log project_reti_logiche.vdi -applog -m64 -messageDb vivado.pb -mode batch -source project_reti_logiche.tcl -notrace


****** Vivado v2016.1 (64-bit)
  **** SW Build 1538259 on Fri Apr  8 15:45:27 MDT 2016
  **** IP Build 1537824 on Fri Apr  8 04:28:57 MDT 2016
    ** Copyright 1986-2016 Xilinx, Inc. All Rights Reserved.

source project_reti_logiche.tcl -notrace
Design is defaulting to srcset: sources_1
Design is defaulting to constrset: constrs_1
INFO: [Netlist 29-17] Analyzing 218 Unisim elements for replacement
INFO: [Netlist 29-28] Unisim Transformation completed in 0 CPU seconds
WARNING: [Netlist 29-101] Netlist 'project_reti_logiche' is not ideal for floorplanning, since the cellview 'project_reti_logiche' contains a large number of primitives.  Please consider enabling hierarchy in synthesis if you want to do floorplanning.
INFO: [Project 1-479] Netlist was created with Vivado 2016.1
INFO: [Device 21-403] Loading part xc7k70tfbv676-1
INFO: [Project 1-570] Preparing netlist for logic optimization
Parsing XDC File [C:/Users/Nicky/Desktop/POLIMI/Corsi/ProveFinali/RL/project_reti_logiche/project_reti_logiche.srcs/constrs_1/new/clk_set.xdc]
Finished Parsing XDC File [C:/Users/Nicky/Desktop/POLIMI/Corsi/ProveFinali/RL/project_reti_logiche/project_reti_logiche.srcs/constrs_1/new/clk_set.xdc]
INFO: [Opt 31-138] Pushed 0 inverter(s) to 0 load pin(s).
INFO: [Project 1-111] Unisim Transformation Summary:
No Unisim elements were transformed.

link_design: Time (s): cpu = 00:00:07 ; elapsed = 00:00:09 . Memory (MB): peak = 448.797 ; gain = 242.086
INFO: [Vivado_Tcl 4-424] Cannot write hardware definition file as there are no IPI block design hardware handoff files present
Command: opt_design
Attempting to get a license for feature 'Implementation' and/or device 'xc7k70t'
INFO: [Common 17-349] Got license for feature 'Implementation' and/or device 'xc7k70t'
Running DRC as a precondition to command opt_design

Starting DRC Task
INFO: [DRC 23-27] Running DRC with 2 threads
INFO: [Project 1-461] DRC finished with 0 Errors
INFO: [Project 1-462] Please refer to the DRC report (report_drc) for more information.

Time (s): cpu = 00:00:00 ; elapsed = 00:00:00.181 . Memory (MB): peak = 452.738 ; gain = 3.941
INFO: [Timing 38-35] Done setting XDC timing constraints.

Starting Logic Optimization Task
Implement Debug Cores | Checksum: 104a59949

Phase 1 Retarget
INFO: [Opt 31-138] Pushed 0 inverter(s) to 0 load pin(s).
INFO: [Opt 31-49] Retargeted 0 cell(s).
Phase 1 Retarget | Checksum: 104a59949

Time (s): cpu = 00:00:01 ; elapsed = 00:00:00.564 . Memory (MB): peak = 935.852 ; gain = 0.000

Phase 2 Constant Propagation
INFO: [Opt 31-138] Pushed 0 inverter(s) to 0 load pin(s).
INFO: [Opt 31-10] Eliminated 0 cells.
Phase 2 Constant Propagation | Checksum: fdfa910d

Time (s): cpu = 00:00:01 ; elapsed = 00:00:00.678 . Memory (MB): peak = 935.852 ; gain = 0.000

Phase 3 Sweep
INFO: [Opt 31-12] Eliminated 477 unconnected nets.
INFO: [Opt 31-11] Eliminated 0 unconnected cells.
Phase 3 Sweep | Checksum: 3c623bf4

Time (s): cpu = 00:00:01 ; elapsed = 00:00:00.859 . Memory (MB): peak = 935.852 ; gain = 0.000

Starting Connectivity Check Task

Time (s): cpu = 00:00:00 ; elapsed = 00:00:00 . Memory (MB): peak = 935.852 ; gain = 0.000
Ending Logic Optimization Task | Checksum: 3c623bf4

Time (s): cpu = 00:00:01 ; elapsed = 00:00:00.875 . Memory (MB): peak = 935.852 ; gain = 0.000

Starting Power Optimization Task
INFO: [Pwropt 34-132] Skipping clock gating for clocks with a period < 2.00 ns.
Ending Power Optimization Task | Checksum: 3c623bf4

Time (s): cpu = 00:00:00 ; elapsed = 00:00:00.041 . Memory (MB): peak = 935.852 ; gain = 0.000
INFO: [Common 17-83] Releasing license: Implementation
21 Infos, 1 Warnings, 0 Critical Warnings and 0 Errors encountered.
opt_design completed successfully
opt_design: Time (s): cpu = 00:00:15 ; elapsed = 00:00:17 . Memory (MB): peak = 935.852 ; gain = 487.055
INFO: [DRC 23-27] Running DRC with 2 threads
INFO: [Coretcl 2-168] The results of DRC are in file C:/Users/Nicky/Desktop/POLIMI/Corsi/ProveFinali/RL/project_reti_logiche/project_reti_logiche.runs/impl_1/project_reti_logiche_drc_opted.rpt.
INFO: [Chipscope 16-241] No debug cores found in the current design.
Before running the implement_debug_core command, either use the Set Up Debug wizard (GUI mode)
or use the create_debug_core and connect_debug_core Tcl commands to insert debug cores into the design.
Command: place_design
Attempting to get a license for feature 'Implementation' and/or device 'xc7k70t'
INFO: [Common 17-349] Got license for feature 'Implementation' and/or device 'xc7k70t'
INFO: [DRC 23-27] Running DRC with 2 threads
INFO: [Vivado_Tcl 4-198] DRC finished with 0 Errors
INFO: [Vivado_Tcl 4-199] Please refer to the DRC report (report_drc) for more information.
Running DRC as a precondition to command place_design
INFO: [DRC 23-27] Running DRC with 2 threads
INFO: [Vivado_Tcl 4-198] DRC finished with 0 Errors
INFO: [Vivado_Tcl 4-199] Please refer to the DRC report (report_drc) for more information.

Starting Placer Task
INFO: [Place 30-611] Multithreading enabled for place_design using a maximum of 2 CPUs

Phase 1 Placer Initialization
Netlist sorting complete. Time (s): cpu = 00:00:00 ; elapsed = 00:00:00 . Memory (MB): peak = 935.852 ; gain = 0.000
Netlist sorting complete. Time (s): cpu = 00:00:00 ; elapsed = 00:00:00 . Memory (MB): peak = 935.852 ; gain = 0.000

Phase 1.1 IO Placement/ Clock Placement/ Build Placer Device

Phase 1.1.1 Pre-Place Cells
Phase 1.1.1 Pre-Place Cells | Checksum: 00000000

Time (s): cpu = 00:00:00 ; elapsed = 00:00:00.067 . Memory (MB): peak = 935.852 ; gain = 0.000
INFO: [Timing 38-35] Done setting XDC timing constraints.

Phase 1.1.2 IO and Clk Clean Up
Phase 1.1.2 IO and Clk Clean Up | Checksum: 00000000

Time (s): cpu = 00:00:03 ; elapsed = 00:00:02 . Memory (MB): peak = 955.738 ; gain = 19.887

Phase 1.1.3 Implementation Feasibility check On IDelay
Phase 1.1.3 Implementation Feasibility check On IDelay | Checksum: 00000000

Time (s): cpu = 00:00:03 ; elapsed = 00:00:02 . Memory (MB): peak = 955.738 ; gain = 19.887

Phase 1.1.4 Commit IO Placement
Phase 1.1.4 Commit IO Placement | Checksum: 4b31f076

Time (s): cpu = 00:00:03 ; elapsed = 00:00:02 . Memory (MB): peak = 955.738 ; gain = 19.887
Phase 1.1 IO Placement/ Clock Placement/ Build Placer Device | Checksum: 117d44347

Time (s): cpu = 00:00:03 ; elapsed = 00:00:02 . Memory (MB): peak = 955.738 ; gain = 19.887

Phase 1.2 Build Placer Netlist Model

Phase 1.2.1 Place Init Design

Phase 1.2.1.1 Init Lut Pin Assignment
Phase 1.2.1.1 Init Lut Pin Assignment | Checksum: 1cb7872bf

Time (s): cpu = 00:00:03 ; elapsed = 00:00:02 . Memory (MB): peak = 955.738 ; gain = 19.887
Phase 1.2.1 Place Init Design | Checksum: 194850fea

Time (s): cpu = 00:00:04 ; elapsed = 00:00:02 . Memory (MB): peak = 955.738 ; gain = 19.887
Phase 1.2 Build Placer Netlist Model | Checksum: 194850fea

Time (s): cpu = 00:00:04 ; elapsed = 00:00:02 . Memory (MB): peak = 955.738 ; gain = 19.887

Phase 1.3 Constrain Clocks/Macros
Phase 1.3 Constrain Clocks/Macros | Checksum: 194850fea

Time (s): cpu = 00:00:04 ; elapsed = 00:00:02 . Memory (MB): peak = 955.738 ; gain = 19.887
Phase 1 Placer Initialization | Checksum: 194850fea

Time (s): cpu = 00:00:04 ; elapsed = 00:00:02 . Memory (MB): peak = 955.738 ; gain = 19.887

Phase 2 Global Placement
Phase 2 Global Placement | Checksum: 14a2ebc82

Time (s): cpu = 00:00:07 ; elapsed = 00:00:04 . Memory (MB): peak = 955.738 ; gain = 19.887

Phase 3 Detail Placement

Phase 3.1 Commit Multi Column Macros
Phase 3.1 Commit Multi Column Macros | Checksum: 14a2ebc82

Time (s): cpu = 00:00:07 ; elapsed = 00:00:04 . Memory (MB): peak = 955.738 ; gain = 19.887

Phase 3.2 Commit Most Macros & LUTRAMs
Phase 3.2 Commit Most Macros & LUTRAMs | Checksum: 18faabc34

Time (s): cpu = 00:00:08 ; elapsed = 00:00:05 . Memory (MB): peak = 955.738 ; gain = 19.887

Phase 3.3 Area Swap Optimization
Phase 3.3 Area Swap Optimization | Checksum: 1721b512b

Time (s): cpu = 00:00:08 ; elapsed = 00:00:05 . Memory (MB): peak = 955.738 ; gain = 19.887

Phase 3.4 updateClock Trees: DP
Phase 3.4 updateClock Trees: DP | Checksum: 1721b512b

Time (s): cpu = 00:00:08 ; elapsed = 00:00:05 . Memory (MB): peak = 955.738 ; gain = 19.887

Phase 3.5 Timing Path Optimizer
Phase 3.5 Timing Path Optimizer | Checksum: 1c5033c9f

Time (s): cpu = 00:00:08 ; elapsed = 00:00:05 . Memory (MB): peak = 955.738 ; gain = 19.887

Phase 3.6 Fast Optimization
Phase 3.6 Fast Optimization | Checksum: 1c5033c9f

Time (s): cpu = 00:00:08 ; elapsed = 00:00:05 . Memory (MB): peak = 955.738 ; gain = 19.887

Phase 3.7 Small Shape Detail Placement
Phase 3.7 Small Shape Detail Placement | Checksum: 21335e79b

Time (s): cpu = 00:00:09 ; elapsed = 00:00:06 . Memory (MB): peak = 955.738 ; gain = 19.887

Phase 3.8 Re-assign LUT pins
Phase 3.8 Re-assign LUT pins | Checksum: 1b5e606db

Time (s): cpu = 00:00:09 ; elapsed = 00:00:06 . Memory (MB): peak = 955.738 ; gain = 19.887

Phase 3.9 Pipeline Register Optimization
Phase 3.9 Pipeline Register Optimization | Checksum: 1b5e606db

Time (s): cpu = 00:00:09 ; elapsed = 00:00:06 . Memory (MB): peak = 955.738 ; gain = 19.887

Phase 3.10 Fast Optimization
Phase 3.10 Fast Optimization | Checksum: 1b5e606db

Time (s): cpu = 00:00:10 ; elapsed = 00:00:06 . Memory (MB): peak = 955.738 ; gain = 19.887
Phase 3 Detail Placement | Checksum: 1b5e606db

Time (s): cpu = 00:00:10 ; elapsed = 00:00:06 . Memory (MB): peak = 955.738 ; gain = 19.887

Phase 4 Post Placement Optimization and Clean-Up

Phase 4.1 Post Commit Optimization
INFO: [Timing 38-35] Done setting XDC timing constraints.

Phase 4.1.1 updateClock Trees: PCOPT
Phase 4.1.1 updateClock Trees: PCOPT | Checksum: 176d7a028

Time (s): cpu = 00:00:10 ; elapsed = 00:00:06 . Memory (MB): peak = 955.738 ; gain = 19.887

Phase 4.1.2 Post Placement Optimization
INFO: [Place 30-746] Post Placement Timing Summary WNS=5.120. For the most accurate timing information please run report_timing.
Phase 4.1.2 Post Placement Optimization | Checksum: e874f148

Time (s): cpu = 00:00:11 ; elapsed = 00:00:07 . Memory (MB): peak = 955.738 ; gain = 19.887
Phase 4.1 Post Commit Optimization | Checksum: e874f148

Time (s): cpu = 00:00:11 ; elapsed = 00:00:07 . Memory (MB): peak = 955.738 ; gain = 19.887

Phase 4.2 Sweep Clock Roots: Post-Placement
Phase 4.2 Sweep Clock Roots: Post-Placement | Checksum: e874f148

Time (s): cpu = 00:00:11 ; elapsed = 00:00:07 . Memory (MB): peak = 955.738 ; gain = 19.887

Phase 4.3 Post Placement Cleanup
Phase 4.3 Post Placement Cleanup | Checksum: e874f148

Time (s): cpu = 00:00:11 ; elapsed = 00:00:07 . Memory (MB): peak = 955.738 ; gain = 19.887

Phase 4.4 Placer Reporting
Phase 4.4 Placer Reporting | Checksum: e874f148

Time (s): cpu = 00:00:11 ; elapsed = 00:00:07 . Memory (MB): peak = 955.738 ; gain = 19.887

Phase 4.5 Final Placement Cleanup
Phase 4.5 Final Placement Cleanup | Checksum: 741aeb92

Time (s): cpu = 00:00:11 ; elapsed = 00:00:07 . Memory (MB): peak = 955.738 ; gain = 19.887
Phase 4 Post Placement Optimization and Clean-Up | Checksum: 741aeb92

Time (s): cpu = 00:00:11 ; elapsed = 00:00:07 . Memory (MB): peak = 955.738 ; gain = 19.887
Ending Placer Task | Checksum: 3aa43ed2

Time (s): cpu = 00:00:11 ; elapsed = 00:00:07 . Memory (MB): peak = 955.738 ; gain = 19.887
INFO: [Common 17-83] Releasing license: Implementation
36 Infos, 1 Warnings, 0 Critical Warnings and 0 Errors encountered.
place_design completed successfully
place_design: Time (s): cpu = 00:00:12 ; elapsed = 00:00:07 . Memory (MB): peak = 955.738 ; gain = 19.887
Writing placer database...
Writing XDEF routing.
Writing XDEF routing logical nets.
Writing XDEF routing special nets.
Write XDEF Complete: Time (s): cpu = 00:00:00 ; elapsed = 00:00:00.393 . Memory (MB): peak = 955.738 ; gain = 0.000
report_io: Time (s): cpu = 00:00:00 ; elapsed = 00:00:00.124 . Memory (MB): peak = 955.738 ; gain = 0.000
report_utilization: Time (s): cpu = 00:00:00 ; elapsed = 00:00:00.041 . Memory (MB): peak = 955.738 ; gain = 0.000
report_control_sets: Time (s): cpu = 00:00:00 ; elapsed = 00:00:00.016 . Memory (MB): peak = 955.738 ; gain = 0.000
Command: route_design
Attempting to get a license for feature 'Implementation' and/or device 'xc7k70t'
INFO: [Common 17-349] Got license for feature 'Implementation' and/or device 'xc7k70t'
Running DRC as a precondition to command route_design
INFO: [DRC 23-27] Running DRC with 2 threads
INFO: [Vivado_Tcl 4-198] DRC finished with 0 Errors
INFO: [Vivado_Tcl 4-199] Please refer to the DRC report (report_drc) for more information.


Starting Routing Task
INFO: [Route 35-254] Multithreading enabled for route_design using a maximum of 2 CPUs
Checksum: PlaceDB: dc2a35e ConstDB: 0 ShapeSum: 2ce19b74 RouteDB: 0

Phase 1 Build RT Design
Phase 1 Build RT Design | Checksum: 2a51f5d5

Time (s): cpu = 00:00:18 ; elapsed = 00:00:14 . Memory (MB): peak = 1095.180 ; gain = 139.441

Phase 2 Router Initialization

Phase 2.1 Create Timer
Phase 2.1 Create Timer | Checksum: 2a51f5d5

Time (s): cpu = 00:00:18 ; elapsed = 00:00:14 . Memory (MB): peak = 1095.180 ; gain = 139.441

Phase 2.2 Fix Topology Constraints
Phase 2.2 Fix Topology Constraints | Checksum: 2a51f5d5

Time (s): cpu = 00:00:19 ; elapsed = 00:00:14 . Memory (MB): peak = 1095.180 ; gain = 139.441

Phase 2.3 Pre Route Cleanup
Phase 2.3 Pre Route Cleanup | Checksum: 2a51f5d5

Time (s): cpu = 00:00:19 ; elapsed = 00:00:14 . Memory (MB): peak = 1095.180 ; gain = 139.441
 Number of Nodes with overlaps = 0

Phase 2.4 Update Timing
Phase 2.4 Update Timing | Checksum: 12f31aa17

Time (s): cpu = 00:00:20 ; elapsed = 00:00:15 . Memory (MB): peak = 1095.180 ; gain = 139.441
INFO: [Route 35-416] Intermediate Timing Summary | WNS=5.341  | TNS=0.000  | WHS=-0.086 | THS=-1.156 |

Phase 2 Router Initialization | Checksum: 14bbfff56

Time (s): cpu = 00:00:20 ; elapsed = 00:00:15 . Memory (MB): peak = 1095.180 ; gain = 139.441

Phase 3 Initial Routing
Phase 3 Initial Routing | Checksum: 2541a09cc

Time (s): cpu = 00:00:21 ; elapsed = 00:00:16 . Memory (MB): peak = 1095.180 ; gain = 139.441

Phase 4 Rip-up And Reroute

Phase 4.1 Global Iteration 0
 Number of Nodes with overlaps = 203
 Number of Nodes with overlaps = 9
 Number of Nodes with overlaps = 1
 Number of Nodes with overlaps = 0

Phase 4.1.1 Update Timing
Phase 4.1.1 Update Timing | Checksum: a3142937

Time (s): cpu = 00:00:22 ; elapsed = 00:00:16 . Memory (MB): peak = 1095.180 ; gain = 139.441
INFO: [Route 35-416] Intermediate Timing Summary | WNS=4.886  | TNS=0.000  | WHS=N/A    | THS=N/A    |

Phase 4.1 Global Iteration 0 | Checksum: 11cda3de8

Time (s): cpu = 00:00:22 ; elapsed = 00:00:17 . Memory (MB): peak = 1095.180 ; gain = 139.441
Phase 4 Rip-up And Reroute | Checksum: 11cda3de8

Time (s): cpu = 00:00:22 ; elapsed = 00:00:17 . Memory (MB): peak = 1095.180 ; gain = 139.441

Phase 5 Delay and Skew Optimization

Phase 5.1 Delay CleanUp

Phase 5.1.1 Update Timing
Phase 5.1.1 Update Timing | Checksum: 191f748f9

Time (s): cpu = 00:00:22 ; elapsed = 00:00:17 . Memory (MB): peak = 1095.180 ; gain = 139.441
INFO: [Route 35-416] Intermediate Timing Summary | WNS=4.970  | TNS=0.000  | WHS=N/A    | THS=N/A    |

Phase 5.1 Delay CleanUp | Checksum: 191f748f9

Time (s): cpu = 00:00:22 ; elapsed = 00:00:17 . Memory (MB): peak = 1095.180 ; gain = 139.441

Phase 5.2 Clock Skew Optimization
Phase 5.2 Clock Skew Optimization | Checksum: 191f748f9

Time (s): cpu = 00:00:23 ; elapsed = 00:00:17 . Memory (MB): peak = 1095.180 ; gain = 139.441
Phase 5 Delay and Skew Optimization | Checksum: 191f748f9

Time (s): cpu = 00:00:23 ; elapsed = 00:00:17 . Memory (MB): peak = 1095.180 ; gain = 139.441

Phase 6 Post Hold Fix

Phase 6.1 Hold Fix Iter

Phase 6.1.1 Update Timing
Phase 6.1.1 Update Timing | Checksum: 12227eb9f

Time (s): cpu = 00:00:23 ; elapsed = 00:00:17 . Memory (MB): peak = 1095.180 ; gain = 139.441
INFO: [Route 35-416] Intermediate Timing Summary | WNS=4.970  | TNS=0.000  | WHS=0.180  | THS=0.000  |

Phase 6.1 Hold Fix Iter | Checksum: 12227eb9f

Time (s): cpu = 00:00:23 ; elapsed = 00:00:17 . Memory (MB): peak = 1095.180 ; gain = 139.441
Phase 6 Post Hold Fix | Checksum: 12227eb9f

Time (s): cpu = 00:00:23 ; elapsed = 00:00:17 . Memory (MB): peak = 1095.180 ; gain = 139.441

Phase 7 Route finalize

Router Utilization Summary
  Global Vertical Routing Utilization    = 0.270748 %
  Global Horizontal Routing Utilization  = 0.350604 %
  Routable Net Status*
  *Does not include unroutable nets such as driverless and loadless.
  Run report_route_status for detailed report.
  Number of Failed Nets               = 0
  Number of Unrouted Nets             = 0
  Number of Partially Routed Nets     = 0
  Number of Node Overlaps             = 0

Phase 7 Route finalize | Checksum: e44cd879

Time (s): cpu = 00:00:23 ; elapsed = 00:00:17 . Memory (MB): peak = 1095.180 ; gain = 139.441

Phase 8 Verifying routed nets

 Verification completed successfully
Phase 8 Verifying routed nets | Checksum: e44cd879

Time (s): cpu = 00:00:23 ; elapsed = 00:00:17 . Memory (MB): peak = 1095.180 ; gain = 139.441

Phase 9 Depositing Routes
Phase 9 Depositing Routes | Checksum: 1ac277e92

Time (s): cpu = 00:00:23 ; elapsed = 00:00:17 . Memory (MB): peak = 1095.180 ; gain = 139.441

Phase 10 Post Router Timing
INFO: [Route 35-57] Estimated Timing Summary | WNS=4.970  | TNS=0.000  | WHS=0.180  | THS=0.000  |

INFO: [Route 35-327] The final timing numbers are based on the router estimated timing analysis. For a complete and accurate timing signoff, please run report_timing_summary.
Phase 10 Post Router Timing | Checksum: 1ac277e92

Time (s): cpu = 00:00:23 ; elapsed = 00:00:17 . Memory (MB): peak = 1095.180 ; gain = 139.441
INFO: [Route 35-16] Router Completed Successfully

Time (s): cpu = 00:00:23 ; elapsed = 00:00:17 . Memory (MB): peak = 1095.180 ; gain = 139.441

Routing Is Done.
INFO: [Common 17-83] Releasing license: Implementation
49 Infos, 1 Warnings, 0 Critical Warnings and 0 Errors encountered.
route_design completed successfully
route_design: Time (s): cpu = 00:00:23 ; elapsed = 00:00:18 . Memory (MB): peak = 1095.180 ; gain = 139.441
Writing placer database...
Writing XDEF routing.
Writing XDEF routing logical nets.
Writing XDEF routing special nets.
Write XDEF Complete: Time (s): cpu = 00:00:01 ; elapsed = 00:00:00.356 . Memory (MB): peak = 1095.180 ; gain = 0.000
INFO: [DRC 23-27] Running DRC with 2 threads
INFO: [Coretcl 2-168] The results of DRC are in file C:/Users/Nicky/Desktop/POLIMI/Corsi/ProveFinali/RL/project_reti_logiche/project_reti_logiche.runs/impl_1/project_reti_logiche_drc_routed.rpt.
INFO: [Timing 38-91] UpdateTimingParams: Speed grade: -1, Delay Type: min_max.
INFO: [Timing 38-191] Multithreading enabled for timing update using a maximum of 2 CPUs
Running Vector-less Activity Propagation...

Finished Running Vector-less Activity Propagation
INFO: [Common 17-206] Exiting Vivado at Fri Apr 25 08:37:23 2025...
