#
# A fatal error has been detected by the Java Runtime Environment:
#
#  EXCEPTION_ACCESS_VIOLATION (0xc0000005) at pc=0x0000000052751aa7, pid=76272, tid=42692
#
# JRE version: Java(TM) SE Runtime Environment (8.0_66-b18) (build 1.8.0_66-b18)
# Java VM: Java HotSpot(TM) 64-Bit Server VM (25.66-b18 mixed mode windows-amd64 compressed oops)
# Problematic frame:
# V  [jvm.dll+0x211aa7]
#
# Failed to write core dump. Minidumps are not enabled by default on client versions of Windows
#
# If you would like to submit a bug report, please visit:
#   http://bugreport.java.com/bugreport/crash.jsp
#

---------------  T H R E A D  ---------------

Current thread (0x000001b3598ff000):  JavaThread "Thread-930" [_thread_in_vm, id=42692, stack(0x000000a947100000,0x000000a947600000)]

siginfo: ExceptionCode=0xc0000005, writing address 0x000000a9475fa350

Registers:
RAX=0x000000a9475fa350, RBX=0x0000000000000006, RCX=0x0000000000005000, RDX=0x0000000000000006
RSP=0x000000a9475ff350, RBP=0x0000000000000000, RSI=0x000000a9475ff350, RDI=0x0000000000000006
R8 =0x0000000000000006, R9 =0x000001b354adb6e0, R10=0x000001b35e63f6e8, R11=0x000000a94710a1b8
R12=0x000001b354adb6e0, R13=0x000001b3598ff000, R14=0x000000a9475ff418, R15=0x000001b35e63f6e8
RIP=0x0000000052751aa7, EFLAGS=0x0000000000010206

Top of Stack: (sp=0x000000a9475ff350)
0x000000a9475ff350:   000001b35690a790 0000000000000000
0x000000a9475ff360:   000001b3598ff000 000001b354adb6e0
0x000000a9475ff370:   00000000ffffffff 00000000527529d7
0x000000a9475ff380:   000000a9475ff480 000001b35e63f6e8
0x000000a9475ff390:   000001b3598ff000 00000000525ff5c3
0x000000a9475ff3a0:   000000a9475ff3e0 000001b3598ff000
0x000000a9475ff3b0:   000000a9475ff470 000001b3598ff000
0x000000a9475ff3c0:   000001b35e63f6e8 000001b3598ff000
0x000000a9475ff3d0:   000001b338036e20 000001b3598ff000
0x000000a9475ff3e0:   000001b35e63f6e8 000001b3598ff000
0x000000a9475ff3f0:   000001b34e5dd508 000001b3598ff000
0x000000a9475ff400:   0000000000000001 000001b35e63f6e8
0x000000a9475ff410:   000001b3598ff000 000001b351b27a70
0x000000a9475ff420:   000001b3598ff000 0000000052600aad
0x000000a9475ff430:   000000a9475ff738 00000007c00069a0
0x000000a9475ff440:   00000007c06d33d8 000000a941f6f000 

Instructions: (pc=0x0000000052751aa7)
0x0000000052751a87:   48 89 6c 24 30 33 ed 66 90 e8 1b 36 08 00 ff c3
0x0000000052751a97:   48 63 c8 48 8b c6 48 0f af cf 48 ff c7 48 2b c1
0x0000000052751aa7:   89 28 48 63 c3 48 3b 05 dd 9b 58 00 7e db 48 8b
0x0000000052751ab7:   6c 24 30 48 8b 5c 24 38 48 8b 74 24 40 48 83 c4 


Register to memory mapping:

RAX=0x000000a9475fa350 is pointing into the stack for thread: 0x000001b3598ff000
RBX=0x0000000000000006 is an unknown value
RCX=0x0000000000005000 is an unknown value
RDX=0x0000000000000006 is an unknown value
RSP=0x000000a9475ff350 is pointing into the stack for thread: 0x000001b3598ff000
RBP=0x0000000000000000 is an unknown value
RSI=0x000000a9475ff350 is pointing into the stack for thread: 0x000001b3598ff000
RDI=0x0000000000000006 is an unknown value
R8 =0x0000000000000006 is an unknown value
R9 =0x000001b354adb6e0 is an unknown value
R10={method} {0x000001b35e63f6f0} 'run' '()V' in 'com/jidesoft/utils/PortingUtils$1'
R11=0x000000a94710a1b8 is pointing into the stack for thread: 0x000001b3598ff000
R12=0x000001b354adb6e0 is an unknown value
R13=0x000001b3598ff000 is a thread
R14=0x000000a9475ff418 is pointing into the stack for thread: 0x000001b3598ff000
R15={method} {0x000001b35e63f6f0} 'run' '()V' in 'com/jidesoft/utils/PortingUtils$1'


Stack: [0x000000a947100000,0x000000a947600000],  sp=0x000000a9475ff350,  free space=5116k
Native frames: (J=compiled Java code, j=interpreted, Vv=VM code, C=native code)


---------------  P R O C E S S  ---------------

Java Threads: ( => current thread )
=>0x000001b3598ff000 JavaThread "Thread-930" [_thread_in_vm, id=42692, stack(0x000000a947100000,0x000000a947600000)]
  0x000001b357f67000 JavaThread "Open Elaborated Design" [_thread_in_native, id=25504, stack(0x000000a948a00000,0x000000a948f00000)]
  0x000001b353237800 JavaThread "Monitor File Timestamp" [_thread_blocked, id=3036, stack(0x000000a948f00000,0x000000a949400000)]
  0x000001b357687000 JavaThread "hw_ila_monitor" [_thread_blocked, id=76288, stack(0x000000a94b300000,0x000000a94b800000)]
  0x000001b353cbe000 JavaThread "Update Runs" [_thread_blocked, id=44060, stack(0x000000a949900000,0x000000a949e00000)]
  0x000001b353e13800 JavaThread "Refresh Filesets" [_thread_blocked, id=27724, stack(0x000000a94ae00000,0x000000a94b300000)]
  0x000001b34fd7d000 JavaThread "Swing-Shell" daemon [_thread_blocked, id=41804, stack(0x000000a949e00000,0x000000a94a300000)]
  0x000001b34f204800 JavaThread "Monitor File Timestamp" [_thread_blocked, id=72000, stack(0x000000a949400000,0x000000a949900000)]
  0x000001b35158b800 JavaThread "AWT-EventQueue-1" [_thread_blocked, id=22580, stack(0x000000a948000000,0x000000a948500000)]
  0x000001b35158f800 JavaThread "Process Messages" [_thread_blocked, id=15828, stack(0x000000a947b00000,0x000000a948000000)]
  0x000001b337e6a800 JavaThread "Thread-3" [_thread_in_native, id=21684, stack(0x000000a942300000,0x000000a943700000)]
  0x000001b351503800 JavaThread "AWT-EventQueue-0" [_thread_blocked, id=39980, stack(0x000000a947600000,0x000000a947b00000)]
  0x000001b34f4f6000 JavaThread "AWT-Windows" daemon [_thread_in_native, id=11816, stack(0x000000a946c00000,0x000000a947100000)]
  0x000001b34f4d0800 JavaThread "AWT-Shutdown" [_thread_blocked, id=37864, stack(0x000000a946700000,0x000000a946c00000)]
  0x000001b34f4d1800 JavaThread "Java2D Disposer" daemon [_thread_blocked, id=55520, stack(0x000000a946200000,0x000000a946700000)]
  0x000001b34f435800 JavaThread "TimerQueue" daemon [_thread_blocked, id=77344, stack(0x000000a945d00000,0x000000a946200000)]
  0x000001b34f255800 JavaThread "Service Thread" daemon [_thread_blocked, id=69012, stack(0x000000a945700000,0x000000a945c00000)]
  0x000001b34f057000 JavaThread "C1 CompilerThread2" daemon [_thread_blocked, id=79852, stack(0x000000a945600000,0x000000a945700000)]
  0x000001b34f058800 JavaThread "C2 CompilerThread1" daemon [_thread_in_native, id=70968, stack(0x000000a945500000,0x000000a945600000)]
  0x000001b34f05a000 JavaThread "C2 CompilerThread0" daemon [_thread_blocked, id=72044, stack(0x000000a945400000,0x000000a945500000)]
  0x000001b34f05c000 JavaThread "Attach Listener" daemon [_thread_blocked, id=57716, stack(0x000000a944f00000,0x000000a945400000)]
  0x000001b34f05d800 JavaThread "Signal Dispatcher" daemon [_thread_blocked, id=78372, stack(0x000000a944a00000,0x000000a944f00000)]
  0x000001b34efec000 JavaThread "Finalizer" daemon [_thread_blocked, id=67432, stack(0x000000a944500000,0x000000a944a00000)]
  0x000001b34efed000 JavaThread "Reference Handler" daemon [_thread_blocked, id=54296, stack(0x000000a944000000,0x000000a944500000)]
  0x000001b337e25800 JavaThread "main" [_thread_blocked, id=52628, stack(0x000000a943a00000,0x000000a943b00000)]

Other Threads:
  0x000001b337fb0800 VMThread [stack: 0x000000a943f00000,0x000000a944000000] [id=61812]
  0x000001b34f274800 WatcherThread [stack: 0x000000a945c00000,0x000000a945d00000] [id=61392]

VM state:not at safepoint (normal execution)

VM Mutex/Monitor currently owned by a thread: None

Heap:
 PSYoungGen      total 56320K, used 8474K [0x00000007bc400000, 0x00000007c0000000, 0x00000007c0000000)
  eden space 50688K, 15% used [0x00000007bc400000,0x00000007bcbb6b68,0x00000007bf580000)
  from space 5632K, 10% used [0x00000007bfa80000,0x00000007bfb10000,0x00000007c0000000)
  to   space 5120K, 0% used [0x00000007bf580000,0x00000007bf580000,0x00000007bfa80000)
 ParOldGen       total 172544K, used 45485K [0x0000000700000000, 0x000000070a880000, 0x00000007bc400000)
  object space 172544K, 26% used [0x0000000700000000,0x0000000702c6b4e0,0x000000070a880000)
 Metaspace       used 60072K, capacity 60542K, committed 60968K, reserved 1101824K
  class space    used 8079K, capacity 8199K, committed 8232K, reserved 1048576K

Card table byte_map: [0x000001b3473b0000,0x000001b3479c0000] byte_map_base: 0x000001b343bb0000

Marking Bits: (ParMarkBitMap*) 0x0000000052d4a5b0
 Begin Bits: [0x000001b347fb0000, 0x000001b34afb0000)
 End Bits:   [0x000001b34afb0000, 0x000001b34dfb0000)

Polling page: 0x000001b334bb0000

CodeCache: size=245760Kb used=51319Kb max_used=51362Kb free=194441Kb
 bounds [0x000001b337ff0000, 0x000001b33b290000, 0x000001b346ff0000]
 total_blobs=13758 nmethods=12958 adapters=705
 compilation: enabled

Compilation events (10 events):
Event: 5301.178 Thread 0x000001b34f058800 17424       4       ui.views.K.c.a.a::aMy (62 bytes)
Event: 5301.178 Thread 0x000001b34f05a000 17425       4       ui.views.K.c.a.a::q (370 bytes)
Event: 5301.931 Thread 0x000001b34f058800 nmethod 17424 0x000001b33b260010 code [0x000001b33b260400, 0x000001b33b261190]
Event: 5303.745 Thread 0x000001b34f05a000 nmethod 17425 0x000001b33b27eed0 code [0x000001b33b27f380, 0x000001b33b281fe0]
Event: 5316.990 Thread 0x000001b34f05a000 17426       4       java.util.ArrayDeque$DeqIterator::<init> (37 bytes)
Event: 5317.516 Thread 0x000001b34f05a000 nmethod 17426 0x000001b33a45c010 code [0x000001b33a45c140, 0x000001b33a45c1d8]
Event: 5346.001 Thread 0x000001b34f058800 17427 % !   4       java.awt.EventQueue::getNextEvent @ 0 (84 bytes)
Event: 5348.582 Thread 0x000001b34f058800 nmethod 17427% 0x000001b33b27d6d0 code [0x000001b33b27d8e0, 0x000001b33b27e280]
Event: 5532.178 Thread 0x000001b34f05a000 17428       4       ui.views.K.c.a.b::cv (15 bytes)
Event: 5533.344 Thread 0x000001b34f05a000 nmethod 17428 0x000001b33902b3d0 code [0x000001b33902b520, 0x000001b33902b5d8]

GC Heap History (10 events):
Event: 5224.551 GC heap before
{Heap before GC invocations=322 (full 14):
 PSYoungGen      total 54784K, used 16252K [0x00000007bc400000, 0x00000007c0000000, 0x00000007c0000000)
  eden space 48640K, 32% used [0x00000007bc400000,0x00000007bd3570f8,0x00000007bf380000)
  from space 6144K, 8% used [0x00000007bf380000,0x00000007bf408000,0x00000007bf980000)
  to   space 6144K, 0% used [0x00000007bfa00000,0x00000007bfa00000,0x00000007c0000000)
 ParOldGen       total 172544K, used 47196K [0x0000000700000000, 0x000000070a880000, 0x00000007bc400000)
  object space 172544K, 27% used [0x0000000700000000,0x0000000702e17138,0x000000070a880000)
 Metaspace       used 60071K, capacity 60542K, committed 60968K, reserved 1101824K
  class space    used 8079K, capacity 8199K, committed 8232K, reserved 1048576K
Event: 5224.559 GC heap after
Heap after GC invocations=322 (full 14):
 PSYoungGen      total 55808K, used 256K [0x00000007bc400000, 0x00000007c0000000, 0x00000007c0000000)
  eden space 49664K, 0% used [0x00000007bc400000,0x00000007bc400000,0x00000007bf480000)
  from space 6144K, 4% used [0x00000007bfa00000,0x00000007bfa40000,0x00000007c0000000)
  to   space 5632K, 0% used [0x00000007bf480000,0x00000007bf480000,0x00000007bfa00000)
 ParOldGen       total 172544K, used 47196K [0x0000000700000000, 0x000000070a880000, 0x00000007bc400000)
  object space 172544K, 27% used [0x0000000700000000,0x0000000702e17138,0x000000070a880000)
 Metaspace       used 60071K, capacity 60542K, committed 60968K, reserved 1101824K
  class space    used 8079K, capacity 8199K, committed 8232K, reserved 1048576K
}
Event: 5224.559 GC heap before
{Heap before GC invocations=323 (full 15):
 PSYoungGen      total 55808K, used 256K [0x00000007bc400000, 0x00000007c0000000, 0x00000007c0000000)
  eden space 49664K, 0% used [0x00000007bc400000,0x00000007bc400000,0x00000007bf480000)
  from space 6144K, 4% used [0x00000007bfa00000,0x00000007bfa40000,0x00000007c0000000)
  to   space 5632K, 0% used [0x00000007bf480000,0x00000007bf480000,0x00000007bfa00000)
 ParOldGen       total 172544K, used 47196K [0x0000000700000000, 0x000000070a880000, 0x00000007bc400000)
  object space 172544K, 27% used [0x0000000700000000,0x0000000702e17138,0x000000070a880000)
 Metaspace       used 60071K, capacity 60542K, committed 60968K, reserved 1101824K
  class space    used 8079K, capacity 8199K, committed 8232K, reserved 1048576K
Event: 5228.985 GC heap after
Heap after GC invocations=323 (full 15):
 PSYoungGen      total 55808K, used 0K [0x00000007bc400000, 0x00000007c0000000, 0x00000007c0000000)
  eden space 49664K, 0% used [0x00000007bc400000,0x00000007bc400000,0x00000007bf480000)
  from space 6144K, 0% used [0x00000007bfa00000,0x00000007bfa00000,0x00000007c0000000)
  to   space 5632K, 0% used [0x00000007bf480000,0x00000007bf480000,0x00000007bfa00000)
 ParOldGen       total 172544K, used 47184K [0x0000000700000000, 0x000000070a880000, 0x00000007bc400000)
  object space 172544K, 27% used [0x0000000700000000,0x0000000702e14320,0x000000070a880000)
 Metaspace       used 60071K, capacity 60542K, committed 60968K, reserved 1101824K
  class space    used 8079K, capacity 8199K, committed 8232K, reserved 1048576K
}
Event: 5249.939 GC heap before
{Heap before GC invocations=324 (full 15):
 PSYoungGen      total 55808K, used 7283K [0x00000007bc400000, 0x00000007c0000000, 0x00000007c0000000)
  eden space 49664K, 14% used [0x00000007bc400000,0x00000007bcb1cde8,0x00000007bf480000)
  from space 6144K, 0% used [0x00000007bfa00000,0x00000007bfa00000,0x00000007c0000000)
  to   space 5632K, 0% used [0x00000007bf480000,0x00000007bf480000,0x00000007bfa00000)
 ParOldGen       total 172544K, used 47184K [0x0000000700000000, 0x000000070a880000, 0x00000007bc400000)
  object space 172544K, 27% used [0x0000000700000000,0x0000000702e14320,0x000000070a880000)
 Metaspace       used 60072K, capacity 60542K, committed 60968K, reserved 1101824K
  class space    used 8079K, capacity 8199K, committed 8232K, reserved 1048576K
Event: 5250.832 GC heap after
Heap after GC invocations=324 (full 15):
 PSYoungGen      total 55296K, used 160K [0x00000007bc400000, 0x00000007c0000000, 0x00000007c0000000)
  eden space 49664K, 0% used [0x00000007bc400000,0x00000007bc400000,0x00000007bf480000)
  from space 5632K, 2% used [0x00000007bf480000,0x00000007bf4a8000,0x00000007bfa00000)
  to   space 5632K, 0% used [0x00000007bfa80000,0x00000007bfa80000,0x00000007c0000000)
 ParOldGen       total 172544K, used 47184K [0x0000000700000000, 0x000000070a880000, 0x00000007bc400000)
  object space 172544K, 27% used [0x0000000700000000,0x0000000702e14320,0x000000070a880000)
 Metaspace       used 60072K, capacity 60542K, committed 60968K, reserved 1101824K
  class space    used 8079K, capacity 8199K, committed 8232K, reserved 1048576K
}
Event: 5250.833 GC heap before
{Heap before GC invocations=325 (full 16):
 PSYoungGen      total 55296K, used 160K [0x00000007bc400000, 0x00000007c0000000, 0x00000007c0000000)
  eden space 49664K, 0% used [0x00000007bc400000,0x00000007bc400000,0x00000007bf480000)
  from space 5632K, 2% used [0x00000007bf480000,0x00000007bf4a8000,0x00000007bfa00000)
  to   space 5632K, 0% used [0x00000007bfa80000,0x00000007bfa80000,0x00000007c0000000)
 ParOldGen       total 172544K, used 47184K [0x0000000700000000, 0x000000070a880000, 0x00000007bc400000)
  object space 172544K, 27% used [0x0000000700000000,0x0000000702e14320,0x000000070a880000)
 Metaspace       used 60072K, capacity 60542K, committed 60968K, reserved 1101824K
  class space    used 8079K, capacity 8199K, committed 8232K, reserved 1048576K
Event: 5254.827 GC heap after
Heap after GC invocations=325 (full 16):
 PSYoungGen      total 55296K, used 0K [0x00000007bc400000, 0x00000007c0000000, 0x00000007c0000000)
  eden space 49664K, 0% used [0x00000007bc400000,0x00000007bc400000,0x00000007bf480000)
  from space 5632K, 0% used [0x00000007bf480000,0x00000007bf480000,0x00000007bfa00000)
  to   space 5632K, 0% used [0x00000007bfa80000,0x00000007bfa80000,0x00000007c0000000)
 ParOldGen       total 172544K, used 45485K [0x0000000700000000, 0x000000070a880000, 0x00000007bc400000)
  object space 172544K, 26% used [0x0000000700000000,0x0000000702c6b4e0,0x000000070a880000)
 Metaspace       used 60072K, capacity 60542K, committed 60968K, reserved 1101824K
  class space    used 8079K, capacity 8199K, committed 8232K, reserved 1048576K
}
Event: 5561.952 GC heap before
{Heap before GC invocations=326 (full 16):
 PSYoungGen      total 55296K, used 49664K [0x00000007bc400000, 0x00000007c0000000, 0x00000007c0000000)
  eden space 49664K, 100% used [0x00000007bc400000,0x00000007bf480000,0x00000007bf480000)
  from space 5632K, 0% used [0x00000007bf480000,0x00000007bf480000,0x00000007bfa00000)
  to   space 5632K, 0% used [0x00000007bfa80000,0x00000007bfa80000,0x00000007c0000000)
 ParOldGen       total 172544K, used 45485K [0x0000000700000000, 0x000000070a880000, 0x00000007bc400000)
  object space 172544K, 26% used [0x0000000700000000,0x0000000702c6b4e0,0x000000070a880000)
 Metaspace       used 60072K, capacity 60542K, committed 60968K, reserved 1101824K
  class space    used 8079K, capacity 8199K, committed 8232K, reserved 1048576K
Event: 5562.486 GC heap after
Heap after GC invocations=326 (full 16):
 PSYoungGen      total 56320K, used 576K [0x00000007bc400000, 0x00000007c0000000, 0x00000007c0000000)
  eden space 50688K, 0% used [0x00000007bc400000,0x00000007bc400000,0x00000007bf580000)
  from space 5632K, 10% used [0x00000007bfa80000,0x00000007bfb10000,0x00000007c0000000)
  to   space 5120K, 0% used [0x00000007bf580000,0x00000007bf580000,0x00000007bfa80000)
 ParOldGen       total 172544K, used 45485K [0x0000000700000000, 0x000000070a880000, 0x00000007bc400000)
  object space 172544K, 26% used [0x0000000700000000,0x0000000702c6b4e0,0x000000070a880000)
 Metaspace       used 60072K, capacity 60542K, committed 60968K, reserved 1101824K
  class space    used 8079K, capacity 8199K, committed 8232K, reserved 1048576K
}

Deoptimization events (10 events):
Event: 3699.118 Thread 0x000001b35158b800 Uncommon trap: reason=class_check action=maybe_recompile pc=0x000001b33814308c method=java.util.HashMap$TreeNode.find(ILjava/lang/Object;Ljava/lang/Class;)Ljava/util/HashMap$TreeNode; @ 68
Event: 3699.119 Thread 0x000001b35158b800 Uncommon trap: reason=unstable_if action=reinterpret pc=0x000001b33878efd8 method=java.util.HashMap.resize()[Ljava/util/HashMap$Node; @ 206
Event: 3741.057 Thread 0x000001b35158b800 Uncommon trap: reason=unstable_if action=reinterpret pc=0x000001b33adca354 method=javax.swing.JComponent.getObscuredState(IIIII)I @ 146
Event: 4194.741 Thread 0x000001b35158b800 Uncommon trap: reason=unstable_if action=reinterpret pc=0x000001b33942cbd0 method=com.jidesoft.editor.folding.DefaultFoldingModel$b_.updateCachedOffsets()V @ 86
Event: 4195.788 Thread 0x000001b35158b800 Uncommon trap: reason=unstable_if action=reinterpret pc=0x000001b33ae77104 method=com.jidesoft.plaf.basic.BasicJideTabbedPaneUI.paintFocusIndicator(Ljava/awt/Graphics;I[Ljava/awt/Rectangle;ILjava/awt/Rectangle;Ljava/awt/Rectangle;Z)V @ 20
Event: 4196.731 Thread 0x000001b35158b800 Uncommon trap: reason=class_check action=maybe_recompile pc=0x000001b33a5e1184 method=com.jidesoft.swing.JideBoxLayout.layoutContainer(Ljava/awt/Container;)V @ 229
Event: 4201.906 Thread 0x000001b35158b800 Uncommon trap: reason=unstable_if action=reinterpret pc=0x000001b3397f1220 method=com.sun.java.swing.plaf.windows.AnimationController$AnimationState.updateProgress()V @ 79
Event: 4202.896 Thread 0x000001b35158b800 Uncommon trap: reason=class_check action=maybe_recompile pc=0x000001b33a488fa0 method=javax.swing.AbstractButton.setEnabled(Z)V @ 21
Event: 4341.405 Thread 0x000001b351503800 Uncommon trap: reason=unstable_if action=reinterpret pc=0x000001b33a839c30 method=java.util.concurrent.locks.AbstractQueuedSynchronizer.unparkSuccessor(Ljava/util/concurrent/locks/AbstractQueuedSynchronizer$Node;)V @ 6
Event: 4770.121 Thread 0x000001b35158b800 Uncommon trap: reason=unstable_if action=reinterpret pc=0x000001b339e38090 method=java.util.ArrayDeque$DeqIterator.hasNext()Z @ 8

Internal exceptions (10 events):
Event: 5590.010 Thread 0x000001b35158b800 Exception <a 'java/io/FileNotFoundException'> (0x00000007bc6f06c0) thrown at [C:\re\workspace\8-2-build-windows-amd64-cygwin\jdk8u66\5298\hotspot\src\share\vm\prims\jni.cpp, line 709]
Event: 5590.010 Thread 0x000001b35158b800 Exception <a 'java/io/FileNotFoundException'> (0x00000007bc6f15e0) thrown at [C:\re\workspace\8-2-build-windows-amd64-cygwin\jdk8u66\5298\hotspot\src\share\vm\prims\jni.cpp, line 709]
Event: 5592.534 Thread 0x000001b35158b800 Exception <a 'java/io/FileNotFoundException'> (0x00000007bc7e9840) thrown at [C:\re\workspace\8-2-build-windows-amd64-cygwin\jdk8u66\5298\hotspot\src\share\vm\prims\jni.cpp, line 709]
Event: 5592.535 Thread 0x000001b35158b800 Exception <a 'java/io/FileNotFoundException'> (0x00000007bc7ea760) thrown at [C:\re\workspace\8-2-build-windows-amd64-cygwin\jdk8u66\5298\hotspot\src\share\vm\prims\jni.cpp, line 709]
Event: 5599.252 Thread 0x000001b35158b800 Exception <a 'java/io/FileNotFoundException'> (0x00000007bc906798) thrown at [C:\re\workspace\8-2-build-windows-amd64-cygwin\jdk8u66\5298\hotspot\src\share\vm\prims\jni.cpp, line 709]
Event: 5599.252 Thread 0x000001b35158b800 Exception <a 'java/io/FileNotFoundException'> (0x00000007bc9076b8) thrown at [C:\re\workspace\8-2-build-windows-amd64-cygwin\jdk8u66\5298\hotspot\src\share\vm\prims\jni.cpp, line 709]
Event: 5604.513 Thread 0x000001b35158b800 Exception <a 'java/io/FileNotFoundException'> (0x00000007bca03a48) thrown at [C:\re\workspace\8-2-build-windows-amd64-cygwin\jdk8u66\5298\hotspot\src\share\vm\prims\jni.cpp, line 709]
Event: 5604.513 Thread 0x000001b35158b800 Exception <a 'java/io/FileNotFoundException'> (0x00000007bca04968) thrown at [C:\re\workspace\8-2-build-windows-amd64-cygwin\jdk8u66\5298\hotspot\src\share\vm\prims\jni.cpp, line 709]
Event: 5609.693 Thread 0x000001b35158b800 Exception <a 'java/io/FileNotFoundException'> (0x00000007bca5c9f8) thrown at [C:\re\workspace\8-2-build-windows-amd64-cygwin\jdk8u66\5298\hotspot\src\share\vm\prims\jni.cpp, line 709]
Event: 5609.694 Thread 0x000001b35158b800 Exception <a 'java/io/FileNotFoundException'> (0x00000007bca5d918) thrown at [C:\re\workspace\8-2-build-windows-amd64-cygwin\jdk8u66\5298\hotspot\src\share\vm\prims\jni.cpp, line 709]

Events (10 events):
Event: 5562.507 Executing VM operation: BulkRevokeBias done
Event: 5571.780 Thread 0x000001b3598ff000 Thread added: 0x000001b3598ff000
Event: 5591.165 Executing VM operation: RevokeBias
Event: 5591.165 Executing VM operation: RevokeBias done
Event: 5591.165 Thread 0x000001b3598ff000 Thread exited: 0x000001b3598ff000
Event: 5599.723 Thread 0x000001b3598f3000 Thread added: 0x000001b3598f3000
Event: 5599.746 Executing VM operation: RevokeBias
Event: 5599.746 Executing VM operation: RevokeBias done
Event: 5599.746 Thread 0x000001b3598f3000 Thread exited: 0x000001b3598f3000
Event: 5609.730 Thread 0x000001b3598ff000 Thread added: 0x000001b3598ff000


Dynamic libraries:
0x00007ff7e5130000 - 0x00007ff7e5160000 	C:\Xilinx\Vivado\2016.1\bin\unwrapped\win64.o\vivado.exe
0x00007ff8bf4d0000 - 0x00007ff8bf6c8000 	C:\Windows\SYSTEM32\ntdll.dll
0x00007ff8bdb60000 - 0x00007ff8bdc22000 	C:\Windows\System32\KERNEL32.DLL
0x00007ff8bcf00000 - 0x00007ff8bd1ff000 	C:\Windows\System32\KERNELBASE.dll
0x000000000a900000 - 0x000000000a98d000 	C:\Xilinx\Vivado\2016.1\lib\win64.o\SHSMP64.dll
0x00007ff8b3230000 - 0x00007ff8b3243000 	C:\Xilinx\Vivado\2016.1\lib\win64.o\libboost_signals.dll
0x00007ff8bf2f0000 - 0x00007ff8bf48d000 	C:\Windows\System32\USER32.dll
0x00007ff8bd320000 - 0x00007ff8bd342000 	C:\Windows\System32\win32u.dll
0x00007ff852730000 - 0x00007ff8527d7000 	C:\Windows\SYSTEM32\MSVCP110.dll
0x00007ff8bdb30000 - 0x00007ff8bdb5b000 	C:\Windows\System32\GDI32.dll
0x00007ff8bd200000 - 0x00007ff8bd31a000 	C:\Windows\System32\gdi32full.dll
0x00007ff86c250000 - 0x00007ff86cc8f000 	C:\Xilinx\Vivado\2016.1\lib\win64.o\librdi_common.dll
0x00007ff8574e0000 - 0x00007ff8575b4000 	C:\Windows\SYSTEM32\MSVCR110.dll
0x00007ff8bd350000 - 0x00007ff8bd3ed000 	C:\Windows\System32\msvcp_win.dll
0x00007ff8be0e0000 - 0x00007ff8be0e8000 	C:\Windows\System32\PSAPI.DLL
0x00007ff8bd3f0000 - 0x00007ff8bd4f0000 	C:\Windows\System32\ucrtbase.dll
0x00007ff8be390000 - 0x00007ff8beafd000 	C:\Windows\System32\SHELL32.dll
0x00007ff8bee80000 - 0x00007ff8bef2f000 	C:\Windows\System32\ADVAPI32.dll
0x00007ff8bed10000 - 0x00007ff8bedae000 	C:\Windows\System32\msvcrt.dll
0x00007ff8bdde0000 - 0x00007ff8bde7f000 	C:\Windows\System32\sechost.dll
0x00007ff8bde80000 - 0x00007ff8bdfa3000 	C:\Windows\System32\RPCRT4.dll
0x00007ff8bcbe0000 - 0x00007ff8bcc07000 	C:\Windows\System32\bcrypt.dll
0x00007ff86fe20000 - 0x00007ff87003f000 	C:\Xilinx\Vivado\2016.1\lib\win64.o\libXil_lmgr11.dll
0x00007ff870270000 - 0x00007ff8705de000 	C:\Xilinx\Vivado\2016.1\lib\win64.o\libCOIN-all.dll
0x00007ff8be0f0000 - 0x00007ff8be1ca000 	C:\Windows\System32\COMDLG32.dll
0x00007ff8bef30000 - 0x00007ff8bf285000 	C:\Windows\System32\combase.dll
0x00007ff8beb00000 - 0x00007ff8bebad000 	C:\Windows\System32\shcore.dll
0x00007ff8b7fe0000 - 0x00007ff8b7ff0000 	C:\Xilinx\Vivado\2016.1\lib\win64.o\libboost_date_time.dll
0x00007ff8be330000 - 0x00007ff8be385000 	C:\Windows\System32\SHLWAPI.dll
0x00007ff8a7940000 - 0x00007ff8a7964000 	C:\Xilinx\Vivado\2016.1\lib\win64.o\libboost_filesystem.dll
0x00007ff8bedb0000 - 0x00007ff8bee7d000 	C:\Windows\System32\OLEAUT32.dll
0x00007ff893110000 - 0x00007ff893187000 	C:\Xilinx\Vivado\2016.1\lib\win64.o\libboost_program_options.dll
0x00007ff8bd570000 - 0x00007ff8bd69b000 	C:\Windows\System32\ole32.dll
0x00007ff881e10000 - 0x00007ff881f16000 	C:\Xilinx\Vivado\2016.1\lib\win64.o\libboost_regex.dll
0x00007ff8bcb70000 - 0x00007ff8bcbd8000 	C:\Windows\System32\WINTRUST.dll
0x00007ff8b4a80000 - 0x00007ff8b4a91000 	C:\Xilinx\Vivado\2016.1\lib\win64.o\librdi_commonmain.dll
0x00007ff8bcd50000 - 0x00007ff8bceac000 	C:\Windows\System32\CRYPT32.dll
0x00007ff8b5a00000 - 0x00007ff8b5a09000 	C:\Xilinx\Vivado\2016.1\lib\win64.o\libboost_system.dll
0x00007ff8b27e0000 - 0x00007ff8b27fd000 	C:\Xilinx\Vivado\2016.1\lib\win64.o\libboost_thread.dll
0x00007ff890ac0000 - 0x00007ff890b40000 	C:\Xilinx\Vivado\2016.1\lib\win64.o\libhdlpsolve.dll
0x00007ff8b4df0000 - 0x00007ff8b4dfb000 	C:\Xilinx\Vivado\2016.1\lib\win64.o\libboost_xilinx.dll
0x00007ff88e600000 - 0x00007ff88e69a000 	C:\Xilinx\Vivado\2016.1\lib\win64.o\libhdxml.dll
0x00007ff86f2f0000 - 0x00007ff86f72d400 	C:\Xilinx\Vivado\2016.1\lib\win64.o\libisl_iostreams.dll
0x00007ff8a4ba0000 - 0x00007ff8a4bca000 	C:\Xilinx\Vivado\2016.1\lib\win64.o\libisl_sysinfo.dll
0x00007ff8be260000 - 0x00007ff8be2cb000 	C:\Windows\System32\WS2_32.dll
0x00007ff8ae480000 - 0x00007ff8ae495000 	C:\Xilinx\Vivado\2016.1\lib\win64.o\pthreadVC2.dll
0x0000000052540000 - 0x0000000052dc9000 	C:\Xilinx\Vivado\2016.1\tps\win64\jre\bin\server\jvm.dll
0x00007ff8983f0000 - 0x00007ff898444000 	C:\Xilinx\Vivado\2016.1\lib\win64.o\librdi_commonxillic.dll
0x00007ff87b320000 - 0x00007ff87b450000 	C:\Xilinx\Vivado\2016.1\lib\win64.o\librdi_curl.dll
0x00007ff8af490000 - 0x00007ff8af4a8000 	C:\Xilinx\Vivado\2016.1\lib\win64.o\librdiconfig.dll
0x00007ff8af4e0000 - 0x00007ff8af9b7000 	C:\Windows\SYSTEM32\WININET.dll
0x00007ff89a930000 - 0x00007ff89a953000 	C:\Xilinx\Vivado\2016.1\lib\win64.o\librdizlib.dll
0x0000000012000000 - 0x0000000012263000 	C:\Xilinx\Vivado\2016.1\lib\win64.o\xerces-c_3_1.dll
0x00007ff8b10b0000 - 0x00007ff8b12a1000 	C:\Windows\SYSTEM32\urlmon.dll
0x00007ff8b4030000 - 0x00007ff8b413a000 	C:\Windows\SYSTEM32\WINHTTP.dll
0x0000000052dd0000 - 0x0000000052ef7000 	C:\Xilinx\Vivado\2016.1\lib\win64.o\tcl85t.dll
0x00007ff8834e0000 - 0x00007ff8834e9000 	C:\Windows\SYSTEM32\WSOCK32.dll
0x00007ff89a7d0000 - 0x00007ff89a7f3000 	C:\Windows\SYSTEM32\VCOMP110.DLL
0x00007ff8b25d0000 - 0x00007ff8b25da000 	C:\Windows\SYSTEM32\VERSION.dll
0x00007ff8b0390000 - 0x00007ff8b03a9000 	C:\Windows\SYSTEM32\NETAPI32.dll
0x00007ff89c3d0000 - 0x00007ff89c480000 	C:\Windows\WinSxS\amd64_microsoft.windows.common-controls_6595b64144ccf1df_5.82.19041.4355_none_792ecafd2442822f\COMCTL32.dll
0x00007ff8b8500000 - 0x00007ff8b8509000 	C:\Xilinx\Vivado\2016.1\lib\win64.o\librdi_commonversion.dll
0x00007ff8b4b50000 - 0x00007ff8b4b5b000 	C:\Xilinx\Vivado\2016.1\lib\win64.o\libboost_chrono.dll
0x00007ff8a78f0000 - 0x00007ff8a7906000 	C:\Xilinx\Vivado\2016.1\lib\win64.o\libboost_iostreams.dll
0x00007ff897aa0000 - 0x00007ff897ac3000 	C:\Xilinx\Vivado\2016.1\lib\win64.o\libisl_iosutils.dll
0x0000000052460000 - 0x0000000052532000 	C:\Windows\SYSTEM32\MSVCR100.dll
0x00007ff8afca0000 - 0x00007ff8afcc7000 	C:\Windows\SYSTEM32\WINMM.dll
0x00007ff8b0d50000 - 0x00007ff8b100f000 	C:\Windows\SYSTEM32\iertutil.dll
0x00007ff8baae0000 - 0x00007ff8bb284000 	C:\Windows\SYSTEM32\windows.storage.dll
0x00007ff8b1080000 - 0x00007ff8b10a8000 	C:\Windows\SYSTEM32\srvcli.dll
0x00007ff8bbfd0000 - 0x00007ff8bbfdc000 	C:\Windows\SYSTEM32\netutils.dll
0x00007ff8bc5a0000 - 0x00007ff8bc5cb000 	C:\Windows\SYSTEM32\Wldp.dll
0x00007ff8becc0000 - 0x00007ff8becef000 	C:\Windows\System32\IMM32.DLL
0x00007ff8bc730000 - 0x00007ff8bc742000 	C:\Windows\SYSTEM32\MSASN1.dll
0x00007ff86e970000 - 0x00007ff86ed8e000 	C:\Xilinx\Vivado\2016.1\lib\win64.o\librdi_commontasks.dll
0x00007ff85fc10000 - 0x00007ff86185d000 	C:\Xilinx\Vivado\2016.1\lib\win64.o\librdi_tcltasks.dll
0x00007ff86fba0000 - 0x00007ff86fe17000 	C:\Xilinx\Vivado\2016.1\lib\win64.o\librdi_bitstream.dll
0x00007ff875000000 - 0x00007ff87513f000 	C:\Xilinx\Vivado\2016.1\lib\win64.o\librdi_board.dll
0x00007ff890b60000 - 0x00007ff890bbd000 	C:\Xilinx\Vivado\2016.1\lib\win64.o\librdi_boarddep.dll
0x00007ff86f0d0000 - 0x00007ff86f2e1000 	C:\Xilinx\Vivado\2016.1\lib\win64.o\librdi_chipscope.dll
0x00007ff865d00000 - 0x00007ff866f61000 	C:\Xilinx\Vivado\2016.1\lib\win64.o\librdi_constraints.dll
0x00007ff883270000 - 0x00007ff883352000 	C:\Xilinx\Vivado\2016.1\lib\win64.o\librdi_containers.dll
0x00007ff854400000 - 0x00007ff856efb000 	C:\Xilinx\Vivado\2016.1\lib\win64.o\librdi_coregen.dll
0x00007ff84df60000 - 0x00007ff8517c5000 	C:\Xilinx\Vivado\2016.1\lib\win64.o\librdi_designutils.dll
0x00007ff835f70000 - 0x00007ff83ee2c000 	C:\Xilinx\Vivado\2016.1\lib\win64.o\librdi_device.dll
0x00007ff86de50000 - 0x00007ff86e070000 	C:\Xilinx\Vivado\2016.1\lib\win64.o\librdi_dlyest.dll
0x00007ff885190000 - 0x00007ff885250000 	C:\Xilinx\Vivado\2016.1\lib\win64.o\librdi_dsp.dll
0x00007ff86dc10000 - 0x00007ff86de50000 	C:\Xilinx\Vivado\2016.1\lib\win64.o\librdi_guitools.dll
0x00007ff862970000 - 0x00007ff862efd000 	C:\Xilinx\Vivado\2016.1\lib\win64.o\librdi_memdata.dll
0x00007ff8657f0000 - 0x00007ff865cf4000 	C:\Xilinx\Vivado\2016.1\lib\win64.o\librdi_drc.dll
0x00007ff863fa0000 - 0x00007ff8643d3000 	C:\Xilinx\Vivado\2016.1\lib\win64.o\librdi_netlist.dll
0x00007ff893ba0000 - 0x00007ff893bdb000 	C:\Xilinx\Vivado\2016.1\lib\win64.o\librdi_pfi.dll
0x00007ff8623b0000 - 0x00007ff862968000 	C:\Xilinx\Vivado\2016.1\lib\win64.o\librdi_power.dll
0x00007ff863a90000 - 0x00007ff863f0b000 	C:\Xilinx\Vivado\2016.1\lib\win64.o\librdi_project.dll
0x00007ff861d60000 - 0x00007ff862230000 	C:\Xilinx\Vivado\2016.1\lib\win64.o\librdi_psta.dll
0x00007ff85e9c0000 - 0x00007ff85f5ef000 	C:\Xilinx\Vivado\2016.1\lib\win64.o\librdi_route.dll
0x00007ff85d920000 - 0x00007ff85defe000 	C:\Xilinx\Vivado\2016.1\lib\win64.o\librdi_rsb.dll
0x00007ff86bf70000 - 0x00007ff86c246000 	C:\Xilinx\Vivado\2016.1\lib\win64.o\librdi_runs.dll
0x00007ff88aa70000 - 0x00007ff88aaca000 	C:\Xilinx\Vivado\2016.1\lib\win64.o\librdi_runsbase.dll
0x00007ff870b30000 - 0x00007ff870cad000 	C:\Xilinx\Vivado\2016.1\lib\win64.o\librdi_simdata.dll
0x00007ff861b70000 - 0x00007ff861d5e000 	C:\Xilinx\Vivado\2016.1\lib\win64.o\librdi_sio.dll
0x00007ff853970000 - 0x00007ff8543f1000 	C:\Xilinx\Vivado\2016.1\lib\win64.o\librdi_timing.dll
0x00007ff8858d0000 - 0x00007ff885933000 	C:\Xilinx\Vivado\2016.1\lib\win64.o\liblmx6.0.dll
0x00007ff8584f0000 - 0x00007ff859e67000 	C:\Xilinx\Vivado\2016.1\lib\win64.o\librdi_place.dll
0x00007ff863170000 - 0x00007ff8636b9000 	C:\Xilinx\Vivado\2016.1\lib\win64.o\librdi_filemgmt.dll
0x00007ff851eb0000 - 0x00007ff852563000 	C:\Xilinx\Vivado\2016.1\lib\win64.o\librdi_coregenipxact.dll
0x00007ff852ff0000 - 0x00007ff85396f000 	C:\Xilinx\Vivado\2016.1\lib\win64.o\libverific.dll
0x00007ff891060000 - 0x00007ff8910a7000 	C:\Xilinx\Vivado\2016.1\lib\win64.o\libboost_serialization.dll
0x00007ff857fb0000 - 0x00007ff8584f0000 	C:\Xilinx\Vivado\2016.1\lib\win64.o\librdi_xdm.dll
0x00007ff883680000 - 0x00007ff883717000 	C:\Xilinx\Vivado\2016.1\lib\win64.o\libise.dll
0x00007ff8930d0000 - 0x00007ff89310a000 	C:\Xilinx\Vivado\2016.1\lib\win64.o\librdi_wavedata_SimpleApi.dll
0x00007ff85e610000 - 0x00007ff85e9b1000 	C:\Xilinx\Vivado\2016.1\lib\win64.o\librdi_wavedata.dll
0x00007ff890c50000 - 0x00007ff890c92000 	C:\Xilinx\Vivado\2016.1\lib\win64.o\librdi_hdf.dll
0x00007ff861970000 - 0x00007ff861b61000 	C:\Xilinx\Vivado\2016.1\lib\win64.o\librdi_hsm.dll
0x00007ff85f990000 - 0x00007ff85fc09000 	C:\Xilinx\Vivado\2016.1\lib\win64.o\librdi_ippcw.dll
0x00007ff84c090000 - 0x00007ff84c724000 	C:\Xilinx\Vivado\2016.1\lib\win64.o\librdi_labtools.dll
0x00007ff88e7c0000 - 0x00007ff88e80d000 	C:\Xilinx\Vivado\2016.1\lib\win64.o\librdi_projectbase.dll
0x00007ff84c730000 - 0x00007ff84df60000 	C:\Xilinx\Vivado\2016.1\lib\win64.o\librdi_mig.dll
0x00007ff847b80000 - 0x00007ff849536000 	C:\Xilinx\Vivado\2016.1\lib\win64.o\librdi_synth.dll
0x00007ff87e610000 - 0x00007ff87e6c5000 	C:\Xilinx\Vivado\2016.1\lib\win64.o\librdi_hwh.dll
0x00007ff8bbf90000 - 0x00007ff8bbfcb000 	C:\Windows\SYSTEM32\IPHLPAPI.DLL
0x00007ff8518f0000 - 0x00007ff851eac000 	C:\Xilinx\Vivado\2016.1\lib\win64.o\librdi_abc_nomp.dll
0x00007ff8a7820000 - 0x00007ff8a7839000 	C:\Xilinx\Vivado\2016.1\lib\win64.o\librdi_hmetis.dll
0x00007ff882f60000 - 0x00007ff882fdf000 	C:\Xilinx\Vivado\2016.1\lib\win64.o\librdi_simbridge_kernel.dll
0x00007ff897980000 - 0x00007ff8979a8000 	C:\Xilinx\Vivado\2016.1\lib\win64.o\librdi_commoncwebtalk.dll
0x00007ff893a50000 - 0x00007ff893a7a000 	C:\Xilinx\Vivado\2016.1\lib\win64.o\librdi_hcp.dll
0x00007ff85d6b0000 - 0x00007ff85d916000 	C:\Xilinx\Vivado\2016.1\lib\win64.o\librdi_xicom_hw.dll
0x00007ff8a6700000 - 0x00007ff8a671f000 	C:\Xilinx\Vivado\2016.1\lib\win64.o\librdi_bmg.dll

VM Arguments:
jvm_args: -Dsun.java2d.pmoffscreen=false -Dsun.java2d.d3d=false -Dsun.awt.nopixfmt=true -Xverify:none -Dswing.aatext=true -XX:-UsePerfData -Djdk.map.althashing.threshold=512 -XX:StringTableSize=4072 -XX:NewSize=60m -XX:MaxNewSize=60m -Xms128m -Xmx3072m -Xss5m 
java_command: <unknown>
java_class_path (initial): C:/Xilinx/Vivado/2016.1\lib\classes\alloy.jar;C:/Xilinx/Vivado/2016.1\lib\classes\batik-anim.jar;C:/Xilinx/Vivado/2016.1\lib\classes\batik-awt-util.jar;C:/Xilinx/Vivado/2016.1\lib\classes\batik-bridge.jar;C:/Xilinx/Vivado/2016.1\lib\classes\batik-codec.jar;C:/Xilinx/Vivado/2016.1\lib\classes\batik-css.jar;C:/Xilinx/Vivado/2016.1\lib\classes\batik-dom.jar;C:/Xilinx/Vivado/2016.1\lib\classes\batik-ext.jar;C:/Xilinx/Vivado/2016.1\lib\classes\batik-gui-util.jar;C:/Xilinx/Vivado/2016.1\lib\classes\batik-gvt.jar;C:/Xilinx/Vivado/2016.1\lib\classes\batik-parser.jar;C:/Xilinx/Vivado/2016.1\lib\classes\batik-script.jar;C:/Xilinx/Vivado/2016.1\lib\classes\batik-svg-dom.jar;C:/Xilinx/Vivado/2016.1\lib\classes\batik-swing.jar;C:/Xilinx/Vivado/2016.1\lib\classes\batik-transcoder.jar;C:/Xilinx/Vivado/2016.1\lib\classes\batik-util.jar;C:/Xilinx/Vivado/2016.1\lib\classes\batik-xml.jar;C:/Xilinx/Vivado/2016.1\lib\classes\commons-math-2.2.jar;C:/Xilinx/Vivado/2016.1\lib\classes\dom4j-1.6.1.jar;C:/Xilinx/Vivado/2016.1\lib\classes\forms.jar;C:/Xilinx/Vivado/2016.1\lib\classes\guava-18.0.jar;C:/Xilinx/Vivado/2016.1\lib\classes\help.jar;C:/Xilinx/Vivado/2016.1\lib\classes\hsqldb.jar;C:/Xilinx/Vivado/2016.1\lib\classes\jh.jar;C:/Xilinx/Vivado/2016.1\lib\classes\jide-action.jar;C:/Xilinx/Vivado/2016.1\lib\classes\jide-charts.jar;C:/Xilinx/Vivado/2016.1\lib\classes\jide-common.jar;C:/Xilinx/Vivado/2016.1\lib\classes\jide-components.jar;C:/Xilinx/Vivado/2016.1\lib\classes\jide-dashboard.jar;C:/Xilinx/Vivado/2016.1\lib\classes\jide-data.jar;C:/Xilinx/Vivado/2016.1\lib\classes\jide-dialogs.jar;C:/Xilinx/Vivado/2016.1\lib\classes\jide-diff.jar;C:/Xilinx/Vivado/2016.1\lib\classes\jide-dock.jar;C:/Xilinx/Vivado/2016.1\lib\classes\jide-editor.jar;C:/Xilinx/Vivado/2016.1\lib\classes\jide-gantt.jar;C:/Xilinx/Vivado/2016.1\lib\classes\jide-grids.jar;C:/Xilinx/Vivado/2016.1\lib\classes\jide-pivot.jar;C:/Xilinx/Vivado/2016.1\lib\classes\jide-plaf-jdk7.jar;C:/Xilinx/Vivado/2
Launcher Type: generic

Environment Variables:
PATH=C:/Xilinx/Vivado/2016.1/bin;C:/Xilinx/Vivado/2016.1/lib/win64.o;C:/Xilinx/Vivado/2016.1/tps/win64/jre/bin/server;C:/Xilinx/Vivado/2016.1/tps/win64/jre/bin;C:/Xilinx/SDK/2016.1/bin;C:/Xilinx/Vivado/2016.1/ids_lite/ISE/bin/nt64;C:/Xilinx/Vivado/2016.1/ids_lite/ISE/lib/nt64;C:/Xilinx/Vivado_HLS/2016.1/bin;C:\Program Files (x86)\Common Files\Oracle\Java\java8path;C:\Program Files (x86)\Common Files\Oracle\Java\javapath;C:\Windows\system32;C:\Windows;C:\Windows\System32\Wbem;C:\Windows\System32\WindowsPowerShell\v1.0\;C:\Windows\System32\OpenSSH\;C:\Users\Nicky\Desktop\Esami\Fondamenti di Informatica\programmi\Compilatore\mingw64\mingw64\bin;C:\Program Files\dotnet\;C:\Program Files\MATLAB\R2024a\runtime\win64;C:\Program Files\MATLAB\R2024a\bin;C:\Program Files (x86)\Windows Kits\10\Windows Performance Toolkit\;C:\Program Files\Git\cmd;C:\Program Files\PVsyst8.0.5\;C:\Program Files\MySQL\MySQL Shell 8.0\bin\;C:\Users\Nicky\AppData\Local\Programs\Python\Launcher\;C:\Users\Nicky\AppData\Local\Microsoft\WindowsApps;C:\Users\Nicky\AppData\Local\Programs\Microsoft VS Code\bin;C:\compilatore\mingw64\bin;C:\Program Files (x86)\Dr. Memory\bin\
USERNAME=Nicky
OS=Windows_NT
PROCESSOR_IDENTIFIER=Intel64 Family 6 Model 42 Stepping 7, GenuineIntel



---------------  S Y S T E M  ---------------

OS: Windows 10.0 , 64 bit Build 19041 (10.0.19041.5438)

CPU:total 4 (2 cores per cpu, 2 threads per core) family 6 model 42 stepping 7, cmov, cx8, fxsr, mmx, sse, sse2, sse3, ssse3, sse4.1, sse4.2, popcnt, avx, aes, clmul, ht, tsc, tscinvbit

Memory: 4k page, physical 4072460k(386348k free), swap 16655372k(0k free)

vm_info: Java HotSpot(TM) 64-Bit Server VM (25.66-b18) for windows-amd64 JRE (1.8.0_66-b18), built on Nov  9 2015 10:51:13 by "java_re" with MS VC++ 10.0 (VS2010)

time: Tue Apr 08 11:29:15 2025
elapsed time: 5611 seconds (0d 1h 33m 31s)

