#-----------------------------------------------------------
# Vivado v2016.1 (64-bit)
# SW Build 1538259 on Fri Apr  8 15:45:27 MDT 2016
# IP Build 1537824 on Fri Apr  8 04:28:57 MDT 2016
# Start of session at: Tue Apr 08 09:55:37 2025
# Process ID: 76272
# Current directory: C:/Users/Nicky/Desktop/POLIMI/Corsi/ProveFinali/RL/project_reti_logiche
# Command line: vivado.exe -gui_launcher_event rodinguilauncherevent71020 C:\Users\Nicky\Desktop\POLIMI\Corsi\ProveFinali\RL\project_reti_logiche\project_reti_logiche.xpr
# Log file: C:/Users/Nicky/Desktop/POLIMI/Corsi/ProveFinali/RL/project_reti_logiche/vivado.log
# Journal file: C:/Users/Nicky/Desktop/POLIMI/Corsi/ProveFinali/RL/project_reti_logiche\vivado.jou
#-----------------------------------------------------------
start_gui
open_project C:/Users/Nicky/Desktop/POLIMI/Corsi/ProveFinali/RL/project_reti_logiche/project_reti_logiche.xpr
INFO: [Project 1-313] Project file moved from 'C:/Users/Nicky/Desktop/POLIMI/Corsi/Prove Finali/RL/project_reti_logiche' since last save.
Scanning sources...
Finished scanning sources
INFO: [IP_Flow 19-234] Refreshing IP repositories
INFO: [IP_Flow 19-1704] No user IP repositories specified
INFO: [IP_Flow 19-2313] Loaded Vivado IP repository 'C:/Xilinx/Vivado/2016.1/data/ip'.
open_project: Time (s): cpu = 00:00:17 ; elapsed = 00:00:08 . Memory (MB): peak = 799.773 ; gain = 144.828
update_compile_order -fileset sources_1
launch_simulation
INFO: [USF-XSim-27] Simulation object is 'sim_1'
INFO: [USF-XSim-37] Inspecting design source files for 'tb2425' in fileset 'sim_1'...
INFO: [USF-XSim-97] Finding global include files...
INFO: [USF-XSim-98] Fetching design files from 'sim_1'...
INFO: [USF-XSim-2] XSim::Compile design
INFO: [USF-XSim-61] Executing 'COMPILE and ANALYZE' step in 'C:/Users/Nicky/Desktop/POLIMI/Corsi/ProveFinali/RL/project_reti_logiche/project_reti_logiche.sim/sim_1/behav'
"xvhdl -m64 --relax -prj tb2425_vhdl.prj"
INFO: [VRFC 10-163] Analyzing VHDL file "C:/Users/Nicky/Desktop/POLIMI/Corsi/ProveFinali/RL/project_reti_logiche/project_reti_logiche.srcs/sources_1/new/project_reti_logiche.vhd" into library xil_defaultlib
INFO: [VRFC 10-307] analyzing entity project_reti_logiche
INFO: [VRFC 10-163] Analyzing VHDL file "C:/Users/Nicky/Desktop/POLIMI/Corsi/ProveFinali/RL/TestBenches/tb2425.vhd" into library xil_defaultlib
INFO: [VRFC 10-307] analyzing entity tb2425
INFO: [USF-XSim-69] 'compile' step finished in '3' seconds
INFO: [USF-XSim-3] XSim::Elaborate design
INFO: [USF-XSim-61] Executing 'ELABORATE' step in 'C:/Users/Nicky/Desktop/POLIMI/Corsi/ProveFinali/RL/project_reti_logiche/project_reti_logiche.sim/sim_1/behav'
Vivado Simulator 2016.1
Copyright 1986-1999, 2001-2016 Xilinx, Inc. All Rights Reserved.
Running: C:/Xilinx/Vivado/2016.1/bin/unwrapped/win64.o/xelab.exe -wto 9834bc025fd847b1bbab452a078469d3 --debug typical --relax --mt 2 -L xil_defaultlib -L secureip --snapshot tb2425_behav xil_defaultlib.tb2425 -log elaborate.log 
Using 2 slave threads.
Starting static elaboration
Completed static elaboration
Starting simulation data flow analysis
Completed simulation data flow analysis
Time Resolution for simulation is 1ps
Compiling package std.standard
Compiling package ieee.std_logic_1164
Compiling package ieee.numeric_std
Compiling package std.textio
Compiling architecture behavioral of entity xil_defaultlib.project_reti_logiche [project_reti_logiche_default]
Compiling architecture project_tb_arch of entity xil_defaultlib.tb2425
Built simulation snapshot tb2425_behav

****** Webtalk v2016.1 (64-bit)
  **** SW Build 1538259 on Fri Apr  8 15:45:27 MDT 2016
  **** IP Build 1537824 on Fri Apr  8 04:28:57 MDT 2016
    ** Copyright 1986-2016 Xilinx, Inc. All Rights Reserved.

source C:/Users/Nicky/Desktop/POLIMI/Corsi/ProveFinali/RL/project_reti_logiche/project_reti_logiche.sim/sim_1/behav/xsim.dir/tb2425_behav/webtalk/xsim_webtalk.tcl -notrace
INFO: [Common 17-206] Exiting Webtalk at Tue Apr 08 10:15:30 2025...
run_program: Time (s): cpu = 00:00:00 ; elapsed = 00:00:08 . Memory (MB): peak = 803.227 ; gain = 0.000
INFO: [USF-XSim-69] 'elaborate' step finished in '8' seconds
INFO: [USF-XSim-4] XSim::Simulate design
INFO: [USF-XSim-61] Executing 'SIMULATE' step in 'C:/Users/Nicky/Desktop/POLIMI/Corsi/ProveFinali/RL/project_reti_logiche/project_reti_logiche.sim/sim_1/behav'
INFO: [USF-XSim-98] *** Running xsim
   with args "tb2425_behav -key {Behavioral:sim_1:Functional:tb2425} -tclbatch {tb2425.tcl} -log {simulate.log}"
INFO: [USF-XSim-8] Loading simulator feature
Vivado Simulator 2016.1
Time resolution is 1 ps
source tb2425.tcl
# set curr_wave [current_wave_config]
# if { [string length $curr_wave] == 0 } {
#   if { [llength [get_objects]] > 0} {
#     add_wave /
#     set_property needs_save false [current_wave_config]
#   } else {
#      send_msg_id Add_Wave-1 WARNING "No top level signals found. Simulator will start without a wave window. If you want to open a wave window go to 'File->New Waveform Configuration' or type 'create_wave_config' in the TCL console."
#   }
# }
WARNING: [Wavedata 42-489] Can't add object "/tb2425/RAM" to the wave window because it has 524288 bits, which exceeds the display limit of 65536 bits.  To change the display limit, use the command "set_property display_limit <new limit> [current_wave_config]".
# run 1000ns
xsim: Time (s): cpu = 00:00:06 ; elapsed = 00:00:05 . Memory (MB): peak = 803.227 ; gain = 0.000
INFO: [USF-XSim-96] XSim completed. Design snapshot 'tb2425_behav' loaded.
INFO: [USF-XSim-97] XSim simulation ran for 1000ns
launch_simulation: Time (s): cpu = 00:00:07 ; elapsed = 00:00:16 . Memory (MB): peak = 803.227 ; gain = 0.000
add_bp {C:/Users/Nicky/Desktop/POLIMI/Corsi/ProveFinali/RL/project_reti_logiche/project_reti_logiche.srcs/sources_1/new/project_reti_logiche.vhd} 236
run all
Stopped at time : 994630 ns : File "C:/Users/Nicky/Desktop/POLIMI/Corsi/ProveFinali/RL/project_reti_logiche/project_reti_logiche.srcs/sources_1/new/project_reti_logiche.vhd" Line 236
step
Stopped at time : 994630 ns : File "C:/Users/Nicky/Desktop/POLIMI/Corsi/ProveFinali/RL/project_reti_logiche/project_reti_logiche.srcs/sources_1/new/project_reti_logiche.vhd" Line 237
step
Stopped at time : 994630 ns : File "C:/Users/Nicky/Desktop/POLIMI/Corsi/ProveFinali/RL/project_reti_logiche/project_reti_logiche.srcs/sources_1/new/project_reti_logiche.vhd" Line 239
step
Stopped at time : 994630 ns : File "C:/Users/Nicky/Desktop/POLIMI/Corsi/ProveFinali/RL/project_reti_logiche/project_reti_logiche.srcs/sources_1/new/project_reti_logiche.vhd" Line 240
step
Stopped at time : 994630 ns : File "C:/Users/Nicky/Desktop/POLIMI/Corsi/ProveFinali/RL/project_reti_logiche/project_reti_logiche.srcs/sources_1/new/project_reti_logiche.vhd" Line 242
step
Stopped at time : 994630 ns : File "C:/Users/Nicky/Desktop/POLIMI/Corsi/ProveFinali/RL/project_reti_logiche/project_reti_logiche.srcs/sources_1/new/project_reti_logiche.vhd" Line 240
step
Stopped at time : 994630 ns : File "C:/Users/Nicky/Desktop/POLIMI/Corsi/ProveFinali/RL/project_reti_logiche/project_reti_logiche.srcs/sources_1/new/project_reti_logiche.vhd" Line 242
step
Stopped at time : 994630 ns : File "C:/Users/Nicky/Desktop/POLIMI/Corsi/ProveFinali/RL/project_reti_logiche/project_reti_logiche.srcs/sources_1/new/project_reti_logiche.vhd" Line 240
step
Stopped at time : 994630 ns : File "C:/Users/Nicky/Desktop/POLIMI/Corsi/ProveFinali/RL/project_reti_logiche/project_reti_logiche.srcs/sources_1/new/project_reti_logiche.vhd" Line 242
step
Stopped at time : 994630 ns : File "C:/Users/Nicky/Desktop/POLIMI/Corsi/ProveFinali/RL/project_reti_logiche/project_reti_logiche.srcs/sources_1/new/project_reti_logiche.vhd" Line 240
step
Stopped at time : 994630 ns : File "C:/Users/Nicky/Desktop/POLIMI/Corsi/ProveFinali/RL/project_reti_logiche/project_reti_logiche.srcs/sources_1/new/project_reti_logiche.vhd" Line 244
step
Stopped at time : 994630 ns : File "C:/Users/Nicky/Desktop/POLIMI/Corsi/ProveFinali/RL/project_reti_logiche/project_reti_logiche.srcs/sources_1/new/project_reti_logiche.vhd" Line 240
step
Stopped at time : 994630 ns : File "C:/Users/Nicky/Desktop/POLIMI/Corsi/ProveFinali/RL/project_reti_logiche/project_reti_logiche.srcs/sources_1/new/project_reti_logiche.vhd" Line 244
step
Stopped at time : 994630 ns : File "C:/Users/Nicky/Desktop/POLIMI/Corsi/ProveFinali/RL/project_reti_logiche/project_reti_logiche.srcs/sources_1/new/project_reti_logiche.vhd" Line 240
step
Stopped at time : 994630 ns : File "C:/Users/Nicky/Desktop/POLIMI/Corsi/ProveFinali/RL/project_reti_logiche/project_reti_logiche.srcs/sources_1/new/project_reti_logiche.vhd" Line 244
step
Stopped at time : 994630 ns : File "C:/Users/Nicky/Desktop/POLIMI/Corsi/ProveFinali/RL/project_reti_logiche/project_reti_logiche.srcs/sources_1/new/project_reti_logiche.vhd" Line 240
step
Stopped at time : 994630 ns : File "C:/Users/Nicky/Desktop/POLIMI/Corsi/ProveFinali/RL/project_reti_logiche/project_reti_logiche.srcs/sources_1/new/project_reti_logiche.vhd" Line 244
step
Stopped at time : 994630 ns : File "C:/Users/Nicky/Desktop/POLIMI/Corsi/ProveFinali/RL/project_reti_logiche/project_reti_logiche.srcs/sources_1/new/project_reti_logiche.vhd" Line 248
step
Stopped at time : 994630 ns : File "C:/Users/Nicky/Desktop/POLIMI/Corsi/ProveFinali/RL/project_reti_logiche/project_reti_logiche.srcs/sources_1/new/project_reti_logiche.vhd" Line 251
step
Stopped at time : 994630 ns : File "C:/Users/Nicky/Desktop/POLIMI/Corsi/ProveFinali/RL/project_reti_logiche/project_reti_logiche.srcs/sources_1/new/project_reti_logiche.vhd" Line 257
step
Stopped at time : 994630 ns : File "C:/Users/Nicky/Desktop/POLIMI/Corsi/ProveFinali/RL/project_reti_logiche/project_reti_logiche.srcs/sources_1/new/project_reti_logiche.vhd" Line 276
step
Stopped at time : 994630 ns : File "C:/Users/Nicky/Desktop/POLIMI/Corsi/ProveFinali/RL/project_reti_logiche/project_reti_logiche.srcs/sources_1/new/project_reti_logiche.vhd" Line 278
step
Stopped at time : 994630 ns : File "C:/Users/Nicky/Desktop/POLIMI/Corsi/ProveFinali/RL/project_reti_logiche/project_reti_logiche.srcs/sources_1/new/project_reti_logiche.vhd" Line 281
step
Stopped at time : 994630 ns : File "C:/Users/Nicky/Desktop/POLIMI/Corsi/ProveFinali/RL/project_reti_logiche/project_reti_logiche.srcs/sources_1/new/project_reti_logiche.vhd" Line 284
step
Stopped at time : 994630 ns : File "C:/Users/Nicky/Desktop/POLIMI/Corsi/ProveFinali/RL/project_reti_logiche/project_reti_logiche.srcs/sources_1/new/project_reti_logiche.vhd" Line 286
step
Stopped at time : 994630 ns : File "C:/Users/Nicky/Desktop/POLIMI/Corsi/ProveFinali/RL/TestBenches/tb2425.vhd" Line 84
step
Stopped at time : 994630 ns : File "C:/Users/Nicky/Desktop/POLIMI/Corsi/ProveFinali/RL/TestBenches/tb2425.vhd" Line 89
step
Stopped at time : 994630 ns : File "C:/Users/Nicky/Desktop/POLIMI/Corsi/ProveFinali/RL/TestBenches/tb2425.vhd" Line 90
step
Stopped at time : 994630 ns : File "C:/Users/Nicky/Desktop/POLIMI/Corsi/ProveFinali/RL/TestBenches/tb2425.vhd" Line 91
step
Stopped at time : 994630 ns : File "C:/Users/Nicky/Desktop/POLIMI/Corsi/ProveFinali/RL/TestBenches/tb2425.vhd" Line 95
step
Stopped at time : 994630 ns : File "C:/Users/Nicky/Desktop/POLIMI/Corsi/ProveFinali/RL/TestBenches/tb2425.vhd" Line 165
step
Stopped at time : 994630 ns : File "C:/Users/Nicky/Desktop/POLIMI/Corsi/ProveFinali/RL/TestBenches/tb2425.vhd" Line 191
step
Stopped at time : 994630 ns : File "C:/Users/Nicky/Desktop/POLIMI/Corsi/ProveFinali/RL/TestBenches/tb2425.vhd" Line 108
step
Stopped at time : 994630 ns : File "C:/Users/Nicky/Desktop/POLIMI/Corsi/ProveFinali/RL/TestBenches/tb2425.vhd" Line 109
step
Stopped at time : 994630 ns : File "C:/Users/Nicky/Desktop/POLIMI/Corsi/ProveFinali/RL/TestBenches/tb2425.vhd" Line 110
step
Stopped at time : 994630 ns : File "C:/Users/Nicky/Desktop/POLIMI/Corsi/ProveFinali/RL/TestBenches/tb2425.vhd" Line 111
step
Stopped at time : 994630 ns : File "C:/Users/Nicky/Desktop/POLIMI/Corsi/ProveFinali/RL/TestBenches/tb2425.vhd" Line 113
step
Stopped at time : 994630 ns : File "C:/Users/Nicky/Desktop/POLIMI/Corsi/ProveFinali/RL/TestBenches/tb2425.vhd" Line 114
step
Stopped at time : 994630 ns : File "C:/Users/Nicky/Desktop/POLIMI/Corsi/ProveFinali/RL/TestBenches/tb2425.vhd" Line 115
step
Stopped at time : 994630 ns : File "C:/Users/Nicky/Desktop/POLIMI/Corsi/ProveFinali/RL/TestBenches/tb2425.vhd" Line 116
step
Stopped at time : 994630 ns : File "C:/Users/Nicky/Desktop/POLIMI/Corsi/ProveFinali/RL/TestBenches/tb2425.vhd" Line 117
step
Stopped at time : 994630 ns : File "C:/Users/Nicky/Desktop/POLIMI/Corsi/ProveFinali/RL/project_reti_logiche/project_reti_logiche.srcs/sources_1/new/project_reti_logiche.vhd" Line 86
step
Stopped at time : 994630 ns : File "C:/Users/Nicky/Desktop/POLIMI/Corsi/ProveFinali/RL/project_reti_logiche/project_reti_logiche.srcs/sources_1/new/project_reti_logiche.vhd" Line 88
step
Stopped at time : 994630 ns : File "C:/Users/Nicky/Desktop/POLIMI/Corsi/ProveFinali/RL/project_reti_logiche/project_reti_logiche.srcs/sources_1/new/project_reti_logiche.vhd" Line 114
step
Stopped at time : 994640 ns : File "C:/Users/Nicky/Desktop/POLIMI/Corsi/ProveFinali/RL/project_reti_logiche/project_reti_logiche.srcs/sources_1/new/project_reti_logiche.vhd" Line 75
step
Stopped at time : 994640 ns : File "C:/Users/Nicky/Desktop/POLIMI/Corsi/ProveFinali/RL/project_reti_logiche/project_reti_logiche.srcs/sources_1/new/project_reti_logiche.vhd" Line 77
step
Stopped at time : 994640 ns : File "C:/Users/Nicky/Desktop/POLIMI/Corsi/ProveFinali/RL/project_reti_logiche/project_reti_logiche.srcs/sources_1/new/project_reti_logiche.vhd" Line 135
step
Stopped at time : 994640 ns : File "C:/Users/Nicky/Desktop/POLIMI/Corsi/ProveFinali/RL/project_reti_logiche/project_reti_logiche.srcs/sources_1/new/project_reti_logiche.vhd" Line 162
step
Stopped at time : 994640 ns : File "C:/Users/Nicky/Desktop/POLIMI/Corsi/ProveFinali/RL/TestBenches/tb2425.vhd" Line 84
step
Stopped at time : 994640 ns : File "C:/Users/Nicky/Desktop/POLIMI/Corsi/ProveFinali/RL/TestBenches/tb2425.vhd" Line 89
step
Stopped at time : 994650 ns : File "C:/Users/Nicky/Desktop/POLIMI/Corsi/ProveFinali/RL/project_reti_logiche/project_reti_logiche.srcs/sources_1/new/project_reti_logiche.vhd" Line 75
step
Stopped at time : 994650 ns : File "C:/Users/Nicky/Desktop/POLIMI/Corsi/ProveFinali/RL/project_reti_logiche/project_reti_logiche.srcs/sources_1/new/project_reti_logiche.vhd" Line 77
step
Stopped at time : 994650 ns : File "C:/Users/Nicky/Desktop/POLIMI/Corsi/ProveFinali/RL/project_reti_logiche/project_reti_logiche.srcs/sources_1/new/project_reti_logiche.vhd" Line 78
step
Stopped at time : 994650 ns : File "C:/Users/Nicky/Desktop/POLIMI/Corsi/ProveFinali/RL/project_reti_logiche/project_reti_logiche.srcs/sources_1/new/project_reti_logiche.vhd" Line 135
step
Stopped at time : 994650 ns : File "C:/Users/Nicky/Desktop/POLIMI/Corsi/ProveFinali/RL/project_reti_logiche/project_reti_logiche.srcs/sources_1/new/project_reti_logiche.vhd" Line 162
step
Stopped at time : 994650 ns : File "C:/Users/Nicky/Desktop/POLIMI/Corsi/ProveFinali/RL/project_reti_logiche/project_reti_logiche.srcs/sources_1/new/project_reti_logiche.vhd" Line 164
step
Stopped at time : 994650 ns : File "C:/Users/Nicky/Desktop/POLIMI/Corsi/ProveFinali/RL/project_reti_logiche/project_reti_logiche.srcs/sources_1/new/project_reti_logiche.vhd" Line 165
step
Stopped at time : 994650 ns : File "C:/Users/Nicky/Desktop/POLIMI/Corsi/ProveFinali/RL/project_reti_logiche/project_reti_logiche.srcs/sources_1/new/project_reti_logiche.vhd" Line 167
step
Stopped at time : 994650 ns : File "C:/Users/Nicky/Desktop/POLIMI/Corsi/ProveFinali/RL/project_reti_logiche/project_reti_logiche.srcs/sources_1/new/project_reti_logiche.vhd" Line 236
step
Stopped at time : 994650 ns : File "C:/Users/Nicky/Desktop/POLIMI/Corsi/ProveFinali/RL/project_reti_logiche/project_reti_logiche.srcs/sources_1/new/project_reti_logiche.vhd" Line 237
step
Stopped at time : 994650 ns : File "C:/Users/Nicky/Desktop/POLIMI/Corsi/ProveFinali/RL/project_reti_logiche/project_reti_logiche.srcs/sources_1/new/project_reti_logiche.vhd" Line 239
restart
INFO: [Simtcl 6-17] Simulation restarted
remove_bps -file {C:/Users/Nicky/Desktop/POLIMI/Corsi/ProveFinali/RL/project_reti_logiche/project_reti_logiche.srcs/sources_1/new/project_reti_logiche.vhd} -line 236
add_bp {C:/Users/Nicky/Desktop/POLIMI/Corsi/ProveFinali/RL/TestBenches/tb2425.vhd} 162
run all
Stopped at time : 940 ns : File "C:/Users/Nicky/Desktop/POLIMI/Corsi/ProveFinali/RL/TestBenches/tb2425.vhd" Line 162
step
Stopped at time : 940 ns : File "C:/Users/Nicky/Desktop/POLIMI/Corsi/ProveFinali/RL/TestBenches/tb2425.vhd" Line 164
step
Stopped at time : 940 ns : File "C:/Users/Nicky/Desktop/POLIMI/Corsi/ProveFinali/RL/TestBenches/tb2425.vhd" Line 165
step
Stopped at time : 940 ns : File "C:/Users/Nicky/Desktop/POLIMI/Corsi/ProveFinali/RL/TestBenches/tb2425.vhd" Line 108
step
Stopped at time : 940 ns : File "C:/Users/Nicky/Desktop/POLIMI/Corsi/ProveFinali/RL/TestBenches/tb2425.vhd" Line 109
step
Stopped at time : 940 ns : File "C:/Users/Nicky/Desktop/POLIMI/Corsi/ProveFinali/RL/TestBenches/tb2425.vhd" Line 110
step
Stopped at time : 940 ns : File "C:/Users/Nicky/Desktop/POLIMI/Corsi/ProveFinali/RL/TestBenches/tb2425.vhd" Line 111
step
Stopped at time : 940 ns : File "C:/Users/Nicky/Desktop/POLIMI/Corsi/ProveFinali/RL/TestBenches/tb2425.vhd" Line 113
step
Stopped at time : 940 ns : File "C:/Users/Nicky/Desktop/POLIMI/Corsi/ProveFinali/RL/TestBenches/tb2425.vhd" Line 114
step
Stopped at time : 940 ns : File "C:/Users/Nicky/Desktop/POLIMI/Corsi/ProveFinali/RL/TestBenches/tb2425.vhd" Line 115
step
Stopped at time : 940 ns : File "C:/Users/Nicky/Desktop/POLIMI/Corsi/ProveFinali/RL/TestBenches/tb2425.vhd" Line 116
step
Stopped at time : 940 ns : File "C:/Users/Nicky/Desktop/POLIMI/Corsi/ProveFinali/RL/TestBenches/tb2425.vhd" Line 117
step
Stopped at time : 940 ns : File "C:/Users/Nicky/Desktop/POLIMI/Corsi/ProveFinali/RL/project_reti_logiche/project_reti_logiche.srcs/sources_1/new/project_reti_logiche.vhd" Line 86
step
Stopped at time : 940 ns : File "C:/Users/Nicky/Desktop/POLIMI/Corsi/ProveFinali/RL/project_reti_logiche/project_reti_logiche.srcs/sources_1/new/project_reti_logiche.vhd" Line 88
step
Stopped at time : 940 ns : File "C:/Users/Nicky/Desktop/POLIMI/Corsi/ProveFinali/RL/project_reti_logiche/project_reti_logiche.srcs/sources_1/new/project_reti_logiche.vhd" Line 90
step
Stopped at time : 940 ns : File "C:/Users/Nicky/Desktop/POLIMI/Corsi/ProveFinali/RL/project_reti_logiche/project_reti_logiche.srcs/sources_1/new/project_reti_logiche.vhd" Line 91
step
Stopped at time : 940 ns : File "C:/Users/Nicky/Desktop/POLIMI/Corsi/ProveFinali/RL/TestBenches/tb2425.vhd" Line 190
step
Stopped at time : 940 ns : File "C:/Users/Nicky/Desktop/POLIMI/Corsi/ProveFinali/RL/TestBenches/tb2425.vhd" Line 191
step
Stopped at time : 950 ns : File "C:/Users/Nicky/Desktop/POLIMI/Corsi/ProveFinali/RL/project_reti_logiche/project_reti_logiche.srcs/sources_1/new/project_reti_logiche.vhd" Line 75
step
Stopped at time : 950 ns : File "C:/Users/Nicky/Desktop/POLIMI/Corsi/ProveFinali/RL/project_reti_logiche/project_reti_logiche.srcs/sources_1/new/project_reti_logiche.vhd" Line 77
step
Stopped at time : 950 ns : File "C:/Users/Nicky/Desktop/POLIMI/Corsi/ProveFinali/RL/project_reti_logiche/project_reti_logiche.srcs/sources_1/new/project_reti_logiche.vhd" Line 78
step
Stopped at time : 950 ns : File "C:/Users/Nicky/Desktop/POLIMI/Corsi/ProveFinali/RL/project_reti_logiche/project_reti_logiche.srcs/sources_1/new/project_reti_logiche.vhd" Line 135
step
Stopped at time : 950 ns : File "C:/Users/Nicky/Desktop/POLIMI/Corsi/ProveFinali/RL/project_reti_logiche/project_reti_logiche.srcs/sources_1/new/project_reti_logiche.vhd" Line 162
step
Stopped at time : 950 ns : File "C:/Users/Nicky/Desktop/POLIMI/Corsi/ProveFinali/RL/project_reti_logiche/project_reti_logiche.srcs/sources_1/new/project_reti_logiche.vhd" Line 164
step
Stopped at time : 950 ns : File "C:/Users/Nicky/Desktop/POLIMI/Corsi/ProveFinali/RL/project_reti_logiche/project_reti_logiche.srcs/sources_1/new/project_reti_logiche.vhd" Line 165
step
Stopped at time : 950 ns : File "C:/Users/Nicky/Desktop/POLIMI/Corsi/ProveFinali/RL/project_reti_logiche/project_reti_logiche.srcs/sources_1/new/project_reti_logiche.vhd" Line 167
step
Stopped at time : 950 ns : File "C:/Users/Nicky/Desktop/POLIMI/Corsi/ProveFinali/RL/project_reti_logiche/project_reti_logiche.srcs/sources_1/new/project_reti_logiche.vhd" Line 170
step
Stopped at time : 950 ns : File "C:/Users/Nicky/Desktop/POLIMI/Corsi/ProveFinali/RL/project_reti_logiche/project_reti_logiche.srcs/sources_1/new/project_reti_logiche.vhd" Line 171
step
Stopped at time : 950 ns : File "C:/Users/Nicky/Desktop/POLIMI/Corsi/ProveFinali/RL/project_reti_logiche/project_reti_logiche.srcs/sources_1/new/project_reti_logiche.vhd" Line 172
step
Stopped at time : 950 ns : File "C:/Users/Nicky/Desktop/POLIMI/Corsi/ProveFinali/RL/project_reti_logiche/project_reti_logiche.srcs/sources_1/new/project_reti_logiche.vhd" Line 173
step
Stopped at time : 950 ns : File "C:/Users/Nicky/Desktop/POLIMI/Corsi/ProveFinali/RL/project_reti_logiche/project_reti_logiche.srcs/sources_1/new/project_reti_logiche.vhd" Line 174
step
Stopped at time : 950 ns : File "C:/Users/Nicky/Desktop/POLIMI/Corsi/ProveFinali/RL/project_reti_logiche/project_reti_logiche.srcs/sources_1/new/project_reti_logiche.vhd" Line 175
step
Stopped at time : 950 ns : File "C:/Users/Nicky/Desktop/POLIMI/Corsi/ProveFinali/RL/TestBenches/tb2425.vhd" Line 84
step
Stopped at time : 950 ns : File "C:/Users/Nicky/Desktop/POLIMI/Corsi/ProveFinali/RL/TestBenches/tb2425.vhd" Line 89
step
Stopped at time : 950 ns : File "C:/Users/Nicky/Desktop/POLIMI/Corsi/ProveFinali/RL/TestBenches/tb2425.vhd" Line 90
step
Stopped at time : 950 ns : File "C:/Users/Nicky/Desktop/POLIMI/Corsi/ProveFinali/RL/TestBenches/tb2425.vhd" Line 165
step
Stopped at time : 950 ns : File "C:/Users/Nicky/Desktop/POLIMI/Corsi/ProveFinali/RL/TestBenches/tb2425.vhd" Line 191
step
Stopped at time : 950 ns : File "C:/Users/Nicky/Desktop/POLIMI/Corsi/ProveFinali/RL/project_reti_logiche/project_reti_logiche.srcs/sources_1/new/project_reti_logiche.vhd" Line 86
step
Stopped at time : 950 ns : File "C:/Users/Nicky/Desktop/POLIMI/Corsi/ProveFinali/RL/project_reti_logiche/project_reti_logiche.srcs/sources_1/new/project_reti_logiche.vhd" Line 88
step
Stopped at time : 950 ns : File "C:/Users/Nicky/Desktop/POLIMI/Corsi/ProveFinali/RL/project_reti_logiche/project_reti_logiche.srcs/sources_1/new/project_reti_logiche.vhd" Line 95
step
Stopped at time : 950 ns : File "C:/Users/Nicky/Desktop/POLIMI/Corsi/ProveFinali/RL/TestBenches/tb2425.vhd" Line 108
step
Stopped at time : 950 ns : File "C:/Users/Nicky/Desktop/POLIMI/Corsi/ProveFinali/RL/TestBenches/tb2425.vhd" Line 109
step
Stopped at time : 950 ns : File "C:/Users/Nicky/Desktop/POLIMI/Corsi/ProveFinali/RL/TestBenches/tb2425.vhd" Line 110
step
Stopped at time : 950 ns : File "C:/Users/Nicky/Desktop/POLIMI/Corsi/ProveFinali/RL/TestBenches/tb2425.vhd" Line 111
step
Stopped at time : 950 ns : File "C:/Users/Nicky/Desktop/POLIMI/Corsi/ProveFinali/RL/TestBenches/tb2425.vhd" Line 113
step
Stopped at time : 950 ns : File "C:/Users/Nicky/Desktop/POLIMI/Corsi/ProveFinali/RL/TestBenches/tb2425.vhd" Line 114
step
Stopped at time : 950 ns : File "C:/Users/Nicky/Desktop/POLIMI/Corsi/ProveFinali/RL/TestBenches/tb2425.vhd" Line 115
step
Stopped at time : 950 ns : File "C:/Users/Nicky/Desktop/POLIMI/Corsi/ProveFinali/RL/TestBenches/tb2425.vhd" Line 116
step
Stopped at time : 950 ns : File "C:/Users/Nicky/Desktop/POLIMI/Corsi/ProveFinali/RL/TestBenches/tb2425.vhd" Line 117
step
Stopped at time : 960 ns : File "C:/Users/Nicky/Desktop/POLIMI/Corsi/ProveFinali/RL/project_reti_logiche/project_reti_logiche.srcs/sources_1/new/project_reti_logiche.vhd" Line 75
step
Stopped at time : 960 ns : File "C:/Users/Nicky/Desktop/POLIMI/Corsi/ProveFinali/RL/project_reti_logiche/project_reti_logiche.srcs/sources_1/new/project_reti_logiche.vhd" Line 77
step
Stopped at time : 960 ns : File "C:/Users/Nicky/Desktop/POLIMI/Corsi/ProveFinali/RL/project_reti_logiche/project_reti_logiche.srcs/sources_1/new/project_reti_logiche.vhd" Line 135
step
Stopped at time : 960 ns : File "C:/Users/Nicky/Desktop/POLIMI/Corsi/ProveFinali/RL/project_reti_logiche/project_reti_logiche.srcs/sources_1/new/project_reti_logiche.vhd" Line 162
step
Stopped at time : 960 ns : File "C:/Users/Nicky/Desktop/POLIMI/Corsi/ProveFinali/RL/TestBenches/tb2425.vhd" Line 84
step
Stopped at time : 960 ns : File "C:/Users/Nicky/Desktop/POLIMI/Corsi/ProveFinali/RL/TestBenches/tb2425.vhd" Line 89
step
Stopped at time : 970 ns : File "C:/Users/Nicky/Desktop/POLIMI/Corsi/ProveFinali/RL/project_reti_logiche/project_reti_logiche.srcs/sources_1/new/project_reti_logiche.vhd" Line 75
step
Stopped at time : 970 ns : File "C:/Users/Nicky/Desktop/POLIMI/Corsi/ProveFinali/RL/project_reti_logiche/project_reti_logiche.srcs/sources_1/new/project_reti_logiche.vhd" Line 77
step
Stopped at time : 970 ns : File "C:/Users/Nicky/Desktop/POLIMI/Corsi/ProveFinali/RL/project_reti_logiche/project_reti_logiche.srcs/sources_1/new/project_reti_logiche.vhd" Line 78
step
Stopped at time : 970 ns : File "C:/Users/Nicky/Desktop/POLIMI/Corsi/ProveFinali/RL/project_reti_logiche/project_reti_logiche.srcs/sources_1/new/project_reti_logiche.vhd" Line 135
step
Stopped at time : 970 ns : File "C:/Users/Nicky/Desktop/POLIMI/Corsi/ProveFinali/RL/project_reti_logiche/project_reti_logiche.srcs/sources_1/new/project_reti_logiche.vhd" Line 162
step
Stopped at time : 970 ns : File "C:/Users/Nicky/Desktop/POLIMI/Corsi/ProveFinali/RL/project_reti_logiche/project_reti_logiche.srcs/sources_1/new/project_reti_logiche.vhd" Line 164
step
Stopped at time : 970 ns : File "C:/Users/Nicky/Desktop/POLIMI/Corsi/ProveFinali/RL/project_reti_logiche/project_reti_logiche.srcs/sources_1/new/project_reti_logiche.vhd" Line 165
step
Stopped at time : 970 ns : File "C:/Users/Nicky/Desktop/POLIMI/Corsi/ProveFinali/RL/project_reti_logiche/project_reti_logiche.srcs/sources_1/new/project_reti_logiche.vhd" Line 167
step
Stopped at time : 970 ns : File "C:/Users/Nicky/Desktop/POLIMI/Corsi/ProveFinali/RL/project_reti_logiche/project_reti_logiche.srcs/sources_1/new/project_reti_logiche.vhd" Line 180
step
Stopped at time : 970 ns : File "C:/Users/Nicky/Desktop/POLIMI/Corsi/ProveFinali/RL/project_reti_logiche/project_reti_logiche.srcs/sources_1/new/project_reti_logiche.vhd" Line 181
step
Stopped at time : 970 ns : File "C:/Users/Nicky/Desktop/POLIMI/Corsi/ProveFinali/RL/project_reti_logiche/project_reti_logiche.srcs/sources_1/new/project_reti_logiche.vhd" Line 182
step
Stopped at time : 970 ns : File "C:/Users/Nicky/Desktop/POLIMI/Corsi/ProveFinali/RL/project_reti_logiche/project_reti_logiche.srcs/sources_1/new/project_reti_logiche.vhd" Line 183
step
Stopped at time : 970 ns : File "C:/Users/Nicky/Desktop/POLIMI/Corsi/ProveFinali/RL/TestBenches/tb2425.vhd" Line 84
step
Stopped at time : 970 ns : File "C:/Users/Nicky/Desktop/POLIMI/Corsi/ProveFinali/RL/TestBenches/tb2425.vhd" Line 89
step
Stopped at time : 970 ns : File "C:/Users/Nicky/Desktop/POLIMI/Corsi/ProveFinali/RL/TestBenches/tb2425.vhd" Line 90
step
Stopped at time : 970 ns : File "C:/Users/Nicky/Desktop/POLIMI/Corsi/ProveFinali/RL/TestBenches/tb2425.vhd" Line 91
step
Stopped at time : 970 ns : File "C:/Users/Nicky/Desktop/POLIMI/Corsi/ProveFinali/RL/TestBenches/tb2425.vhd" Line 95
step
Stopped at time : 970 ns : File "C:/Users/Nicky/Desktop/POLIMI/Corsi/ProveFinali/RL/TestBenches/tb2425.vhd" Line 165
step
Stopped at time : 970 ns : File "C:/Users/Nicky/Desktop/POLIMI/Corsi/ProveFinali/RL/TestBenches/tb2425.vhd" Line 191
step
Stopped at time : 970 ns : File "C:/Users/Nicky/Desktop/POLIMI/Corsi/ProveFinali/RL/project_reti_logiche/project_reti_logiche.srcs/sources_1/new/project_reti_logiche.vhd" Line 86
step
Stopped at time : 970 ns : File "C:/Users/Nicky/Desktop/POLIMI/Corsi/ProveFinali/RL/project_reti_logiche/project_reti_logiche.srcs/sources_1/new/project_reti_logiche.vhd" Line 88
step
Stopped at time : 970 ns : File "C:/Users/Nicky/Desktop/POLIMI/Corsi/ProveFinali/RL/project_reti_logiche/project_reti_logiche.srcs/sources_1/new/project_reti_logiche.vhd" Line 98
step
Stopped at time : 970 ns : File "C:/Users/Nicky/Desktop/POLIMI/Corsi/ProveFinali/RL/TestBenches/tb2425.vhd" Line 108
step
Stopped at time : 970 ns : File "C:/Users/Nicky/Desktop/POLIMI/Corsi/ProveFinali/RL/TestBenches/tb2425.vhd" Line 109
step
Stopped at time : 970 ns : File "C:/Users/Nicky/Desktop/POLIMI/Corsi/ProveFinali/RL/TestBenches/tb2425.vhd" Line 110
step
Stopped at time : 970 ns : File "C:/Users/Nicky/Desktop/POLIMI/Corsi/ProveFinali/RL/TestBenches/tb2425.vhd" Line 111
step
Stopped at time : 970 ns : File "C:/Users/Nicky/Desktop/POLIMI/Corsi/ProveFinali/RL/TestBenches/tb2425.vhd" Line 113
step
Stopped at time : 970 ns : File "C:/Users/Nicky/Desktop/POLIMI/Corsi/ProveFinali/RL/TestBenches/tb2425.vhd" Line 114
step
Stopped at time : 970 ns : File "C:/Users/Nicky/Desktop/POLIMI/Corsi/ProveFinali/RL/TestBenches/tb2425.vhd" Line 115
step
Stopped at time : 970 ns : File "C:/Users/Nicky/Desktop/POLIMI/Corsi/ProveFinali/RL/TestBenches/tb2425.vhd" Line 116
step
Stopped at time : 970 ns : File "C:/Users/Nicky/Desktop/POLIMI/Corsi/ProveFinali/RL/TestBenches/tb2425.vhd" Line 117
step
Stopped at time : 980 ns : File "C:/Users/Nicky/Desktop/POLIMI/Corsi/ProveFinali/RL/project_reti_logiche/project_reti_logiche.srcs/sources_1/new/project_reti_logiche.vhd" Line 75
step
Stopped at time : 980 ns : File "C:/Users/Nicky/Desktop/POLIMI/Corsi/ProveFinali/RL/project_reti_logiche/project_reti_logiche.srcs/sources_1/new/project_reti_logiche.vhd" Line 77
step
Stopped at time : 980 ns : File "C:/Users/Nicky/Desktop/POLIMI/Corsi/ProveFinali/RL/project_reti_logiche/project_reti_logiche.srcs/sources_1/new/project_reti_logiche.vhd" Line 135
step
Stopped at time : 980 ns : File "C:/Users/Nicky/Desktop/POLIMI/Corsi/ProveFinali/RL/project_reti_logiche/project_reti_logiche.srcs/sources_1/new/project_reti_logiche.vhd" Line 162
step
Stopped at time : 980 ns : File "C:/Users/Nicky/Desktop/POLIMI/Corsi/ProveFinali/RL/TestBenches/tb2425.vhd" Line 84
restart
INFO: [Simtcl 6-17] Simulation restarted
close_sim
INFO: [Simtcl 6-16] Simulation closed
close_sim: Time (s): cpu = 00:00:00 ; elapsed = 00:00:06 . Memory (MB): peak = 846.625 ; gain = 0.000
launch_simulation
INFO: [USF-XSim-27] Simulation object is 'sim_1'
INFO: [USF-XSim-37] Inspecting design source files for 'tb2425' in fileset 'sim_1'...
INFO: [USF-XSim-97] Finding global include files...
INFO: [USF-XSim-98] Fetching design files from 'sim_1'...
INFO: [USF-XSim-2] XSim::Compile design
INFO: [USF-XSim-61] Executing 'COMPILE and ANALYZE' step in 'C:/Users/Nicky/Desktop/POLIMI/Corsi/ProveFinali/RL/project_reti_logiche/project_reti_logiche.sim/sim_1/behav'
"xvhdl -m64 --relax -prj tb2425_vhdl.prj"
INFO: [VRFC 10-163] Analyzing VHDL file "C:/Users/Nicky/Desktop/POLIMI/Corsi/ProveFinali/RL/project_reti_logiche/project_reti_logiche.srcs/sources_1/new/project_reti_logiche.vhd" into library xil_defaultlib
INFO: [VRFC 10-307] analyzing entity project_reti_logiche
INFO: [VRFC 10-163] Analyzing VHDL file "C:/Users/Nicky/Desktop/POLIMI/Corsi/ProveFinali/RL/TestBenches/tb2425.vhd" into library xil_defaultlib
INFO: [VRFC 10-307] analyzing entity tb2425
INFO: [USF-XSim-69] 'compile' step finished in '1' seconds
INFO: [USF-XSim-3] XSim::Elaborate design
INFO: [USF-XSim-61] Executing 'ELABORATE' step in 'C:/Users/Nicky/Desktop/POLIMI/Corsi/ProveFinali/RL/project_reti_logiche/project_reti_logiche.sim/sim_1/behav'
Vivado Simulator 2016.1
Copyright 1986-1999, 2001-2016 Xilinx, Inc. All Rights Reserved.
Running: C:/Xilinx/Vivado/2016.1/bin/unwrapped/win64.o/xelab.exe -wto 9834bc025fd847b1bbab452a078469d3 --debug typical --relax --mt 2 -L xil_defaultlib -L secureip --snapshot tb2425_behav xil_defaultlib.tb2425 -log elaborate.log 
Using 2 slave threads.
Starting static elaboration
Completed static elaboration
Starting simulation data flow analysis
Completed simulation data flow analysis
Time Resolution for simulation is 1ps
Compiling package std.standard
Compiling package ieee.std_logic_1164
Compiling package ieee.numeric_std
Compiling package std.textio
Compiling architecture behavioral of entity xil_defaultlib.project_reti_logiche [project_reti_logiche_default]
Compiling architecture project_tb_arch of entity xil_defaultlib.tb2425
Built simulation snapshot tb2425_behav

****** Webtalk v2016.1 (64-bit)
  **** SW Build 1538259 on Fri Apr  8 15:45:27 MDT 2016
  **** IP Build 1537824 on Fri Apr  8 04:28:57 MDT 2016
    ** Copyright 1986-2016 Xilinx, Inc. All Rights Reserved.

source C:/Users/Nicky/Desktop/POLIMI/Corsi/ProveFinali/RL/project_reti_logiche/project_reti_logiche.sim/sim_1/behav/xsim.dir/tb2425_behav/webtalk/xsim_webtalk.tcl -notrace
INFO: [Common 17-206] Exiting Webtalk at Tue Apr 08 10:35:34 2025...
run_program: Time (s): cpu = 00:00:01 ; elapsed = 00:00:07 . Memory (MB): peak = 846.625 ; gain = 0.000
INFO: [USF-XSim-69] 'elaborate' step finished in '7' seconds
INFO: [USF-XSim-4] XSim::Simulate design
INFO: [USF-XSim-61] Executing 'SIMULATE' step in 'C:/Users/Nicky/Desktop/POLIMI/Corsi/ProveFinali/RL/project_reti_logiche/project_reti_logiche.sim/sim_1/behav'
INFO: [USF-XSim-98] *** Running xsim
   with args "tb2425_behav -key {Behavioral:sim_1:Functional:tb2425} -tclbatch {tb2425.tcl} -log {simulate.log}"
INFO: [USF-XSim-8] Loading simulator feature
Vivado Simulator 2016.1
Time resolution is 1 ps
source tb2425.tcl
# set curr_wave [current_wave_config]
# if { [string length $curr_wave] == 0 } {
#   if { [llength [get_objects]] > 0} {
#     add_wave /
#     set_property needs_save false [current_wave_config]
#   } else {
#      send_msg_id Add_Wave-1 WARNING "No top level signals found. Simulator will start without a wave window. If you want to open a wave window go to 'File->New Waveform Configuration' or type 'create_wave_config' in the TCL console."
#   }
# }
WARNING: [Wavedata 42-489] Can't add object "/tb2425/RAM" to the wave window because it has 524288 bits, which exceeds the display limit of 65536 bits.  To change the display limit, use the command "set_property display_limit <new limit> [current_wave_config]".
# run 1000ns
INFO: [USF-XSim-96] XSim completed. Design snapshot 'tb2425_behav' loaded.
INFO: [USF-XSim-97] XSim simulation ran for 1000ns
launch_simulation: Time (s): cpu = 00:00:04 ; elapsed = 00:00:12 . Memory (MB): peak = 846.625 ; gain = 0.000
add_bp {C:/Users/Nicky/Desktop/POLIMI/Corsi/ProveFinali/RL/project_reti_logiche/project_reti_logiche.srcs/sources_1/new/project_reti_logiche.vhd} 180
run all
Failure: TEST FALLITO @ OFFSET=41 expected= 11 actual=0
Time: 2981250 ns  Iteration: 0  Process: /tb2425/test_routine  File: C:/Users/Nicky/Desktop/POLIMI/Corsi/ProveFinali/RL/TestBenches/tb2425.vhd
$finish called at time : 2981250 ns : File "C:/Users/Nicky/Desktop/POLIMI/Corsi/ProveFinali/RL/TestBenches/tb2425.vhd" Line 197
step
Stopped at time : 2981250 ns : File "C:/Users/Nicky/Desktop/POLIMI/Corsi/ProveFinali/RL/TestBenches/tb2425.vhd" Line 197
restart
INFO: [Simtcl 6-17] Simulation restarted
run all
Stopped at time : 970 ns : File "C:/Users/Nicky/Desktop/POLIMI/Corsi/ProveFinali/RL/project_reti_logiche/project_reti_logiche.srcs/sources_1/new/project_reti_logiche.vhd" Line 180
step
Stopped at time : 970 ns : File "C:/Users/Nicky/Desktop/POLIMI/Corsi/ProveFinali/RL/project_reti_logiche/project_reti_logiche.srcs/sources_1/new/project_reti_logiche.vhd" Line 181
step
Stopped at time : 970 ns : File "C:/Users/Nicky/Desktop/POLIMI/Corsi/ProveFinali/RL/project_reti_logiche/project_reti_logiche.srcs/sources_1/new/project_reti_logiche.vhd" Line 182
step
Stopped at time : 970 ns : File "C:/Users/Nicky/Desktop/POLIMI/Corsi/ProveFinali/RL/project_reti_logiche/project_reti_logiche.srcs/sources_1/new/project_reti_logiche.vhd" Line 183
step
Stopped at time : 970 ns : File "C:/Users/Nicky/Desktop/POLIMI/Corsi/ProveFinali/RL/TestBenches/tb2425.vhd" Line 84
step
Stopped at time : 970 ns : File "C:/Users/Nicky/Desktop/POLIMI/Corsi/ProveFinali/RL/TestBenches/tb2425.vhd" Line 89
step
Stopped at time : 970 ns : File "C:/Users/Nicky/Desktop/POLIMI/Corsi/ProveFinali/RL/TestBenches/tb2425.vhd" Line 90
step
Stopped at time : 970 ns : File "C:/Users/Nicky/Desktop/POLIMI/Corsi/ProveFinali/RL/TestBenches/tb2425.vhd" Line 91
step
Stopped at time : 970 ns : File "C:/Users/Nicky/Desktop/POLIMI/Corsi/ProveFinali/RL/TestBenches/tb2425.vhd" Line 95
step
Stopped at time : 970 ns : File "C:/Users/Nicky/Desktop/POLIMI/Corsi/ProveFinali/RL/TestBenches/tb2425.vhd" Line 165
step
Stopped at time : 970 ns : File "C:/Users/Nicky/Desktop/POLIMI/Corsi/ProveFinali/RL/TestBenches/tb2425.vhd" Line 191
step
Stopped at time : 970 ns : File "C:/Users/Nicky/Desktop/POLIMI/Corsi/ProveFinali/RL/project_reti_logiche/project_reti_logiche.srcs/sources_1/new/project_reti_logiche.vhd" Line 86
restart
INFO: [Simtcl 6-17] Simulation restarted
close_sim
INFO: [Simtcl 6-16] Simulation closed
launch_simulation
INFO: [USF-XSim-27] Simulation object is 'sim_1'
INFO: [USF-XSim-37] Inspecting design source files for 'tb2425' in fileset 'sim_1'...
INFO: [USF-XSim-97] Finding global include files...
INFO: [USF-XSim-98] Fetching design files from 'sim_1'...
INFO: [USF-XSim-2] XSim::Compile design
INFO: [USF-XSim-61] Executing 'COMPILE and ANALYZE' step in 'C:/Users/Nicky/Desktop/POLIMI/Corsi/ProveFinali/RL/project_reti_logiche/project_reti_logiche.sim/sim_1/behav'
"xvhdl -m64 --relax -prj tb2425_vhdl.prj"
INFO: [VRFC 10-163] Analyzing VHDL file "C:/Users/Nicky/Desktop/POLIMI/Corsi/ProveFinali/RL/project_reti_logiche/project_reti_logiche.srcs/sources_1/new/project_reti_logiche.vhd" into library xil_defaultlib
INFO: [VRFC 10-307] analyzing entity project_reti_logiche
INFO: [VRFC 10-163] Analyzing VHDL file "C:/Users/Nicky/Desktop/POLIMI/Corsi/ProveFinali/RL/TestBenches/tb2425.vhd" into library xil_defaultlib
INFO: [VRFC 10-307] analyzing entity tb2425
INFO: [USF-XSim-69] 'compile' step finished in '1' seconds
INFO: [USF-XSim-3] XSim::Elaborate design
INFO: [USF-XSim-61] Executing 'ELABORATE' step in 'C:/Users/Nicky/Desktop/POLIMI/Corsi/ProveFinali/RL/project_reti_logiche/project_reti_logiche.sim/sim_1/behav'
Vivado Simulator 2016.1
Copyright 1986-1999, 2001-2016 Xilinx, Inc. All Rights Reserved.
Running: C:/Xilinx/Vivado/2016.1/bin/unwrapped/win64.o/xelab.exe -wto 9834bc025fd847b1bbab452a078469d3 --debug typical --relax --mt 2 -L xil_defaultlib -L secureip --snapshot tb2425_behav xil_defaultlib.tb2425 -log elaborate.log 
Using 2 slave threads.
Starting static elaboration
Completed static elaboration
Starting simulation data flow analysis
Completed simulation data flow analysis
Time Resolution for simulation is 1ps
Compiling package std.standard
Compiling package ieee.std_logic_1164
Compiling package ieee.numeric_std
Compiling package std.textio
Compiling architecture behavioral of entity xil_defaultlib.project_reti_logiche [project_reti_logiche_default]
Compiling architecture project_tb_arch of entity xil_defaultlib.tb2425
Built simulation snapshot tb2425_behav

****** Webtalk v2016.1 (64-bit)
  **** SW Build 1538259 on Fri Apr  8 15:45:27 MDT 2016
  **** IP Build 1537824 on Fri Apr  8 04:28:57 MDT 2016
    ** Copyright 1986-2016 Xilinx, Inc. All Rights Reserved.

source C:/Users/Nicky/Desktop/POLIMI/Corsi/ProveFinali/RL/project_reti_logiche/project_reti_logiche.sim/sim_1/behav/xsim.dir/tb2425_behav/webtalk/xsim_webtalk.tcl -notrace
INFO: [Common 17-206] Exiting Webtalk at Tue Apr 08 10:41:00 2025...
run_program: Time (s): cpu = 00:00:01 ; elapsed = 00:00:07 . Memory (MB): peak = 846.625 ; gain = 0.000
INFO: [USF-XSim-69] 'elaborate' step finished in '7' seconds
INFO: [USF-XSim-4] XSim::Simulate design
INFO: [USF-XSim-61] Executing 'SIMULATE' step in 'C:/Users/Nicky/Desktop/POLIMI/Corsi/ProveFinali/RL/project_reti_logiche/project_reti_logiche.sim/sim_1/behav'
INFO: [USF-XSim-98] *** Running xsim
   with args "tb2425_behav -key {Behavioral:sim_1:Functional:tb2425} -tclbatch {tb2425.tcl} -log {simulate.log}"
INFO: [USF-XSim-8] Loading simulator feature
Vivado Simulator 2016.1
Time resolution is 1 ps
source tb2425.tcl
# set curr_wave [current_wave_config]
# if { [string length $curr_wave] == 0 } {
#   if { [llength [get_objects]] > 0} {
#     add_wave /
#     set_property needs_save false [current_wave_config]
#   } else {
#      send_msg_id Add_Wave-1 WARNING "No top level signals found. Simulator will start without a wave window. If you want to open a wave window go to 'File->New Waveform Configuration' or type 'create_wave_config' in the TCL console."
#   }
# }
WARNING: [Wavedata 42-489] Can't add object "/tb2425/RAM" to the wave window because it has 524288 bits, which exceeds the display limit of 65536 bits.  To change the display limit, use the command "set_property display_limit <new limit> [current_wave_config]".
# run 1000ns
INFO: [USF-XSim-96] XSim completed. Design snapshot 'tb2425_behav' loaded.
INFO: [USF-XSim-97] XSim simulation ran for 1000ns
launch_simulation: Time (s): cpu = 00:00:03 ; elapsed = 00:00:13 . Memory (MB): peak = 846.625 ; gain = 0.000
add_bp {C:/Users/Nicky/Desktop/POLIMI/Corsi/ProveFinali/RL/TestBenches/tb2425.vhd} 162
run all
Failure: TEST FALLITO @ OFFSET=41 expected= 11 actual=0
Time: 2981250 ns  Iteration: 0  Process: /tb2425/test_routine  File: C:/Users/Nicky/Desktop/POLIMI/Corsi/ProveFinali/RL/TestBenches/tb2425.vhd
$finish called at time : 2981250 ns : File "C:/Users/Nicky/Desktop/POLIMI/Corsi/ProveFinali/RL/TestBenches/tb2425.vhd" Line 197
restart
INFO: [Simtcl 6-17] Simulation restarted
run all
Stopped at time : 940 ns : File "C:/Users/Nicky/Desktop/POLIMI/Corsi/ProveFinali/RL/TestBenches/tb2425.vhd" Line 162
step
Stopped at time : 940 ns : File "C:/Users/Nicky/Desktop/POLIMI/Corsi/ProveFinali/RL/TestBenches/tb2425.vhd" Line 164
step
Stopped at time : 940 ns : File "C:/Users/Nicky/Desktop/POLIMI/Corsi/ProveFinali/RL/TestBenches/tb2425.vhd" Line 165
step
Stopped at time : 940 ns : File "C:/Users/Nicky/Desktop/POLIMI/Corsi/ProveFinali/RL/TestBenches/tb2425.vhd" Line 108
step
Stopped at time : 940 ns : File "C:/Users/Nicky/Desktop/POLIMI/Corsi/ProveFinali/RL/TestBenches/tb2425.vhd" Line 109
step
Stopped at time : 940 ns : File "C:/Users/Nicky/Desktop/POLIMI/Corsi/ProveFinali/RL/TestBenches/tb2425.vhd" Line 110
step
Stopped at time : 940 ns : File "C:/Users/Nicky/Desktop/POLIMI/Corsi/ProveFinali/RL/TestBenches/tb2425.vhd" Line 111
step
Stopped at time : 940 ns : File "C:/Users/Nicky/Desktop/POLIMI/Corsi/ProveFinali/RL/TestBenches/tb2425.vhd" Line 113
step
Stopped at time : 940 ns : File "C:/Users/Nicky/Desktop/POLIMI/Corsi/ProveFinali/RL/TestBenches/tb2425.vhd" Line 114
step
Stopped at time : 940 ns : File "C:/Users/Nicky/Desktop/POLIMI/Corsi/ProveFinali/RL/TestBenches/tb2425.vhd" Line 115
step
Stopped at time : 940 ns : File "C:/Users/Nicky/Desktop/POLIMI/Corsi/ProveFinali/RL/TestBenches/tb2425.vhd" Line 116
step
Stopped at time : 940 ns : File "C:/Users/Nicky/Desktop/POLIMI/Corsi/ProveFinali/RL/TestBenches/tb2425.vhd" Line 117
step
Stopped at time : 940 ns : File "C:/Users/Nicky/Desktop/POLIMI/Corsi/ProveFinali/RL/project_reti_logiche/project_reti_logiche.srcs/sources_1/new/project_reti_logiche.vhd" Line 86
step
Stopped at time : 940 ns : File "C:/Users/Nicky/Desktop/POLIMI/Corsi/ProveFinali/RL/project_reti_logiche/project_reti_logiche.srcs/sources_1/new/project_reti_logiche.vhd" Line 88
step
Stopped at time : 940 ns : File "C:/Users/Nicky/Desktop/POLIMI/Corsi/ProveFinali/RL/project_reti_logiche/project_reti_logiche.srcs/sources_1/new/project_reti_logiche.vhd" Line 90
step
Stopped at time : 940 ns : File "C:/Users/Nicky/Desktop/POLIMI/Corsi/ProveFinali/RL/project_reti_logiche/project_reti_logiche.srcs/sources_1/new/project_reti_logiche.vhd" Line 91
step
Stopped at time : 940 ns : File "C:/Users/Nicky/Desktop/POLIMI/Corsi/ProveFinali/RL/TestBenches/tb2425.vhd" Line 190
step
Stopped at time : 940 ns : File "C:/Users/Nicky/Desktop/POLIMI/Corsi/ProveFinali/RL/TestBenches/tb2425.vhd" Line 191
step
Stopped at time : 950 ns : File "C:/Users/Nicky/Desktop/POLIMI/Corsi/ProveFinali/RL/project_reti_logiche/project_reti_logiche.srcs/sources_1/new/project_reti_logiche.vhd" Line 75
step
Stopped at time : 950 ns : File "C:/Users/Nicky/Desktop/POLIMI/Corsi/ProveFinali/RL/project_reti_logiche/project_reti_logiche.srcs/sources_1/new/project_reti_logiche.vhd" Line 77
step
Stopped at time : 950 ns : File "C:/Users/Nicky/Desktop/POLIMI/Corsi/ProveFinali/RL/project_reti_logiche/project_reti_logiche.srcs/sources_1/new/project_reti_logiche.vhd" Line 78
step
Stopped at time : 950 ns : File "C:/Users/Nicky/Desktop/POLIMI/Corsi/ProveFinali/RL/project_reti_logiche/project_reti_logiche.srcs/sources_1/new/project_reti_logiche.vhd" Line 135
step
Stopped at time : 950 ns : File "C:/Users/Nicky/Desktop/POLIMI/Corsi/ProveFinali/RL/project_reti_logiche/project_reti_logiche.srcs/sources_1/new/project_reti_logiche.vhd" Line 162
step
Stopped at time : 950 ns : File "C:/Users/Nicky/Desktop/POLIMI/Corsi/ProveFinali/RL/project_reti_logiche/project_reti_logiche.srcs/sources_1/new/project_reti_logiche.vhd" Line 164
step
Stopped at time : 950 ns : File "C:/Users/Nicky/Desktop/POLIMI/Corsi/ProveFinali/RL/project_reti_logiche/project_reti_logiche.srcs/sources_1/new/project_reti_logiche.vhd" Line 165
step
Stopped at time : 950 ns : File "C:/Users/Nicky/Desktop/POLIMI/Corsi/ProveFinali/RL/project_reti_logiche/project_reti_logiche.srcs/sources_1/new/project_reti_logiche.vhd" Line 167
step
Stopped at time : 950 ns : File "C:/Users/Nicky/Desktop/POLIMI/Corsi/ProveFinali/RL/project_reti_logiche/project_reti_logiche.srcs/sources_1/new/project_reti_logiche.vhd" Line 170
step
Stopped at time : 950 ns : File "C:/Users/Nicky/Desktop/POLIMI/Corsi/ProveFinali/RL/project_reti_logiche/project_reti_logiche.srcs/sources_1/new/project_reti_logiche.vhd" Line 171
step
Stopped at time : 950 ns : File "C:/Users/Nicky/Desktop/POLIMI/Corsi/ProveFinali/RL/project_reti_logiche/project_reti_logiche.srcs/sources_1/new/project_reti_logiche.vhd" Line 172
step
Stopped at time : 950 ns : File "C:/Users/Nicky/Desktop/POLIMI/Corsi/ProveFinali/RL/project_reti_logiche/project_reti_logiche.srcs/sources_1/new/project_reti_logiche.vhd" Line 173
step
Stopped at time : 950 ns : File "C:/Users/Nicky/Desktop/POLIMI/Corsi/ProveFinali/RL/project_reti_logiche/project_reti_logiche.srcs/sources_1/new/project_reti_logiche.vhd" Line 174
step
Stopped at time : 950 ns : File "C:/Users/Nicky/Desktop/POLIMI/Corsi/ProveFinali/RL/project_reti_logiche/project_reti_logiche.srcs/sources_1/new/project_reti_logiche.vhd" Line 175
step
Stopped at time : 950 ns : File "C:/Users/Nicky/Desktop/POLIMI/Corsi/ProveFinali/RL/TestBenches/tb2425.vhd" Line 84
step
Stopped at time : 950 ns : File "C:/Users/Nicky/Desktop/POLIMI/Corsi/ProveFinali/RL/TestBenches/tb2425.vhd" Line 89
step
Stopped at time : 950 ns : File "C:/Users/Nicky/Desktop/POLIMI/Corsi/ProveFinali/RL/TestBenches/tb2425.vhd" Line 90
step
Stopped at time : 950 ns : File "C:/Users/Nicky/Desktop/POLIMI/Corsi/ProveFinali/RL/TestBenches/tb2425.vhd" Line 165
step
Stopped at time : 950 ns : File "C:/Users/Nicky/Desktop/POLIMI/Corsi/ProveFinali/RL/TestBenches/tb2425.vhd" Line 191
step
Stopped at time : 950 ns : File "C:/Users/Nicky/Desktop/POLIMI/Corsi/ProveFinali/RL/project_reti_logiche/project_reti_logiche.srcs/sources_1/new/project_reti_logiche.vhd" Line 86
step
Stopped at time : 950 ns : File "C:/Users/Nicky/Desktop/POLIMI/Corsi/ProveFinali/RL/project_reti_logiche/project_reti_logiche.srcs/sources_1/new/project_reti_logiche.vhd" Line 88
step
Stopped at time : 950 ns : File "C:/Users/Nicky/Desktop/POLIMI/Corsi/ProveFinali/RL/project_reti_logiche/project_reti_logiche.srcs/sources_1/new/project_reti_logiche.vhd" Line 95
step
Stopped at time : 950 ns : File "C:/Users/Nicky/Desktop/POLIMI/Corsi/ProveFinali/RL/TestBenches/tb2425.vhd" Line 108
step
Stopped at time : 950 ns : File "C:/Users/Nicky/Desktop/POLIMI/Corsi/ProveFinali/RL/TestBenches/tb2425.vhd" Line 109
step
Stopped at time : 950 ns : File "C:/Users/Nicky/Desktop/POLIMI/Corsi/ProveFinali/RL/TestBenches/tb2425.vhd" Line 110
step
Stopped at time : 950 ns : File "C:/Users/Nicky/Desktop/POLIMI/Corsi/ProveFinali/RL/TestBenches/tb2425.vhd" Line 111
step
Stopped at time : 950 ns : File "C:/Users/Nicky/Desktop/POLIMI/Corsi/ProveFinali/RL/TestBenches/tb2425.vhd" Line 113
step
Stopped at time : 950 ns : File "C:/Users/Nicky/Desktop/POLIMI/Corsi/ProveFinali/RL/TestBenches/tb2425.vhd" Line 114
step
Stopped at time : 950 ns : File "C:/Users/Nicky/Desktop/POLIMI/Corsi/ProveFinali/RL/TestBenches/tb2425.vhd" Line 115
step
Stopped at time : 950 ns : File "C:/Users/Nicky/Desktop/POLIMI/Corsi/ProveFinali/RL/TestBenches/tb2425.vhd" Line 116
step
Stopped at time : 950 ns : File "C:/Users/Nicky/Desktop/POLIMI/Corsi/ProveFinali/RL/TestBenches/tb2425.vhd" Line 117
step
Stopped at time : 960 ns : File "C:/Users/Nicky/Desktop/POLIMI/Corsi/ProveFinali/RL/project_reti_logiche/project_reti_logiche.srcs/sources_1/new/project_reti_logiche.vhd" Line 75
step
Stopped at time : 960 ns : File "C:/Users/Nicky/Desktop/POLIMI/Corsi/ProveFinali/RL/project_reti_logiche/project_reti_logiche.srcs/sources_1/new/project_reti_logiche.vhd" Line 77
step
Stopped at time : 960 ns : File "C:/Users/Nicky/Desktop/POLIMI/Corsi/ProveFinali/RL/project_reti_logiche/project_reti_logiche.srcs/sources_1/new/project_reti_logiche.vhd" Line 135
step
Stopped at time : 960 ns : File "C:/Users/Nicky/Desktop/POLIMI/Corsi/ProveFinali/RL/project_reti_logiche/project_reti_logiche.srcs/sources_1/new/project_reti_logiche.vhd" Line 162
step
Stopped at time : 960 ns : File "C:/Users/Nicky/Desktop/POLIMI/Corsi/ProveFinali/RL/TestBenches/tb2425.vhd" Line 84
step
Stopped at time : 960 ns : File "C:/Users/Nicky/Desktop/POLIMI/Corsi/ProveFinali/RL/TestBenches/tb2425.vhd" Line 89
step
Stopped at time : 970 ns : File "C:/Users/Nicky/Desktop/POLIMI/Corsi/ProveFinali/RL/project_reti_logiche/project_reti_logiche.srcs/sources_1/new/project_reti_logiche.vhd" Line 75
step
Stopped at time : 970 ns : File "C:/Users/Nicky/Desktop/POLIMI/Corsi/ProveFinali/RL/project_reti_logiche/project_reti_logiche.srcs/sources_1/new/project_reti_logiche.vhd" Line 77
step
Stopped at time : 970 ns : File "C:/Users/Nicky/Desktop/POLIMI/Corsi/ProveFinali/RL/project_reti_logiche/project_reti_logiche.srcs/sources_1/new/project_reti_logiche.vhd" Line 78
step
Stopped at time : 970 ns : File "C:/Users/Nicky/Desktop/POLIMI/Corsi/ProveFinali/RL/project_reti_logiche/project_reti_logiche.srcs/sources_1/new/project_reti_logiche.vhd" Line 135
step
Stopped at time : 970 ns : File "C:/Users/Nicky/Desktop/POLIMI/Corsi/ProveFinali/RL/project_reti_logiche/project_reti_logiche.srcs/sources_1/new/project_reti_logiche.vhd" Line 162
step
Stopped at time : 970 ns : File "C:/Users/Nicky/Desktop/POLIMI/Corsi/ProveFinali/RL/project_reti_logiche/project_reti_logiche.srcs/sources_1/new/project_reti_logiche.vhd" Line 164
step
Stopped at time : 970 ns : File "C:/Users/Nicky/Desktop/POLIMI/Corsi/ProveFinali/RL/project_reti_logiche/project_reti_logiche.srcs/sources_1/new/project_reti_logiche.vhd" Line 165
step
Stopped at time : 970 ns : File "C:/Users/Nicky/Desktop/POLIMI/Corsi/ProveFinali/RL/project_reti_logiche/project_reti_logiche.srcs/sources_1/new/project_reti_logiche.vhd" Line 167
step
Stopped at time : 970 ns : File "C:/Users/Nicky/Desktop/POLIMI/Corsi/ProveFinali/RL/project_reti_logiche/project_reti_logiche.srcs/sources_1/new/project_reti_logiche.vhd" Line 180
step
Stopped at time : 970 ns : File "C:/Users/Nicky/Desktop/POLIMI/Corsi/ProveFinali/RL/project_reti_logiche/project_reti_logiche.srcs/sources_1/new/project_reti_logiche.vhd" Line 181
step
Stopped at time : 970 ns : File "C:/Users/Nicky/Desktop/POLIMI/Corsi/ProveFinali/RL/project_reti_logiche/project_reti_logiche.srcs/sources_1/new/project_reti_logiche.vhd" Line 182
step
Stopped at time : 970 ns : File "C:/Users/Nicky/Desktop/POLIMI/Corsi/ProveFinali/RL/project_reti_logiche/project_reti_logiche.srcs/sources_1/new/project_reti_logiche.vhd" Line 183
step
Stopped at time : 970 ns : File "C:/Users/Nicky/Desktop/POLIMI/Corsi/ProveFinali/RL/TestBenches/tb2425.vhd" Line 84
step
Stopped at time : 970 ns : File "C:/Users/Nicky/Desktop/POLIMI/Corsi/ProveFinali/RL/TestBenches/tb2425.vhd" Line 89
step
Stopped at time : 970 ns : File "C:/Users/Nicky/Desktop/POLIMI/Corsi/ProveFinali/RL/TestBenches/tb2425.vhd" Line 90
step
Stopped at time : 970 ns : File "C:/Users/Nicky/Desktop/POLIMI/Corsi/ProveFinali/RL/TestBenches/tb2425.vhd" Line 91
step
Stopped at time : 970 ns : File "C:/Users/Nicky/Desktop/POLIMI/Corsi/ProveFinali/RL/TestBenches/tb2425.vhd" Line 95
step
Stopped at time : 970 ns : File "C:/Users/Nicky/Desktop/POLIMI/Corsi/ProveFinali/RL/TestBenches/tb2425.vhd" Line 165
step
Stopped at time : 970 ns : File "C:/Users/Nicky/Desktop/POLIMI/Corsi/ProveFinali/RL/TestBenches/tb2425.vhd" Line 191
step
Stopped at time : 970 ns : File "C:/Users/Nicky/Desktop/POLIMI/Corsi/ProveFinali/RL/project_reti_logiche/project_reti_logiche.srcs/sources_1/new/project_reti_logiche.vhd" Line 86
step
Stopped at time : 970 ns : File "C:/Users/Nicky/Desktop/POLIMI/Corsi/ProveFinali/RL/project_reti_logiche/project_reti_logiche.srcs/sources_1/new/project_reti_logiche.vhd" Line 88
step
Stopped at time : 970 ns : File "C:/Users/Nicky/Desktop/POLIMI/Corsi/ProveFinali/RL/project_reti_logiche/project_reti_logiche.srcs/sources_1/new/project_reti_logiche.vhd" Line 98
step
Stopped at time : 970 ns : File "C:/Users/Nicky/Desktop/POLIMI/Corsi/ProveFinali/RL/TestBenches/tb2425.vhd" Line 108
step
Stopped at time : 970 ns : File "C:/Users/Nicky/Desktop/POLIMI/Corsi/ProveFinali/RL/TestBenches/tb2425.vhd" Line 109
step
Stopped at time : 970 ns : File "C:/Users/Nicky/Desktop/POLIMI/Corsi/ProveFinali/RL/TestBenches/tb2425.vhd" Line 110
step
Stopped at time : 970 ns : File "C:/Users/Nicky/Desktop/POLIMI/Corsi/ProveFinali/RL/TestBenches/tb2425.vhd" Line 111
step
Stopped at time : 970 ns : File "C:/Users/Nicky/Desktop/POLIMI/Corsi/ProveFinali/RL/TestBenches/tb2425.vhd" Line 113
step
Stopped at time : 970 ns : File "C:/Users/Nicky/Desktop/POLIMI/Corsi/ProveFinali/RL/TestBenches/tb2425.vhd" Line 114
step
Stopped at time : 970 ns : File "C:/Users/Nicky/Desktop/POLIMI/Corsi/ProveFinali/RL/TestBenches/tb2425.vhd" Line 115
step
Stopped at time : 970 ns : File "C:/Users/Nicky/Desktop/POLIMI/Corsi/ProveFinali/RL/TestBenches/tb2425.vhd" Line 116
step
Stopped at time : 970 ns : File "C:/Users/Nicky/Desktop/POLIMI/Corsi/ProveFinali/RL/TestBenches/tb2425.vhd" Line 117
step
Stopped at time : 980 ns : File "C:/Users/Nicky/Desktop/POLIMI/Corsi/ProveFinali/RL/project_reti_logiche/project_reti_logiche.srcs/sources_1/new/project_reti_logiche.vhd" Line 75
step
Stopped at time : 980 ns : File "C:/Users/Nicky/Desktop/POLIMI/Corsi/ProveFinali/RL/project_reti_logiche/project_reti_logiche.srcs/sources_1/new/project_reti_logiche.vhd" Line 77
step
Stopped at time : 980 ns : File "C:/Users/Nicky/Desktop/POLIMI/Corsi/ProveFinali/RL/project_reti_logiche/project_reti_logiche.srcs/sources_1/new/project_reti_logiche.vhd" Line 135
close_sim
INFO: [Simtcl 6-16] Simulation closed
launch_simulation
INFO: [USF-XSim-27] Simulation object is 'sim_1'
INFO: [USF-XSim-37] Inspecting design source files for 'tb2425' in fileset 'sim_1'...
INFO: [USF-XSim-97] Finding global include files...
INFO: [USF-XSim-98] Fetching design files from 'sim_1'...
INFO: [USF-XSim-2] XSim::Compile design
INFO: [USF-XSim-61] Executing 'COMPILE and ANALYZE' step in 'C:/Users/Nicky/Desktop/POLIMI/Corsi/ProveFinali/RL/project_reti_logiche/project_reti_logiche.sim/sim_1/behav'
"xvhdl -m64 --relax -prj tb2425_vhdl.prj"
INFO: [VRFC 10-163] Analyzing VHDL file "C:/Users/Nicky/Desktop/POLIMI/Corsi/ProveFinali/RL/project_reti_logiche/project_reti_logiche.srcs/sources_1/new/project_reti_logiche.vhd" into library xil_defaultlib
INFO: [VRFC 10-307] analyzing entity project_reti_logiche
INFO: [VRFC 10-163] Analyzing VHDL file "C:/Users/Nicky/Desktop/POLIMI/Corsi/ProveFinali/RL/TestBenches/tb2425.vhd" into library xil_defaultlib
INFO: [VRFC 10-307] analyzing entity tb2425
INFO: [USF-XSim-69] 'compile' step finished in '1' seconds
INFO: [USF-XSim-3] XSim::Elaborate design
INFO: [USF-XSim-61] Executing 'ELABORATE' step in 'C:/Users/Nicky/Desktop/POLIMI/Corsi/ProveFinali/RL/project_reti_logiche/project_reti_logiche.sim/sim_1/behav'
Vivado Simulator 2016.1
Copyright 1986-1999, 2001-2016 Xilinx, Inc. All Rights Reserved.
Running: C:/Xilinx/Vivado/2016.1/bin/unwrapped/win64.o/xelab.exe -wto 9834bc025fd847b1bbab452a078469d3 --debug typical --relax --mt 2 -L xil_defaultlib -L secureip --snapshot tb2425_behav xil_defaultlib.tb2425 -log elaborate.log 
Using 2 slave threads.
Starting static elaboration
Completed static elaboration
Starting simulation data flow analysis
Completed simulation data flow analysis
Time Resolution for simulation is 1ps
Compiling package std.standard
Compiling package ieee.std_logic_1164
Compiling package ieee.numeric_std
Compiling package std.textio
Compiling architecture behavioral of entity xil_defaultlib.project_reti_logiche [project_reti_logiche_default]
Compiling architecture project_tb_arch of entity xil_defaultlib.tb2425
Built simulation snapshot tb2425_behav

****** Webtalk v2016.1 (64-bit)
  **** SW Build 1538259 on Fri Apr  8 15:45:27 MDT 2016
  **** IP Build 1537824 on Fri Apr  8 04:28:57 MDT 2016
    ** Copyright 1986-2016 Xilinx, Inc. All Rights Reserved.

source C:/Users/Nicky/Desktop/POLIMI/Corsi/ProveFinali/RL/project_reti_logiche/project_reti_logiche.sim/sim_1/behav/xsim.dir/tb2425_behav/webtalk/xsim_webtalk.tcl -notrace
INFO: [Common 17-206] Exiting Webtalk at Tue Apr 08 10:57:20 2025...
run_program: Time (s): cpu = 00:00:00 ; elapsed = 00:00:07 . Memory (MB): peak = 846.625 ; gain = 0.000
INFO: [USF-XSim-69] 'elaborate' step finished in '7' seconds
INFO: [USF-XSim-4] XSim::Simulate design
INFO: [USF-XSim-61] Executing 'SIMULATE' step in 'C:/Users/Nicky/Desktop/POLIMI/Corsi/ProveFinali/RL/project_reti_logiche/project_reti_logiche.sim/sim_1/behav'
INFO: [USF-XSim-98] *** Running xsim
   with args "tb2425_behav -key {Behavioral:sim_1:Functional:tb2425} -tclbatch {tb2425.tcl} -log {simulate.log}"
INFO: [USF-XSim-8] Loading simulator feature
Vivado Simulator 2016.1
Time resolution is 1 ps
source tb2425.tcl
# set curr_wave [current_wave_config]
# if { [string length $curr_wave] == 0 } {
#   if { [llength [get_objects]] > 0} {
#     add_wave /
#     set_property needs_save false [current_wave_config]
#   } else {
#      send_msg_id Add_Wave-1 WARNING "No top level signals found. Simulator will start without a wave window. If you want to open a wave window go to 'File->New Waveform Configuration' or type 'create_wave_config' in the TCL console."
#   }
# }
WARNING: [Wavedata 42-489] Can't add object "/tb2425/RAM" to the wave window because it has 524288 bits, which exceeds the display limit of 65536 bits.  To change the display limit, use the command "set_property display_limit <new limit> [current_wave_config]".
# run 1000ns
INFO: [USF-XSim-96] XSim completed. Design snapshot 'tb2425_behav' loaded.
INFO: [USF-XSim-97] XSim simulation ran for 1000ns
launch_simulation: Time (s): cpu = 00:00:03 ; elapsed = 00:00:11 . Memory (MB): peak = 846.625 ; gain = 0.000
add_bp {C:/Users/Nicky/Desktop/POLIMI/Corsi/ProveFinali/RL/project_reti_logiche/project_reti_logiche.srcs/sources_1/new/project_reti_logiche.vhd} 180
run all
Failure: TEST FALLITO o_mem_en !=0 memory should not be written after done.
Time: 2981250 ns  Iteration: 0  Process: /tb2425/test_routine  File: C:/Users/Nicky/Desktop/POLIMI/Corsi/ProveFinali/RL/TestBenches/tb2425.vhd
$finish called at time : 2981250 ns : File "C:/Users/Nicky/Desktop/POLIMI/Corsi/ProveFinali/RL/TestBenches/tb2425.vhd" Line 194
restart
INFO: [Simtcl 6-17] Simulation restarted
run all
Stopped at time : 970 ns : File "C:/Users/Nicky/Desktop/POLIMI/Corsi/ProveFinali/RL/project_reti_logiche/project_reti_logiche.srcs/sources_1/new/project_reti_logiche.vhd" Line 180
run all
Failure: TEST FALLITO o_mem_en !=0 memory should not be written after done.
Time: 2981250 ns  Iteration: 0  Process: /tb2425/test_routine  File: C:/Users/Nicky/Desktop/POLIMI/Corsi/ProveFinali/RL/TestBenches/tb2425.vhd
$finish called at time : 2981250 ns : File "C:/Users/Nicky/Desktop/POLIMI/Corsi/ProveFinali/RL/TestBenches/tb2425.vhd" Line 194
remove_bps -file {C:/Users/Nicky/Desktop/POLIMI/Corsi/ProveFinali/RL/project_reti_logiche/project_reti_logiche.srcs/sources_1/new/project_reti_logiche.vhd} -line 180
synth_design -rtl -name rtl_1
Command: synth_design -rtl -name rtl_1
Starting synth_design
Using part: xc7k70tfbv676-1
Top: project_reti_logiche
---------------------------------------------------------------------------------
Starting RTL Elaboration : Time (s): cpu = 00:05:19 ; elapsed = 01:10:12 . Memory (MB): peak = 881.660 ; gain = 674.551
---------------------------------------------------------------------------------
INFO: [Synth 8-638] synthesizing module 'project_reti_logiche' [C:/Users/Nicky/Desktop/POLIMI/Corsi/ProveFinali/RL/project_reti_logiche/project_reti_logiche.srcs/sources_1/new/project_reti_logiche.vhd:31]
